<?xml version="1.0" encoding="UTF-8"?>
<testsuites name="GrandShowcase-TSC" time="138.772" tests="2" failures="0" errors="0">
   <testsuite name="M2U part1" tests="1" failures="0" errors="0" time="123.867" skipped="0" timestamp="2023-11-06 23:35:41" hostname="mosaj - 192.168.100.14" id="Test Suites/Grand Showcase/M2U part1">
      <properties>
         <property name="deviceName" value=""/>
         <property name="devicePlatform" value=""/>
         <property name="logFolder" value="/Users/mosaj/Documents/GitHub/MAE-M2U-TestCloud/Reports/20231106_233509/Grand Showcase/M2U part1/20231106_233516"/>
         <property name="logFiles" value="/Users/mosaj/Documents/GitHub/MAE-M2U-TestCloud/Reports/20231106_233509/Grand Showcase/M2U part1/20231106_233516/execution0.log"/>
         <property name="attachments" value="/Users/mosaj/Documents/GitHub/MAE-M2U-TestCloud/Reports/20231106_233509/Grand Showcase/M2U part1/20231106_233516/1699284977941.png, /Users/mosaj/Documents/GitHub/MAE-M2U-TestCloud/Reports/20231106_233509/Grand Showcase/M2U part1/20231106_233516/1699284982939.png, /Users/mosaj/Documents/GitHub/MAE-M2U-TestCloud/Reports/20231106_233509/Grand Showcase/M2U part1/20231106_233516/1699284993977.png, /Users/mosaj/Documents/GitHub/MAE-M2U-TestCloud/Reports/20231106_233509/Grand Showcase/M2U part1/20231106_233516/1699285009304.png, /Users/mosaj/Documents/GitHub/MAE-M2U-TestCloud/Reports/20231106_233509/Grand Showcase/M2U part1/20231106_233516/1699285015312.png, /Users/mosaj/Documents/GitHub/MAE-M2U-TestCloud/Reports/20231106_233509/Grand Showcase/M2U part1/20231106_233516/1699285021993.png, /Users/mosaj/Documents/GitHub/MAE-M2U-TestCloud/Reports/20231106_233509/Grand Showcase/M2U part1/20231106_233516/1699285024468.png, /Users/mosaj/Documents/GitHub/MAE-M2U-TestCloud/Reports/20231106_233509/Grand Showcase/M2U part1/20231106_233516/1699285057229.png, /Users/mosaj/Documents/GitHub/MAE-M2U-TestCloud/Reports/20231106_233509/Grand Showcase/M2U part1/20231106_233516/1699285061860.png, /Users/mosaj/Documents/GitHub/MAE-M2U-TestCloud/Reports/20231106_233509/Grand Showcase/M2U part1/20231106_233516/1699285064354.png"/>
         <property name="hostName" value="mosaj - 192.168.100.14"/>
         <property name="os" value="Mac OS X 64bit"/>
         <property name="katalonVersion" value="8.6.6.208"/>
         <property name="browser" value="Chrome 119.0.0.0"/>
         <property name="hostAddress" value="192.168.100.14"/>
         <property name="sessionId" value="8d3b74022bda729b2097cd7ccd23df95"/>
         <property name="seleniumVersion" value="3.141.59"/>
         <property name="proxyInformation" value="ProxyInformation { proxyOption=NO_PROXY, proxyServerType=HTTP, username=, password=********, proxyServerAddress=, proxyServerPort=0, executionList=&quot;&quot;, isApplyToDesiredCapabilities=true }"/>
         <property name="platform" value="Mac OS X"/>
      </properties>
      <testcase name="Test Cases/Grand Showcase/M2U" time="122.864" classname="Test Cases/Grand Showcase/M2U" status="PASSED">
         <system-out><![CDATA[2023-11-06 23:35:42 - [TEST_CASE][PASSED] - Test Cases/Grand Showcase/M2U: Test Cases/Grand Showcase/M2U

2023-11-06 23:35:44 - [TEST_STEP][PASSED] - openBrowser(""): Browser is opened with url: ''

2023-11-06 23:35:45 - [MESSAGE][INFO] - Starting 'Chrome' driver

2023-11-06 23:35:45 - [MESSAGE][INFO] - Action delay is set to 0 milliseconds

2023-11-06 23:36:06 - [MESSAGE][PASSED] - Browser is opened with url: ''

2023-11-06 23:36:06 - [TEST_STEP][PASSED] - navigateToUrl("https://m2umobilesit.maybank.com.my/cgi-bin/bvAT4UI1/m2u/common/login.do"): Navigate to 'https://m2umobilesit.maybank.com.my/cgi-bin/bvAT4UI1/m2u/common/login.do' successfully

2023-11-06 23:36:14 - [MESSAGE][PASSED] - Navigate to 'https://m2umobilesit.maybank.com.my/cgi-bin/bvAT4UI1/m2u/common/login.do' successfully

2023-11-06 23:36:14 - [TEST_STEP][NOT_RUN] - maximizeWindow(): NOT_RUN: maximizeWindow()

2023-11-06 23:36:14 - [MESSAGE][NOT_RUN] - NOT_RUN: maximizeWindow()

2023-11-06 23:36:14 - [TEST_STEP][PASSED] - takeScreenshot(CONTINUE_ON_FAILURE): Taking screenshot successfully

2023-11-06 23:36:18 - [MESSAGE][PASSED] - Taking screenshot successfully
[[ATTACHMENT|/Users/mosaj/Documents/GitHub/MAE-M2U-TestCloud/Reports/20231106_233509/Grand Showcase/M2U part1/20231106_233516/1699284977941.png]]

2023-11-06 23:36:18 - [TEST_STEP][PASSED] - setText(findTestObject("Object Repository/showcaseNov2023/Page_Maybank2u  Maybank Malaysia/input_Humanising Financial Services_username"), "samuat05"): Text 'samuat05' is set on object 'Object Repository/showcaseNov2023/Page_Maybank2u  Maybank Malaysia/input_Humanising Financial Services_username'

2023-11-06 23:36:20 - [MESSAGE][PASSED] - Text 'samuat05' is set on object 'Object Repository/showcaseNov2023/Page_Maybank2u  Maybank Malaysia/input_Humanising Financial Services_username'

2023-11-06 23:36:20 - [TEST_STEP][PASSED] - click(findTestObject("Object Repository/showcaseNov2023/Page_Maybank2u  Maybank Malaysia/span_LOGIN")): Object: 'Object Repository/showcaseNov2023/Page_Maybank2u  Maybank Malaysia/span_LOGIN' is clicked on

2023-11-06 23:36:21 - [MESSAGE][PASSED] - Object: 'Object Repository/showcaseNov2023/Page_Maybank2u  Maybank Malaysia/span_LOGIN' is clicked on

2023-11-06 23:36:21 - [TEST_STEP][PASSED] - getText(findTestObject("Object Repository/showcaseNov2023/Page_Maybank2u  Maybank Malaysia/p_Is your security phrasepass1234")): Text of object 'Object Repository/showcaseNov2023/Page_Maybank2u  Maybank Malaysia/p_Is your security phrasepass1234' is: 'Is your security phrasepass1234?'

2023-11-06 23:36:22 - [MESSAGE][PASSED] - Text of object 'Object Repository/showcaseNov2023/Page_Maybank2u  Maybank Malaysia/p_Is your security phrasepass1234' is: 'Is your security phrasepass1234?'

2023-11-06 23:36:22 - [TEST_STEP][PASSED] - takeScreenshot(CONTINUE_ON_FAILURE): Taking screenshot successfully

2023-11-06 23:36:23 - [MESSAGE][PASSED] - Taking screenshot successfully
[[ATTACHMENT|/Users/mosaj/Documents/GitHub/MAE-M2U-TestCloud/Reports/20231106_233509/Grand Showcase/M2U part1/20231106_233516/1699284982939.png]]

2023-11-06 23:36:23 - [TEST_STEP][PASSED] - click(findTestObject("Object Repository/showcaseNov2023/Page_Maybank2u  Maybank Malaysia/span_pass1234")): Object: 'Object Repository/showcaseNov2023/Page_Maybank2u  Maybank Malaysia/span_pass1234' is clicked on

2023-11-06 23:36:24 - [MESSAGE][PASSED] - Object: 'Object Repository/showcaseNov2023/Page_Maybank2u  Maybank Malaysia/span_pass1234' is clicked on

2023-11-06 23:36:24 - [TEST_STEP][PASSED] - click(findTestObject("Object Repository/showcaseNov2023/Page_Maybank2u  Maybank Malaysia/button_YES")): Object: 'Object Repository/showcaseNov2023/Page_Maybank2u  Maybank Malaysia/button_YES' is clicked on

2023-11-06 23:36:24 - [MESSAGE][PASSED] - Object: 'Object Repository/showcaseNov2023/Page_Maybank2u  Maybank Malaysia/button_YES' is clicked on

2023-11-06 23:36:24 - [TEST_STEP][PASSED] - setText(findTestObject("Object Repository/showcaseNov2023/Page_Maybank2u  Maybank Malaysia/input_Hello_my-password-input"), "Maybank@1"): Text 'Maybank@1' is set on object 'Object Repository/showcaseNov2023/Page_Maybank2u  Maybank Malaysia/input_Hello_my-password-input'

2023-11-06 23:36:25 - [MESSAGE][PASSED] - Text 'Maybank@1' is set on object 'Object Repository/showcaseNov2023/Page_Maybank2u  Maybank Malaysia/input_Hello_my-password-input'

2023-11-06 23:36:25 - [TEST_STEP][PASSED] - click(findTestObject("Object Repository/showcaseNov2023/Page_Maybank2u  Maybank Malaysia/span_LOGIN")): Object: 'Object Repository/showcaseNov2023/Page_Maybank2u  Maybank Malaysia/span_LOGIN' is clicked on

2023-11-06 23:36:26 - [MESSAGE][PASSED] - Object: 'Object Repository/showcaseNov2023/Page_Maybank2u  Maybank Malaysia/span_LOGIN' is clicked on

2023-11-06 23:36:26 - [TEST_STEP][PASSED] - getText(findTestObject("Object Repository/showcaseNov2023/Page_Maybank2u  Maybank Malaysia/a_PAY  TRANSFER")): Text of object 'Object Repository/showcaseNov2023/Page_Maybank2u  Maybank Malaysia/a_PAY  TRANSFER' is: 'PAY & TRANSFER'

2023-11-06 23:36:30 - [MESSAGE][PASSED] - Text of object 'Object Repository/showcaseNov2023/Page_Maybank2u  Maybank Malaysia/a_PAY  TRANSFER' is: 'PAY & TRANSFER'

2023-11-06 23:36:30 - [TEST_STEP][PASSED] - takeScreenshot(CONTINUE_ON_FAILURE): Taking screenshot successfully

2023-11-06 23:36:34 - [MESSAGE][PASSED] - Taking screenshot successfully
[[ATTACHMENT|/Users/mosaj/Documents/GitHub/MAE-M2U-TestCloud/Reports/20231106_233509/Grand Showcase/M2U part1/20231106_233516/1699284993977.png]]

2023-11-06 23:36:34 - [TEST_STEP][PASSED] - delay(2): Delayed 2 second(s)

2023-11-06 23:36:36 - [MESSAGE][PASSED] - Delayed 2 second(s)

2023-11-06 23:36:36 - [TEST_STEP][PASSED] - click(findTestObject("Object Repository/showcaseNov2023/Page_Maybank2u  Maybank Malaysia/a_PAY  TRANSFER")): Object: 'Object Repository/showcaseNov2023/Page_Maybank2u  Maybank Malaysia/a_PAY  TRANSFER' is clicked on

2023-11-06 23:36:36 - [MESSAGE][PASSED] - Object: 'Object Repository/showcaseNov2023/Page_Maybank2u  Maybank Malaysia/a_PAY  TRANSFER' is clicked on

2023-11-06 23:36:36 - [TEST_STEP][PASSED] - click(findTestObject("Object Repository/showcaseNov2023/Page_Maybank2u  Maybank Malaysia/span_x")): Object: 'Object Repository/showcaseNov2023/Page_Maybank2u  Maybank Malaysia/span_x' is clicked on

2023-11-06 23:36:38 - [MESSAGE][PASSED] - Object: 'Object Repository/showcaseNov2023/Page_Maybank2u  Maybank Malaysia/span_x' is clicked on

2023-11-06 23:36:38 - [TEST_STEP][PASSED] - delay(2): Delayed 2 second(s)

2023-11-06 23:36:40 - [MESSAGE][PASSED] - Delayed 2 second(s)

2023-11-06 23:36:40 - [TEST_STEP][PASSED] - click(findTestObject("Object Repository/showcaseNov2023/Page_Maybank2u  Maybank Malaysia/div_TRANSFER")): Object: 'Object Repository/showcaseNov2023/Page_Maybank2u  Maybank Malaysia/div_TRANSFER' is clicked on

2023-11-06 23:36:41 - [MESSAGE][PASSED] - Object: 'Object Repository/showcaseNov2023/Page_Maybank2u  Maybank Malaysia/div_TRANSFER' is clicked on

2023-11-06 23:36:41 - [TEST_STEP][PASSED] - click(findTestObject("Object Repository/showcaseNov2023/Page_Maybank2u  Maybank Malaysia/div_Own Accounts")): Object: 'Object Repository/showcaseNov2023/Page_Maybank2u  Maybank Malaysia/div_Own Accounts' is clicked on

2023-11-06 23:36:41 - [MESSAGE][PASSED] - Object: 'Object Repository/showcaseNov2023/Page_Maybank2u  Maybank Malaysia/div_Own Accounts' is clicked on

2023-11-06 23:36:41 - [TEST_STEP][NOT_RUN] - click(findTestObject("Object Repository/showcaseNov2023/Page_Maybank2u  Maybank Malaysia/a_PAY  TRANSFER")): NOT_RUN: click(findTestObject("Object Repository/showcaseNov2023/Page_Maybank2u  Maybank Malaysia/a_PAY  TRANSFER"))

2023-11-06 23:36:41 - [MESSAGE][NOT_RUN] - NOT_RUN: click(findTestObject("Object Repository/showcaseNov2023/Page_Maybank2u  Maybank Malaysia/a_PAY  TRANSFER"))

2023-11-06 23:36:41 - [TEST_STEP][PASSED] - click(findTestObject("Object Repository/showcaseNov2023/Page_Maybank2u  Maybank Malaysia/span_Other Accounts ( Maybank and other banks )")): Object: 'Object Repository/showcaseNov2023/Page_Maybank2u  Maybank Malaysia/span_Other Accounts ( Maybank and other banks )' is clicked on

2023-11-06 23:36:43 - [MESSAGE][PASSED] - Object: 'Object Repository/showcaseNov2023/Page_Maybank2u  Maybank Malaysia/span_Other Accounts ( Maybank and other banks )' is clicked on

2023-11-06 23:36:43 - [TEST_STEP][PASSED] - click(findTestObject("Object Repository/showcaseNov2023/Page_Maybank2u  Maybank Malaysia/input_ASNB Accounts_PayFromToContainer---pa_1bae3d")): Object: 'Object Repository/showcaseNov2023/Page_Maybank2u  Maybank Malaysia/input_ASNB Accounts_PayFromToContainer---pa_1bae3d' is clicked on

2023-11-06 23:36:44 - [MESSAGE][PASSED] - Object: 'Object Repository/showcaseNov2023/Page_Maybank2u  Maybank Malaysia/input_ASNB Accounts_PayFromToContainer---pa_1bae3d' is clicked on

2023-11-06 23:36:44 - [TEST_STEP][PASSED] - click(findTestObject("Object Repository/showcaseNov2023/Page_Maybank2u  Maybank Malaysia/div_Maybank  Maybank Islamic")): Object: 'Object Repository/showcaseNov2023/Page_Maybank2u  Maybank Malaysia/div_Maybank  Maybank Islamic' is clicked on

2023-11-06 23:36:44 - [MESSAGE][PASSED] - Object: 'Object Repository/showcaseNov2023/Page_Maybank2u  Maybank Malaysia/div_Maybank  Maybank Islamic' is clicked on

2023-11-06 23:36:44 - [TEST_STEP][PASSED] - setText(findTestObject("Object Repository/showcaseNov2023/Page_Maybank2u  Maybank Malaysia/input_Account number_toAccount"), "562366010792"): Text '562366010792' is set on object 'Object Repository/showcaseNov2023/Page_Maybank2u  Maybank Malaysia/input_Account number_toAccount'

2023-11-06 23:36:46 - [MESSAGE][PASSED] - Text '562366010792' is set on object 'Object Repository/showcaseNov2023/Page_Maybank2u  Maybank Malaysia/input_Account number_toAccount'

2023-11-06 23:36:46 - [TEST_STEP][PASSED] - setText(findTestObject("Object Repository/showcaseNov2023/Page_Maybank2u  Maybank Malaysia/input_Transfer Amount_amount"), "2.00"): Text '2.00' is set on object 'Object Repository/showcaseNov2023/Page_Maybank2u  Maybank Malaysia/input_Transfer Amount_amount'

2023-11-06 23:36:47 - [MESSAGE][PASSED] - Text '2.00' is set on object 'Object Repository/showcaseNov2023/Page_Maybank2u  Maybank Malaysia/input_Transfer Amount_amount'

2023-11-06 23:36:47 - [TEST_STEP][NOT_RUN] - setText(findTestObject("Object Repository/showcaseNov2023/Page_Maybank2u  Maybank Malaysia/input_Effective Date_form-control"), "06/11/2023"): NOT_RUN: setText(findTestObject("Object Repository/showcaseNov2023/Page_Maybank2u  Maybank Malaysia/input_Effective Date_form-control"), "06/11/2023")

2023-11-06 23:36:47 - [MESSAGE][NOT_RUN] - NOT_RUN: setText(findTestObject("Object Repository/showcaseNov2023/Page_Maybank2u  Maybank Malaysia/input_Effective Date_form-control"), "06/11/2023")

2023-11-06 23:36:47 - [TEST_STEP][PASSED] - delay(1): Delayed 1 second(s)

2023-11-06 23:36:48 - [MESSAGE][PASSED] - Delayed 1 second(s)

2023-11-06 23:36:48 - [TEST_STEP][PASSED] - click(findTestObject("Object Repository/showcaseNov2023/Page_Maybank2u  Maybank Malaysia/input_Effective Date_form-control")): Object: 'Object Repository/showcaseNov2023/Page_Maybank2u  Maybank Malaysia/input_Effective Date_form-control' is clicked on

2023-11-06 23:36:48 - [MESSAGE][PASSED] - Object: 'Object Repository/showcaseNov2023/Page_Maybank2u  Maybank Malaysia/input_Effective Date_form-control' is clicked on

2023-11-06 23:36:48 - [TEST_STEP][PASSED] - takeScreenshot(): Taking screenshot successfully

2023-11-06 23:36:49 - [MESSAGE][PASSED] - Taking screenshot successfully
[[ATTACHMENT|/Users/mosaj/Documents/GitHub/MAE-M2U-TestCloud/Reports/20231106_233509/Grand Showcase/M2U part1/20231106_233516/1699285009304.png]]

2023-11-06 23:36:49 - [TEST_STEP][PASSED] - click(findTestObject("Object Repository/showcaseNov2023/Page_Maybank2u  Maybank Malaysia/input_Effective Date_form-control")): Object: 'Object Repository/showcaseNov2023/Page_Maybank2u  Maybank Malaysia/input_Effective Date_form-control' is clicked on

2023-11-06 23:36:49 - [MESSAGE][PASSED] - Object: 'Object Repository/showcaseNov2023/Page_Maybank2u  Maybank Malaysia/input_Effective Date_form-control' is clicked on

2023-11-06 23:36:49 - [TEST_STEP][PASSED] - click(findTestObject("Object Repository/showcaseNov2023/Page_Maybank2u  Maybank Malaysia/label_Effective Date")): Object: 'Object Repository/showcaseNov2023/Page_Maybank2u  Maybank Malaysia/label_Effective Date' is clicked on

2023-11-06 23:36:50 - [MESSAGE][PASSED] - Object: 'Object Repository/showcaseNov2023/Page_Maybank2u  Maybank Malaysia/label_Effective Date' is clicked on

2023-11-06 23:36:50 - [TEST_STEP][PASSED] - setText(findTestObject("Object Repository/showcaseNov2023/Page_Maybank2u  Maybank Malaysia/input_Recipient Reference_transferPurpose"), "happy dipawali"): Text 'happy dipawali' is set on object 'Object Repository/showcaseNov2023/Page_Maybank2u  Maybank Malaysia/input_Recipient Reference_transferPurpose'

2023-11-06 23:36:51 - [MESSAGE][PASSED] - Text 'happy dipawali' is set on object 'Object Repository/showcaseNov2023/Page_Maybank2u  Maybank Malaysia/input_Recipient Reference_transferPurpose'

2023-11-06 23:36:51 - [TEST_STEP][PASSED] - click(findTestObject("Object Repository/showcaseNov2023/Page_Maybank2u  Maybank Malaysia/span_TRANSFER")): Object: 'Object Repository/showcaseNov2023/Page_Maybank2u  Maybank Malaysia/span_TRANSFER' is clicked on

2023-11-06 23:36:52 - [MESSAGE][PASSED] - Object: 'Object Repository/showcaseNov2023/Page_Maybank2u  Maybank Malaysia/span_TRANSFER' is clicked on

2023-11-06 23:36:52 - [TEST_STEP][PASSED] - getText(findTestObject("Object Repository/showcaseNov2023/Page_Maybank2u  Maybank Malaysia/h6_Tap on the notification on your smartpho_593a44")): Text of object 'Object Repository/showcaseNov2023/Page_Maybank2u  Maybank Malaysia/h6_Tap on the notification on your smartpho_593a44' is: 'Tap on the notification on your smartphone to approve the transaction.'

2023-11-06 23:36:53 - [MESSAGE][PASSED] - Text of object 'Object Repository/showcaseNov2023/Page_Maybank2u  Maybank Malaysia/h6_Tap on the notification on your smartpho_593a44' is: 'Tap on the notification on your smartphone to approve the transaction.'

2023-11-06 23:36:53 - [TEST_STEP][PASSED] - click(findTestObject("Object Repository/showcaseNov2023/Page_Maybank2u  Maybank Malaysia/span_REQUEST")): Object: 'Object Repository/showcaseNov2023/Page_Maybank2u  Maybank Malaysia/span_REQUEST' is clicked on

2023-11-06 23:36:53 - [MESSAGE][PASSED] - Object: 'Object Repository/showcaseNov2023/Page_Maybank2u  Maybank Malaysia/span_REQUEST' is clicked on

2023-11-06 23:36:53 - [TEST_STEP][PASSED] - takeScreenshot(): Taking screenshot successfully

2023-11-06 23:36:55 - [MESSAGE][PASSED] - Taking screenshot successfully
[[ATTACHMENT|/Users/mosaj/Documents/GitHub/MAE-M2U-TestCloud/Reports/20231106_233509/Grand Showcase/M2U part1/20231106_233516/1699285015312.png]]

2023-11-06 23:36:55 - [TEST_STEP][PASSED] - getText(findTestObject("Object Repository/showcaseNov2023/Page_Maybank2u  Maybank Malaysia/span_Transaction Successful")): Text of object 'Object Repository/showcaseNov2023/Page_Maybank2u  Maybank Malaysia/span_Transaction Successful' is: 'Transaction Successful!'

2023-11-06 23:37:01 - [MESSAGE][PASSED] - Text of object 'Object Repository/showcaseNov2023/Page_Maybank2u  Maybank Malaysia/span_Transaction Successful' is: 'Transaction Successful!'

2023-11-06 23:37:01 - [TEST_STEP][PASSED] - takeScreenshot(): Taking screenshot successfully

2023-11-06 23:37:02 - [MESSAGE][PASSED] - Taking screenshot successfully
[[ATTACHMENT|/Users/mosaj/Documents/GitHub/MAE-M2U-TestCloud/Reports/20231106_233509/Grand Showcase/M2U part1/20231106_233516/1699285021993.png]]

2023-11-06 23:37:02 - [TEST_STEP][PASSED] - click(findTestObject("Object Repository/showcaseNov2023/Page_Maybank2u  Maybank Malaysia/a_SAVE RECEIPT")): Object: 'Object Repository/showcaseNov2023/Page_Maybank2u  Maybank Malaysia/a_SAVE RECEIPT' is clicked on

2023-11-06 23:37:02 - [MESSAGE][PASSED] - Object: 'Object Repository/showcaseNov2023/Page_Maybank2u  Maybank Malaysia/a_SAVE RECEIPT' is clicked on

2023-11-06 23:37:02 - [TEST_STEP][PASSED] - getText(findTestObject("Object Repository/showcaseNov2023/Page_Maybank2u  Maybank Malaysia/span_This receipt is computer generated and_52c908")): Text of object 'Object Repository/showcaseNov2023/Page_Maybank2u  Maybank Malaysia/span_This receipt is computer generated and_52c908' is: 'This receipt is computer generated and no signature is required.'

2023-11-06 23:37:04 - [MESSAGE][PASSED] - Text of object 'Object Repository/showcaseNov2023/Page_Maybank2u  Maybank Malaysia/span_This receipt is computer generated and_52c908' is: 'This receipt is computer generated and no signature is required.'

2023-11-06 23:37:04 - [TEST_STEP][PASSED] - takeScreenshot(): Taking screenshot successfully

2023-11-06 23:37:04 - [MESSAGE][PASSED] - Taking screenshot successfully
[[ATTACHMENT|/Users/mosaj/Documents/GitHub/MAE-M2U-TestCloud/Reports/20231106_233509/Grand Showcase/M2U part1/20231106_233516/1699285024468.png]]

2023-11-06 23:37:04 - [TEST_STEP][PASSED] - click(findTestObject("Object Repository/showcaseNov2023/Page_Maybank2u  Maybank Malaysia/img")): Object: 'Object Repository/showcaseNov2023/Page_Maybank2u  Maybank Malaysia/img' is clicked on

2023-11-06 23:37:05 - [MESSAGE][PASSED] - Object: 'Object Repository/showcaseNov2023/Page_Maybank2u  Maybank Malaysia/img' is clicked on

2023-11-06 23:37:05 - [TEST_STEP][PASSED] - click(findTestObject("Object Repository/showcaseNov2023/Page_Maybank2u  Maybank Malaysia/span_Status")): Object: 'Object Repository/showcaseNov2023/Page_Maybank2u  Maybank Malaysia/span_Status' is clicked on

2023-11-06 23:37:30 - [MESSAGE][PASSED] - Object: 'Object Repository/showcaseNov2023/Page_Maybank2u  Maybank Malaysia/span_Status' is clicked on

2023-11-06 23:37:30 - [TEST_STEP][PASSED] - click(findTestObject("Object Repository/showcaseNov2023/Page_Maybank2u  Maybank Malaysia/a_MY ACCOUNTS")): Object: 'Object Repository/showcaseNov2023/Page_Maybank2u  Maybank Malaysia/a_MY ACCOUNTS' is clicked on

2023-11-06 23:37:31 - [MESSAGE][PASSED] - Object: 'Object Repository/showcaseNov2023/Page_Maybank2u  Maybank Malaysia/a_MY ACCOUNTS' is clicked on

2023-11-06 23:37:31 - [TEST_STEP][PASSED] - click(findTestObject("Object Repository/showcaseNov2023/Page_Maybank2u  Maybank Malaysia/span_562366010785")): Object: 'Object Repository/showcaseNov2023/Page_Maybank2u  Maybank Malaysia/span_562366010785' is clicked on

2023-11-06 23:37:32 - [MESSAGE][PASSED] - Object: 'Object Repository/showcaseNov2023/Page_Maybank2u  Maybank Malaysia/span_562366010785' is clicked on

2023-11-06 23:37:32 - [TEST_STEP][PASSED] - rightClick(findTestObject("Object Repository/showcaseNov2023/Page_Maybank2u  Maybank Malaysia/p_Available Balance")): Object: 'Object Repository/showcaseNov2023/Page_Maybank2u  Maybank Malaysia/p_Available Balance' is right clicked on

2023-11-06 23:37:36 - [MESSAGE][PASSED] - Object: 'Object Repository/showcaseNov2023/Page_Maybank2u  Maybank Malaysia/p_Available Balance' is right clicked on

2023-11-06 23:37:36 - [TEST_STEP][PASSED] - takeScreenshot(): Taking screenshot successfully

2023-11-06 23:37:37 - [MESSAGE][PASSED] - Taking screenshot successfully
[[ATTACHMENT|/Users/mosaj/Documents/GitHub/MAE-M2U-TestCloud/Reports/20231106_233509/Grand Showcase/M2U part1/20231106_233516/1699285057229.png]]

2023-11-06 23:37:37 - [TEST_STEP][PASSED] - scrollToElement(findTestObject("Object Repository/showcaseNov2023/Page_Maybank2u  Maybank Malaysia/a_Terms  Conditions"), 0): Scroll to object 'Object Repository/showcaseNov2023/Page_Maybank2u  Maybank Malaysia/a_Terms  Conditions' successfully

2023-11-06 23:37:37 - [MESSAGE][WARNING] - Timeout '0' is invalid. Using default page load timeout: '60'

2023-11-06 23:37:37 - [MESSAGE][PASSED] - Scroll to object 'Object Repository/showcaseNov2023/Page_Maybank2u  Maybank Malaysia/a_Terms  Conditions' successfully

2023-11-06 23:37:37 - [TEST_STEP][PASSED] - delay(3): Delayed 3 second(s)

2023-11-06 23:37:40 - [MESSAGE][PASSED] - Delayed 3 second(s)

2023-11-06 23:37:40 - [TEST_STEP][NOT_RUN] - rightClick(findTestObject("Object Repository/showcaseNov2023/Page_Maybank2u  Maybank Malaysia/button_VIEW STATEMENTS")): NOT_RUN: rightClick(findTestObject("Object Repository/showcaseNov2023/Page_Maybank2u  Maybank Malaysia/button_VIEW STATEMENTS"))

2023-11-06 23:37:40 - [MESSAGE][NOT_RUN] - NOT_RUN: rightClick(findTestObject("Object Repository/showcaseNov2023/Page_Maybank2u  Maybank Malaysia/button_VIEW STATEMENTS"))

2023-11-06 23:37:40 - [TEST_STEP][NOT_RUN] - rightClick(findTestObject("Object Repository/showcaseNov2023/Page_Maybank2u  Maybank Malaysia/span_LOGOUT")): NOT_RUN: rightClick(findTestObject("Object Repository/showcaseNov2023/Page_Maybank2u  Maybank Malaysia/span_LOGOUT"))

2023-11-06 23:37:40 - [MESSAGE][NOT_RUN] - NOT_RUN: rightClick(findTestObject("Object Repository/showcaseNov2023/Page_Maybank2u  Maybank Malaysia/span_LOGOUT"))

2023-11-06 23:37:40 - [TEST_STEP][PASSED] - scrollToElement(findTestObject("Object Repository/showcaseNov2023/Page_Maybank2u  Maybank Malaysia/span_LOGOUT"), 0): Scroll to object 'Object Repository/showcaseNov2023/Page_Maybank2u  Maybank Malaysia/span_LOGOUT' successfully

2023-11-06 23:37:41 - [MESSAGE][WARNING] - Timeout '0' is invalid. Using default page load timeout: '60'

2023-11-06 23:37:41 - [MESSAGE][PASSED] - Scroll to object 'Object Repository/showcaseNov2023/Page_Maybank2u  Maybank Malaysia/span_LOGOUT' successfully

2023-11-06 23:37:41 - [TEST_STEP][PASSED] - takeScreenshot(): Taking screenshot successfully

2023-11-06 23:37:42 - [MESSAGE][PASSED] - Taking screenshot successfully
[[ATTACHMENT|/Users/mosaj/Documents/GitHub/MAE-M2U-TestCloud/Reports/20231106_233509/Grand Showcase/M2U part1/20231106_233516/1699285061860.png]]

2023-11-06 23:37:42 - [TEST_STEP][PASSED] - getText(findTestObject("Object Repository/showcaseNov2023/Page_Maybank2u  Maybank Malaysia/span_LOGOUT"), CONTINUE_ON_FAILURE): Text of object 'Object Repository/showcaseNov2023/Page_Maybank2u  Maybank Malaysia/span_LOGOUT' is: 'LOGOUT'

2023-11-06 23:37:42 - [MESSAGE][PASSED] - Text of object 'Object Repository/showcaseNov2023/Page_Maybank2u  Maybank Malaysia/span_LOGOUT' is: 'LOGOUT'

2023-11-06 23:37:42 - [TEST_STEP][PASSED] - click(findTestObject("Object Repository/showcaseNov2023/Page_Maybank2u  Maybank Malaysia/span_LOGOUT"), CONTINUE_ON_FAILURE): Object: 'Object Repository/showcaseNov2023/Page_Maybank2u  Maybank Malaysia/span_LOGOUT' is clicked on

2023-11-06 23:37:43 - [MESSAGE][PASSED] - Object: 'Object Repository/showcaseNov2023/Page_Maybank2u  Maybank Malaysia/span_LOGOUT' is clicked on

2023-11-06 23:37:43 - [TEST_STEP][PASSED] - getText(findTestObject("Object Repository/showcaseNov2023/Page_Maybank2u  Maybank Malaysia/span_You have logged out")): Text of object 'Object Repository/showcaseNov2023/Page_Maybank2u  Maybank Malaysia/span_You have logged out' is: 'You have logged out!'

2023-11-06 23:37:44 - [MESSAGE][PASSED] - Text of object 'Object Repository/showcaseNov2023/Page_Maybank2u  Maybank Malaysia/span_You have logged out' is: 'You have logged out!'

2023-11-06 23:37:44 - [TEST_STEP][PASSED] - takeScreenshot(): Taking screenshot successfully

2023-11-06 23:37:44 - [MESSAGE][PASSED] - Taking screenshot successfully
[[ATTACHMENT|/Users/mosaj/Documents/GitHub/MAE-M2U-TestCloud/Reports/20231106_233509/Grand Showcase/M2U part1/20231106_233516/1699285064354.png]]

2023-11-06 23:37:44 - [TEST_STEP][PASSED] - closeBrowser(): Browser is closed

2023-11-06 23:37:45 - [MESSAGE][PASSED] - Browser is closed]]></system-out>
         <system-err><![CDATA[]]></system-err>
      </testcase>
      <system-out><![CDATA[2023-11-06 23:35:41 - [TEST_SUITE][PASSED] - M2U part1: Test Cases/Grand Showcase/M2U]]></system-out>
      <system-err><![CDATA[]]></system-err>
   </testsuite>
   <testsuite name="MAE part2" tests="1" failures="0" errors="0" time="67.239" skipped="0" timestamp="2023-11-06 23:35:49" hostname="mosaj - 192.168.100.14" id="Test Suites/Grand Showcase/MAE part2">
      <properties>
         <property name="deviceName" value="samsung SM-G998B (Android 11)"/>
         <property name="devicePlatform" value=""/>
         <property name="logFolder" value="/Users/mosaj/Documents/GitHub/MAE-M2U-TestCloud/Reports/20231106_233509/Grand Showcase/MAE part2/20231106_233519"/>
         <property name="logFiles" value="/Users/mosaj/Documents/GitHub/MAE-M2U-TestCloud/Reports/20231106_233509/Grand Showcase/MAE part2/20231106_233519/execution0.log, /Users/mosaj/Documents/GitHub/MAE-M2U-TestCloud/Reports/20231106_233509/Grand Showcase/MAE part2/20231106_233519/appium.log"/>
         <property name="attachments" value=""/>
         <property name="hostName" value="mosaj - 192.168.100.14"/>
         <property name="os" value="Mac OS X 64bit"/>
         <property name="appiumServerStatus" value="{&quot;value&quot;:{&quot;build&quot;:{&quot;version&quot;:&quot;1.21.0&quot;}},&quot;sessionId&quot;:null,&quot;status&quot;:0}"/>
         <property name="katalonVersion" value="8.6.6.208"/>
         <property name="deviceOS" value="Android"/>
         <property name="appiumVersion" value="1.21.0"/>
         <property name="deviceModel" value="SM-G998B"/>
         <property name="hostAddress" value="192.168.100.14"/>
         <property name="deviceManufacturer" value="samsung"/>
         <property name="deviceId" value="R5CR704KXSR"/>
         <property name="deviceName" value="samsung SM-G998B (Android 11)"/>
         <property name="deviceOSVersion" value="11"/>
      </properties>
      <testcase name="Test Cases/Grand Showcase/MAE" time="66.766" classname="Test Cases/Grand Showcase/MAE" status="PASSED">
         <system-out><![CDATA[2023-11-06 23:35:49 - [TEST_CASE][PASSED] - Test Cases/Grand Showcase/MAE: Test Cases/Grand Showcase/MAE

2023-11-06 23:35:50 - [TEST_STEP][PASSED] - startExistingApplication("com.maybank2u.life.uat"): Starting app with application ID: 'com.maybank2u.life.uat'

2023-11-06 23:35:51 - [MESSAGE][INFO] - User set preference: ['appPackage', 'com.maybank2u.life.uat']

2023-11-06 23:35:51 - [MESSAGE][INFO] - User set preference: ['appActivity', 'com.maybank2u.life.MainActivity']

2023-11-06 23:35:51 - [MESSAGE][INFO] - User set preference: ['noReset', 'true']

2023-11-06 23:35:51 - [MESSAGE][INFO] - User set preference: ['appWaitActivity', '*']

2023-11-06 23:35:51 - [MESSAGE][INFO] - User set preference: ['unlockType', 'pattern']

2023-11-06 23:35:51 - [MESSAGE][INFO] - User set preference: ['unlockKey', '2458']

2023-11-06 23:35:51 - [MESSAGE][INFO] - User set preference: ['deviceId', '']

2023-11-06 23:35:51 - [MESSAGE][INFO] - Detected NodeJS location: "/usr/local/bin/node"

2023-11-06 23:35:55 - [MESSAGE][INFO] - Appium server started on port 59,886

2023-11-06 23:36:17 - [MESSAGE][PASSED] - Starting app with application ID: 'com.maybank2u.life.uat'

2023-11-06 23:36:17 - [TEST_STEP][PASSED] - getText(findTestObject("Object Repository/showcaseNov2023/MAE/android.widget.TextView - Secure2u"), 0): Text of element 'Object Repository/showcaseNov2023/MAE/android.widget.TextView - Secure2u' is: 'Secure2u'

2023-11-06 23:36:18 - [MESSAGE][WARNING] - Timeout '0' is invalid. Using default page load timeout: '60'

2023-11-06 23:36:19 - [MESSAGE][PASSED] - Text of element 'Object Repository/showcaseNov2023/MAE/android.widget.TextView - Secure2u' is: 'Secure2u'

2023-11-06 23:36:19 - [TEST_STEP][PASSED] - tap(findTestObject("showcaseNov2023/MAE/android.widget.TextView - Secure2u"), 0): Tapped on element 'Object Repository/showcaseNov2023/MAE/android.widget.TextView - Secure2u'

2023-11-06 23:36:19 - [MESSAGE][WARNING] - Timeout '0' is invalid. Using default page load timeout: '60'

2023-11-06 23:36:20 - [MESSAGE][PASSED] - Tapped on element 'Object Repository/showcaseNov2023/MAE/android.widget.TextView - Secure2u'

2023-11-06 23:36:20 - [TEST_STEP][PASSED] - tap(findTestObject("showcaseNov2023/MAE/android.widget.TextView - Approve"), 0): Tapped on element 'Object Repository/showcaseNov2023/MAE/android.widget.TextView - Approve'

2023-11-06 23:36:20 - [MESSAGE][WARNING] - Timeout '0' is invalid. Using default page load timeout: '60'

2023-11-06 23:36:56 - [MESSAGE][PASSED] - Tapped on element 'Object Repository/showcaseNov2023/MAE/android.widget.TextView - Approve'

2023-11-06 23:36:56 - [TEST_STEP][NOT_RUN] - closeApplication(): NOT_RUN: closeApplication()

2023-11-06 23:36:56 - [MESSAGE][NOT_RUN] - NOT_RUN: closeApplication()]]></system-out>
         <system-err><![CDATA[]]></system-err>
      </testcase>
      <system-out><![CDATA[2023-11-06 23:35:49 - [TEST_SUITE][PASSED] - MAE part2: Test Cases/Grand Showcase/MAE]]></system-out>
      <system-err><![CDATA[]]></system-err>
   </testsuite>
</testsuites>
