<?xml version="1.0" encoding="UTF-8"?>
<testsuites name="M2U part1" time="91.761" tests="1" failures="0" errors="0">
   <testsuite name="M2U part1" tests="1" failures="0" errors="0" time="91.761" skipped="0" timestamp="2023-11-07 00:57:37" hostname="mosaj - 192.168.100.14" id="Test Suites/Grand Showcase/M2U part1">
      <properties>
         <property name="deviceName" value=""/>
         <property name="devicePlatform" value=""/>
         <property name="logFolder" value="/Users/mosaj/Documents/GitHub/MAE-M2U-TestCloud/Reports/20231107_005658/Grand Showcase/M2U part1/20231107_005705"/>
         <property name="logFiles" value="/Users/mosaj/Documents/GitHub/MAE-M2U-TestCloud/Reports/20231107_005658/Grand Showcase/M2U part1/20231107_005705/execution0.log"/>
         <property name="attachments" value="/Users/mosaj/Documents/GitHub/MAE-M2U-TestCloud/Reports/20231107_005658/Grand Showcase/M2U part1/20231107_005705/1699289882166.png, /Users/mosaj/Documents/GitHub/MAE-M2U-TestCloud/Reports/20231107_005658/Grand Showcase/M2U part1/20231107_005705/1699289890187.png, /Users/mosaj/Documents/GitHub/MAE-M2U-TestCloud/Reports/20231107_005658/Grand Showcase/M2U part1/20231107_005705/1699289899403.png, /Users/mosaj/Documents/GitHub/MAE-M2U-TestCloud/Reports/20231107_005658/Grand Showcase/M2U part1/20231107_005705/1699289917788.png, /Users/mosaj/Documents/GitHub/MAE-M2U-TestCloud/Reports/20231107_005658/Grand Showcase/M2U part1/20231107_005705/1699289925995.png, /Users/mosaj/Documents/GitHub/MAE-M2U-TestCloud/Reports/20231107_005658/Grand Showcase/M2U part1/20231107_005705/1699289932880.png, /Users/mosaj/Documents/GitHub/MAE-M2U-TestCloud/Reports/20231107_005658/Grand Showcase/M2U part1/20231107_005705/1699289935449.png, /Users/mosaj/Documents/GitHub/MAE-M2U-TestCloud/Reports/20231107_005658/Grand Showcase/M2U part1/20231107_005705/1699289941290.png, /Users/mosaj/Documents/GitHub/MAE-M2U-TestCloud/Reports/20231107_005658/Grand Showcase/M2U part1/20231107_005705/1699289946077.png, /Users/mosaj/Documents/GitHub/MAE-M2U-TestCloud/Reports/20231107_005658/Grand Showcase/M2U part1/20231107_005705/1699289948399.png"/>
         <property name="hostName" value="mosaj - 192.168.100.14"/>
         <property name="os" value="Mac OS X 64bit"/>
         <property name="katalonVersion" value="8.6.6.208"/>
         <property name="browser" value="Chrome 119.0.0.0"/>
         <property name="hostAddress" value="192.168.100.14"/>
         <property name="sessionId" value="58e07175dd1c3115dc4d6b55da23d7c2"/>
         <property name="seleniumVersion" value="3.141.59"/>
         <property name="proxyInformation" value="ProxyInformation { proxyOption=NO_PROXY, proxyServerType=HTTP, username=, password=********, proxyServerAddress=, proxyServerPort=0, executionList=&quot;&quot;, isApplyToDesiredCapabilities=true }"/>
         <property name="platform" value="Mac OS X"/>
      </properties>
      <testcase name="Test Cases/Grand Showcase/M2U" time="90.932" classname="Test Cases/Grand Showcase/M2U" status="PASSED">
         <system-out><![CDATA[2023-11-07 00:57:38 - [TEST_CASE][PASSED] - Test Cases/Grand Showcase/M2U: Test Cases/Grand Showcase/M2U

2023-11-07 00:57:39 - [TEST_STEP][PASSED] - openBrowser(""): Browser is opened with url: ''

2023-11-07 00:57:40 - [MESSAGE][INFO] - Starting 'Chrome' driver

2023-11-07 00:57:40 - [MESSAGE][INFO] - Action delay is set to 0 milliseconds

2023-11-07 00:57:48 - [MESSAGE][PASSED] - Browser is opened with url: ''

2023-11-07 00:57:48 - [TEST_STEP][PASSED] - navigateToUrl("https://m2umobilesit.maybank.com.my/cgi-bin/bvAT4UI1/m2u/common/login.do"): Navigate to 'https://m2umobilesit.maybank.com.my/cgi-bin/bvAT4UI1/m2u/common/login.do' successfully

2023-11-07 00:58:01 - [MESSAGE][PASSED] - Navigate to 'https://m2umobilesit.maybank.com.my/cgi-bin/bvAT4UI1/m2u/common/login.do' successfully

2023-11-07 00:58:01 - [TEST_STEP][PASSED] - maximizeWindow(): Current window maximized

2023-11-07 00:58:01 - [MESSAGE][PASSED] - Current window maximized

2023-11-07 00:58:01 - [TEST_STEP][PASSED] - takeScreenshot(CONTINUE_ON_FAILURE): Taking screenshot successfully

2023-11-07 00:58:03 - [MESSAGE][PASSED] - Taking screenshot successfully
[[ATTACHMENT|/Users/mosaj/Documents/GitHub/MAE-M2U-TestCloud/Reports/20231107_005658/Grand Showcase/M2U part1/20231107_005705/1699289882166.png]]

2023-11-07 00:58:03 - [TEST_STEP][PASSED] - setText(findTestObject("Object Repository/showcaseNov2023/Page_Maybank2u  Maybank Malaysia/input_Humanising Financial Services_username"), "samuat05"): Text 'samuat05' is set on object 'Object Repository/showcaseNov2023/Page_Maybank2u  Maybank Malaysia/input_Humanising Financial Services_username'

2023-11-07 00:58:05 - [MESSAGE][PASSED] - Text 'samuat05' is set on object 'Object Repository/showcaseNov2023/Page_Maybank2u  Maybank Malaysia/input_Humanising Financial Services_username'

2023-11-07 00:58:05 - [TEST_STEP][PASSED] - click(findTestObject("Object Repository/showcaseNov2023/Page_Maybank2u  Maybank Malaysia/span_LOGIN")): Object: 'Object Repository/showcaseNov2023/Page_Maybank2u  Maybank Malaysia/span_LOGIN' is clicked on

2023-11-07 00:58:06 - [MESSAGE][PASSED] - Object: 'Object Repository/showcaseNov2023/Page_Maybank2u  Maybank Malaysia/span_LOGIN' is clicked on

2023-11-07 00:58:06 - [TEST_STEP][PASSED] - getText(findTestObject("Object Repository/showcaseNov2023/Page_Maybank2u  Maybank Malaysia/p_Is your security phrasepass1234")): Text of object 'Object Repository/showcaseNov2023/Page_Maybank2u  Maybank Malaysia/p_Is your security phrasepass1234' is: 'Is your security phrasepass1234?'

2023-11-07 00:58:09 - [MESSAGE][PASSED] - Text of object 'Object Repository/showcaseNov2023/Page_Maybank2u  Maybank Malaysia/p_Is your security phrasepass1234' is: 'Is your security phrasepass1234?'

2023-11-07 00:58:09 - [TEST_STEP][PASSED] - takeScreenshot(CONTINUE_ON_FAILURE): Taking screenshot successfully

2023-11-07 00:58:10 - [MESSAGE][PASSED] - Taking screenshot successfully
[[ATTACHMENT|/Users/mosaj/Documents/GitHub/MAE-M2U-TestCloud/Reports/20231107_005658/Grand Showcase/M2U part1/20231107_005705/1699289890187.png]]

2023-11-07 00:58:10 - [TEST_STEP][PASSED] - click(findTestObject("Object Repository/showcaseNov2023/Page_Maybank2u  Maybank Malaysia/span_pass1234")): Object: 'Object Repository/showcaseNov2023/Page_Maybank2u  Maybank Malaysia/span_pass1234' is clicked on

2023-11-07 00:58:11 - [MESSAGE][PASSED] - Object: 'Object Repository/showcaseNov2023/Page_Maybank2u  Maybank Malaysia/span_pass1234' is clicked on

2023-11-07 00:58:11 - [TEST_STEP][PASSED] - click(findTestObject("Object Repository/showcaseNov2023/Page_Maybank2u  Maybank Malaysia/button_YES")): Object: 'Object Repository/showcaseNov2023/Page_Maybank2u  Maybank Malaysia/button_YES' is clicked on

2023-11-07 00:58:12 - [MESSAGE][PASSED] - Object: 'Object Repository/showcaseNov2023/Page_Maybank2u  Maybank Malaysia/button_YES' is clicked on

2023-11-07 00:58:12 - [TEST_STEP][PASSED] - setText(findTestObject("Object Repository/showcaseNov2023/Page_Maybank2u  Maybank Malaysia/input_Hello_my-password-input"), "Maybank@1"): Text 'Maybank@1' is set on object 'Object Repository/showcaseNov2023/Page_Maybank2u  Maybank Malaysia/input_Hello_my-password-input'

2023-11-07 00:58:13 - [MESSAGE][PASSED] - Text 'Maybank@1' is set on object 'Object Repository/showcaseNov2023/Page_Maybank2u  Maybank Malaysia/input_Hello_my-password-input'

2023-11-07 00:58:13 - [TEST_STEP][PASSED] - click(findTestObject("Object Repository/showcaseNov2023/Page_Maybank2u  Maybank Malaysia/span_LOGIN")): Object: 'Object Repository/showcaseNov2023/Page_Maybank2u  Maybank Malaysia/span_LOGIN' is clicked on

2023-11-07 00:58:13 - [MESSAGE][PASSED] - Object: 'Object Repository/showcaseNov2023/Page_Maybank2u  Maybank Malaysia/span_LOGIN' is clicked on

2023-11-07 00:58:13 - [TEST_STEP][PASSED] - getText(findTestObject("Object Repository/showcaseNov2023/Page_Maybank2u  Maybank Malaysia/a_PAY  TRANSFER")): Text of object 'Object Repository/showcaseNov2023/Page_Maybank2u  Maybank Malaysia/a_PAY  TRANSFER' is: 'PAY & TRANSFER'

2023-11-07 00:58:19 - [MESSAGE][PASSED] - Text of object 'Object Repository/showcaseNov2023/Page_Maybank2u  Maybank Malaysia/a_PAY  TRANSFER' is: 'PAY & TRANSFER'

2023-11-07 00:58:19 - [TEST_STEP][PASSED] - takeScreenshot(CONTINUE_ON_FAILURE): Taking screenshot successfully

2023-11-07 00:58:19 - [MESSAGE][PASSED] - Taking screenshot successfully
[[ATTACHMENT|/Users/mosaj/Documents/GitHub/MAE-M2U-TestCloud/Reports/20231107_005658/Grand Showcase/M2U part1/20231107_005705/1699289899403.png]]

2023-11-07 00:58:19 - [TEST_STEP][PASSED] - delay(2): Delayed 2 second(s)

2023-11-07 00:58:21 - [MESSAGE][PASSED] - Delayed 2 second(s)

2023-11-07 00:58:21 - [TEST_STEP][PASSED] - click(findTestObject("Object Repository/showcaseNov2023/Page_Maybank2u  Maybank Malaysia/a_PAY  TRANSFER")): Object: 'Object Repository/showcaseNov2023/Page_Maybank2u  Maybank Malaysia/a_PAY  TRANSFER' is clicked on

2023-11-07 00:58:22 - [MESSAGE][PASSED] - Object: 'Object Repository/showcaseNov2023/Page_Maybank2u  Maybank Malaysia/a_PAY  TRANSFER' is clicked on

2023-11-07 00:58:22 - [TEST_STEP][PASSED] - click(findTestObject("Object Repository/showcaseNov2023/Page_Maybank2u  Maybank Malaysia/span_x")): Object: 'Object Repository/showcaseNov2023/Page_Maybank2u  Maybank Malaysia/span_x' is clicked on

2023-11-07 00:58:25 - [MESSAGE][PASSED] - Object: 'Object Repository/showcaseNov2023/Page_Maybank2u  Maybank Malaysia/span_x' is clicked on

2023-11-07 00:58:25 - [TEST_STEP][PASSED] - delay(2): Delayed 2 second(s)

2023-11-07 00:58:27 - [MESSAGE][PASSED] - Delayed 2 second(s)

2023-11-07 00:58:27 - [TEST_STEP][PASSED] - click(findTestObject("Object Repository/showcaseNov2023/Page_Maybank2u  Maybank Malaysia/div_TRANSFER")): Object: 'Object Repository/showcaseNov2023/Page_Maybank2u  Maybank Malaysia/div_TRANSFER' is clicked on

2023-11-07 00:58:27 - [MESSAGE][PASSED] - Object: 'Object Repository/showcaseNov2023/Page_Maybank2u  Maybank Malaysia/div_TRANSFER' is clicked on

2023-11-07 00:58:27 - [TEST_STEP][PASSED] - click(findTestObject("Object Repository/showcaseNov2023/Page_Maybank2u  Maybank Malaysia/div_Own Accounts")): Object: 'Object Repository/showcaseNov2023/Page_Maybank2u  Maybank Malaysia/div_Own Accounts' is clicked on

2023-11-07 00:58:28 - [MESSAGE][PASSED] - Object: 'Object Repository/showcaseNov2023/Page_Maybank2u  Maybank Malaysia/div_Own Accounts' is clicked on

2023-11-07 00:58:28 - [TEST_STEP][NOT_RUN] - click(findTestObject("Object Repository/showcaseNov2023/Page_Maybank2u  Maybank Malaysia/a_PAY  TRANSFER")): NOT_RUN: click(findTestObject("Object Repository/showcaseNov2023/Page_Maybank2u  Maybank Malaysia/a_PAY  TRANSFER"))

2023-11-07 00:58:28 - [MESSAGE][NOT_RUN] - NOT_RUN: click(findTestObject("Object Repository/showcaseNov2023/Page_Maybank2u  Maybank Malaysia/a_PAY  TRANSFER"))

2023-11-07 00:58:28 - [TEST_STEP][PASSED] - click(findTestObject("Object Repository/showcaseNov2023/Page_Maybank2u  Maybank Malaysia/span_Other Accounts ( Maybank and other banks )")): Object: 'Object Repository/showcaseNov2023/Page_Maybank2u  Maybank Malaysia/span_Other Accounts ( Maybank and other banks )' is clicked on

2023-11-07 00:58:29 - [MESSAGE][PASSED] - Object: 'Object Repository/showcaseNov2023/Page_Maybank2u  Maybank Malaysia/span_Other Accounts ( Maybank and other banks )' is clicked on

2023-11-07 00:58:29 - [TEST_STEP][PASSED] - click(findTestObject("Object Repository/showcaseNov2023/Page_Maybank2u  Maybank Malaysia/input_ASNB Accounts_PayFromToContainer---pa_1bae3d")): Object: 'Object Repository/showcaseNov2023/Page_Maybank2u  Maybank Malaysia/input_ASNB Accounts_PayFromToContainer---pa_1bae3d' is clicked on

2023-11-07 00:58:30 - [MESSAGE][PASSED] - Object: 'Object Repository/showcaseNov2023/Page_Maybank2u  Maybank Malaysia/input_ASNB Accounts_PayFromToContainer---pa_1bae3d' is clicked on

2023-11-07 00:58:30 - [TEST_STEP][PASSED] - click(findTestObject("Object Repository/showcaseNov2023/Page_Maybank2u  Maybank Malaysia/div_Maybank  Maybank Islamic")): Object: 'Object Repository/showcaseNov2023/Page_Maybank2u  Maybank Malaysia/div_Maybank  Maybank Islamic' is clicked on

2023-11-07 00:58:32 - [MESSAGE][PASSED] - Object: 'Object Repository/showcaseNov2023/Page_Maybank2u  Maybank Malaysia/div_Maybank  Maybank Islamic' is clicked on

2023-11-07 00:58:32 - [TEST_STEP][PASSED] - setText(findTestObject("Object Repository/showcaseNov2023/Page_Maybank2u  Maybank Malaysia/input_Account number_toAccount"), "562366010792"): Text '562366010792' is set on object 'Object Repository/showcaseNov2023/Page_Maybank2u  Maybank Malaysia/input_Account number_toAccount'

2023-11-07 00:58:34 - [MESSAGE][PASSED] - Text '562366010792' is set on object 'Object Repository/showcaseNov2023/Page_Maybank2u  Maybank Malaysia/input_Account number_toAccount'

2023-11-07 00:58:34 - [TEST_STEP][PASSED] - setText(findTestObject("Object Repository/showcaseNov2023/Page_Maybank2u  Maybank Malaysia/input_Transfer Amount_amount"), "2.00"): Text '2.00' is set on object 'Object Repository/showcaseNov2023/Page_Maybank2u  Maybank Malaysia/input_Transfer Amount_amount'

2023-11-07 00:58:35 - [MESSAGE][PASSED] - Text '2.00' is set on object 'Object Repository/showcaseNov2023/Page_Maybank2u  Maybank Malaysia/input_Transfer Amount_amount'

2023-11-07 00:58:35 - [TEST_STEP][NOT_RUN] - setText(findTestObject("Object Repository/showcaseNov2023/Page_Maybank2u  Maybank Malaysia/input_Effective Date_form-control"), "06/11/2023"): NOT_RUN: setText(findTestObject("Object Repository/showcaseNov2023/Page_Maybank2u  Maybank Malaysia/input_Effective Date_form-control"), "06/11/2023")

2023-11-07 00:58:35 - [MESSAGE][NOT_RUN] - NOT_RUN: setText(findTestObject("Object Repository/showcaseNov2023/Page_Maybank2u  Maybank Malaysia/input_Effective Date_form-control"), "06/11/2023")

2023-11-07 00:58:35 - [TEST_STEP][PASSED] - delay(1): Delayed 1 second(s)

2023-11-07 00:58:36 - [MESSAGE][PASSED] - Delayed 1 second(s)

2023-11-07 00:58:36 - [TEST_STEP][PASSED] - click(findTestObject("Object Repository/showcaseNov2023/Page_Maybank2u  Maybank Malaysia/input_Effective Date_form-control")): Object: 'Object Repository/showcaseNov2023/Page_Maybank2u  Maybank Malaysia/input_Effective Date_form-control' is clicked on

2023-11-07 00:58:37 - [MESSAGE][PASSED] - Object: 'Object Repository/showcaseNov2023/Page_Maybank2u  Maybank Malaysia/input_Effective Date_form-control' is clicked on

2023-11-07 00:58:37 - [TEST_STEP][PASSED] - takeScreenshot(): Taking screenshot successfully

2023-11-07 00:58:38 - [MESSAGE][PASSED] - Taking screenshot successfully
[[ATTACHMENT|/Users/mosaj/Documents/GitHub/MAE-M2U-TestCloud/Reports/20231107_005658/Grand Showcase/M2U part1/20231107_005705/1699289917788.png]]

2023-11-07 00:58:38 - [TEST_STEP][NOT_RUN] - click(findTestObject("Object Repository/showcaseNov2023/Page_Maybank2u  Maybank Malaysia/input_Effective Date_form-control")): NOT_RUN: click(findTestObject("Object Repository/showcaseNov2023/Page_Maybank2u  Maybank Malaysia/input_Effective Date_form-control"))

2023-11-07 00:58:38 - [MESSAGE][NOT_RUN] - NOT_RUN: click(findTestObject("Object Repository/showcaseNov2023/Page_Maybank2u  Maybank Malaysia/input_Effective Date_form-control"))

2023-11-07 00:58:38 - [TEST_STEP][PASSED] - click(findTestObject("Object Repository/showcaseNov2023/Page_Maybank2u  Maybank Malaysia/label_Effective Date")): Object: 'Object Repository/showcaseNov2023/Page_Maybank2u  Maybank Malaysia/label_Effective Date' is clicked on

2023-11-07 00:58:39 - [MESSAGE][PASSED] - Object: 'Object Repository/showcaseNov2023/Page_Maybank2u  Maybank Malaysia/label_Effective Date' is clicked on

2023-11-07 00:58:39 - [TEST_STEP][PASSED] - setText(findTestObject("Object Repository/showcaseNov2023/Page_Maybank2u  Maybank Malaysia/input_Recipient Reference_transferPurpose"), "happy dipawali"): Text 'happy dipawali' is set on object 'Object Repository/showcaseNov2023/Page_Maybank2u  Maybank Malaysia/input_Recipient Reference_transferPurpose'

2023-11-07 00:58:41 - [MESSAGE][PASSED] - Text 'happy dipawali' is set on object 'Object Repository/showcaseNov2023/Page_Maybank2u  Maybank Malaysia/input_Recipient Reference_transferPurpose'

2023-11-07 00:58:41 - [TEST_STEP][PASSED] - click(findTestObject("Object Repository/showcaseNov2023/Page_Maybank2u  Maybank Malaysia/span_TRANSFER")): Object: 'Object Repository/showcaseNov2023/Page_Maybank2u  Maybank Malaysia/span_TRANSFER' is clicked on

2023-11-07 00:58:42 - [MESSAGE][PASSED] - Object: 'Object Repository/showcaseNov2023/Page_Maybank2u  Maybank Malaysia/span_TRANSFER' is clicked on

2023-11-07 00:58:42 - [TEST_STEP][PASSED] - getText(findTestObject("Object Repository/showcaseNov2023/Page_Maybank2u  Maybank Malaysia/h6_Tap on the notification on your smartpho_593a44")): Text of object 'Object Repository/showcaseNov2023/Page_Maybank2u  Maybank Malaysia/h6_Tap on the notification on your smartpho_593a44' is: 'Tap on the notification on your smartphone to approve the transaction.'

2023-11-07 00:58:44 - [MESSAGE][PASSED] - Text of object 'Object Repository/showcaseNov2023/Page_Maybank2u  Maybank Malaysia/h6_Tap on the notification on your smartpho_593a44' is: 'Tap on the notification on your smartphone to approve the transaction.'

2023-11-07 00:58:44 - [TEST_STEP][PASSED] - click(findTestObject("Object Repository/showcaseNov2023/Page_Maybank2u  Maybank Malaysia/span_REQUEST")): Object: 'Object Repository/showcaseNov2023/Page_Maybank2u  Maybank Malaysia/span_REQUEST' is clicked on

2023-11-07 00:58:44 - [MESSAGE][PASSED] - Object: 'Object Repository/showcaseNov2023/Page_Maybank2u  Maybank Malaysia/span_REQUEST' is clicked on

2023-11-07 00:58:44 - [TEST_STEP][PASSED] - takeScreenshot(): Taking screenshot successfully

2023-11-07 00:58:46 - [MESSAGE][PASSED] - Taking screenshot successfully
[[ATTACHMENT|/Users/mosaj/Documents/GitHub/MAE-M2U-TestCloud/Reports/20231107_005658/Grand Showcase/M2U part1/20231107_005705/1699289925995.png]]

2023-11-07 00:58:46 - [TEST_STEP][PASSED] - getText(findTestObject("Object Repository/showcaseNov2023/Page_Maybank2u  Maybank Malaysia/span_Transaction Successful")): Text of object 'Object Repository/showcaseNov2023/Page_Maybank2u  Maybank Malaysia/span_Transaction Successful' is: 'Transaction Successful!'

2023-11-07 00:58:52 - [MESSAGE][PASSED] - Text of object 'Object Repository/showcaseNov2023/Page_Maybank2u  Maybank Malaysia/span_Transaction Successful' is: 'Transaction Successful!'

2023-11-07 00:58:52 - [TEST_STEP][PASSED] - takeScreenshot(): Taking screenshot successfully

2023-11-07 00:58:53 - [MESSAGE][PASSED] - Taking screenshot successfully
[[ATTACHMENT|/Users/mosaj/Documents/GitHub/MAE-M2U-TestCloud/Reports/20231107_005658/Grand Showcase/M2U part1/20231107_005705/1699289932880.png]]

2023-11-07 00:58:53 - [TEST_STEP][PASSED] - click(findTestObject("Object Repository/showcaseNov2023/Page_Maybank2u  Maybank Malaysia/a_SAVE RECEIPT")): Object: 'Object Repository/showcaseNov2023/Page_Maybank2u  Maybank Malaysia/a_SAVE RECEIPT' is clicked on

2023-11-07 00:58:54 - [MESSAGE][PASSED] - Object: 'Object Repository/showcaseNov2023/Page_Maybank2u  Maybank Malaysia/a_SAVE RECEIPT' is clicked on

2023-11-07 00:58:54 - [TEST_STEP][PASSED] - getText(findTestObject("Object Repository/showcaseNov2023/Page_Maybank2u  Maybank Malaysia/span_This receipt is computer generated and_52c908")): Text of object 'Object Repository/showcaseNov2023/Page_Maybank2u  Maybank Malaysia/span_This receipt is computer generated and_52c908' is: 'This receipt is computer generated and no signature is required.'

2023-11-07 00:58:55 - [MESSAGE][PASSED] - Text of object 'Object Repository/showcaseNov2023/Page_Maybank2u  Maybank Malaysia/span_This receipt is computer generated and_52c908' is: 'This receipt is computer generated and no signature is required.'

2023-11-07 00:58:55 - [TEST_STEP][PASSED] - takeScreenshot(): Taking screenshot successfully

2023-11-07 00:58:55 - [MESSAGE][PASSED] - Taking screenshot successfully
[[ATTACHMENT|/Users/mosaj/Documents/GitHub/MAE-M2U-TestCloud/Reports/20231107_005658/Grand Showcase/M2U part1/20231107_005705/1699289935449.png]]

2023-11-07 00:58:55 - [TEST_STEP][PASSED] - click(findTestObject("Object Repository/showcaseNov2023/Page_Maybank2u  Maybank Malaysia/img")): Object: 'Object Repository/showcaseNov2023/Page_Maybank2u  Maybank Malaysia/img' is clicked on

2023-11-07 00:58:56 - [MESSAGE][PASSED] - Object: 'Object Repository/showcaseNov2023/Page_Maybank2u  Maybank Malaysia/img' is clicked on

2023-11-07 00:58:56 - [TEST_STEP][PASSED] - click(findTestObject("Object Repository/showcaseNov2023/Page_Maybank2u  Maybank Malaysia/span_Status")): Object: 'Object Repository/showcaseNov2023/Page_Maybank2u  Maybank Malaysia/span_Status' is clicked on

2023-11-07 00:58:56 - [MESSAGE][PASSED] - Object: 'Object Repository/showcaseNov2023/Page_Maybank2u  Maybank Malaysia/span_Status' is clicked on

2023-11-07 00:58:56 - [TEST_STEP][PASSED] - click(findTestObject("Object Repository/showcaseNov2023/Page_Maybank2u  Maybank Malaysia/a_MY ACCOUNTS")): Object: 'Object Repository/showcaseNov2023/Page_Maybank2u  Maybank Malaysia/a_MY ACCOUNTS' is clicked on

2023-11-07 00:58:57 - [MESSAGE][PASSED] - Object: 'Object Repository/showcaseNov2023/Page_Maybank2u  Maybank Malaysia/a_MY ACCOUNTS' is clicked on

2023-11-07 00:58:57 - [TEST_STEP][PASSED] - click(findTestObject("Object Repository/showcaseNov2023/Page_Maybank2u  Maybank Malaysia/span_562366010785")): Object: 'Object Repository/showcaseNov2023/Page_Maybank2u  Maybank Malaysia/span_562366010785' is clicked on

2023-11-07 00:58:58 - [MESSAGE][PASSED] - Object: 'Object Repository/showcaseNov2023/Page_Maybank2u  Maybank Malaysia/span_562366010785' is clicked on

2023-11-07 00:58:58 - [TEST_STEP][PASSED] - rightClick(findTestObject("Object Repository/showcaseNov2023/Page_Maybank2u  Maybank Malaysia/p_Available Balance")): Object: 'Object Repository/showcaseNov2023/Page_Maybank2u  Maybank Malaysia/p_Available Balance' is right clicked on

2023-11-07 00:59:01 - [MESSAGE][PASSED] - Object: 'Object Repository/showcaseNov2023/Page_Maybank2u  Maybank Malaysia/p_Available Balance' is right clicked on

2023-11-07 00:59:01 - [TEST_STEP][PASSED] - takeScreenshot(): Taking screenshot successfully

2023-11-07 00:59:01 - [MESSAGE][PASSED] - Taking screenshot successfully
[[ATTACHMENT|/Users/mosaj/Documents/GitHub/MAE-M2U-TestCloud/Reports/20231107_005658/Grand Showcase/M2U part1/20231107_005705/1699289941290.png]]

2023-11-07 00:59:01 - [TEST_STEP][PASSED] - scrollToElement(findTestObject("Object Repository/showcaseNov2023/Page_Maybank2u  Maybank Malaysia/a_Terms  Conditions"), 0): Scroll to object 'Object Repository/showcaseNov2023/Page_Maybank2u  Maybank Malaysia/a_Terms  Conditions' successfully

2023-11-07 00:59:01 - [MESSAGE][WARNING] - Timeout '0' is invalid. Using default page load timeout: '60'

2023-11-07 00:59:02 - [MESSAGE][PASSED] - Scroll to object 'Object Repository/showcaseNov2023/Page_Maybank2u  Maybank Malaysia/a_Terms  Conditions' successfully

2023-11-07 00:59:02 - [TEST_STEP][PASSED] - delay(3): Delayed 3 second(s)

2023-11-07 00:59:05 - [MESSAGE][PASSED] - Delayed 3 second(s)

2023-11-07 00:59:05 - [TEST_STEP][NOT_RUN] - rightClick(findTestObject("Object Repository/showcaseNov2023/Page_Maybank2u  Maybank Malaysia/button_VIEW STATEMENTS")): NOT_RUN: rightClick(findTestObject("Object Repository/showcaseNov2023/Page_Maybank2u  Maybank Malaysia/button_VIEW STATEMENTS"))

2023-11-07 00:59:05 - [MESSAGE][NOT_RUN] - NOT_RUN: rightClick(findTestObject("Object Repository/showcaseNov2023/Page_Maybank2u  Maybank Malaysia/button_VIEW STATEMENTS"))

2023-11-07 00:59:05 - [TEST_STEP][NOT_RUN] - rightClick(findTestObject("Object Repository/showcaseNov2023/Page_Maybank2u  Maybank Malaysia/span_LOGOUT")): NOT_RUN: rightClick(findTestObject("Object Repository/showcaseNov2023/Page_Maybank2u  Maybank Malaysia/span_LOGOUT"))

2023-11-07 00:59:05 - [MESSAGE][NOT_RUN] - NOT_RUN: rightClick(findTestObject("Object Repository/showcaseNov2023/Page_Maybank2u  Maybank Malaysia/span_LOGOUT"))

2023-11-07 00:59:05 - [TEST_STEP][PASSED] - scrollToElement(findTestObject("Object Repository/showcaseNov2023/Page_Maybank2u  Maybank Malaysia/span_LOGOUT"), 0): Scroll to object 'Object Repository/showcaseNov2023/Page_Maybank2u  Maybank Malaysia/span_LOGOUT' successfully

2023-11-07 00:59:05 - [MESSAGE][WARNING] - Timeout '0' is invalid. Using default page load timeout: '60'

2023-11-07 00:59:05 - [MESSAGE][PASSED] - Scroll to object 'Object Repository/showcaseNov2023/Page_Maybank2u  Maybank Malaysia/span_LOGOUT' successfully

2023-11-07 00:59:05 - [TEST_STEP][PASSED] - takeScreenshot(): Taking screenshot successfully

2023-11-07 00:59:06 - [MESSAGE][PASSED] - Taking screenshot successfully
[[ATTACHMENT|/Users/mosaj/Documents/GitHub/MAE-M2U-TestCloud/Reports/20231107_005658/Grand Showcase/M2U part1/20231107_005705/1699289946077.png]]

2023-11-07 00:59:06 - [TEST_STEP][PASSED] - getText(findTestObject("Object Repository/showcaseNov2023/Page_Maybank2u  Maybank Malaysia/span_LOGOUT"), CONTINUE_ON_FAILURE): Text of object 'Object Repository/showcaseNov2023/Page_Maybank2u  Maybank Malaysia/span_LOGOUT' is: 'LOGOUT'

2023-11-07 00:59:06 - [MESSAGE][PASSED] - Text of object 'Object Repository/showcaseNov2023/Page_Maybank2u  Maybank Malaysia/span_LOGOUT' is: 'LOGOUT'

2023-11-07 00:59:06 - [TEST_STEP][PASSED] - click(findTestObject("Object Repository/showcaseNov2023/Page_Maybank2u  Maybank Malaysia/span_LOGOUT"), CONTINUE_ON_FAILURE): Object: 'Object Repository/showcaseNov2023/Page_Maybank2u  Maybank Malaysia/span_LOGOUT' is clicked on

2023-11-07 00:59:07 - [MESSAGE][PASSED] - Object: 'Object Repository/showcaseNov2023/Page_Maybank2u  Maybank Malaysia/span_LOGOUT' is clicked on

2023-11-07 00:59:07 - [TEST_STEP][PASSED] - getText(findTestObject("Object Repository/showcaseNov2023/Page_Maybank2u  Maybank Malaysia/span_You have logged out")): Text of object 'Object Repository/showcaseNov2023/Page_Maybank2u  Maybank Malaysia/span_You have logged out' is: 'You have logged out!'

2023-11-07 00:59:08 - [MESSAGE][PASSED] - Text of object 'Object Repository/showcaseNov2023/Page_Maybank2u  Maybank Malaysia/span_You have logged out' is: 'You have logged out!'

2023-11-07 00:59:08 - [TEST_STEP][PASSED] - takeScreenshot(): Taking screenshot successfully

2023-11-07 00:59:08 - [MESSAGE][PASSED] - Taking screenshot successfully
[[ATTACHMENT|/Users/mosaj/Documents/GitHub/MAE-M2U-TestCloud/Reports/20231107_005658/Grand Showcase/M2U part1/20231107_005705/1699289948399.png]]

2023-11-07 00:59:08 - [TEST_STEP][PASSED] - closeBrowser(): Browser is closed

2023-11-07 00:59:09 - [MESSAGE][PASSED] - Browser is closed]]></system-out>
         <system-err><![CDATA[]]></system-err>
      </testcase>
      <system-out><![CDATA[2023-11-07 00:57:37 - [TEST_SUITE][PASSED] - M2U part1: Test Cases/Grand Showcase/M2U]]></system-out>
      <system-err><![CDATA[]]></system-err>
   </testsuite>
</testsuites>
