<?xml version="1.0" encoding="UTF-8"?>
<testsuites name="m2u registration" time="66.839" tests="1" failures="0" errors="0">
   <testsuite name="m2u registration" tests="1" failures="0" errors="0" time="66.839" skipped="0" timestamp="2023-08-30 10:42:19" hostname="mosaj - 192.168.1.183" id="Test Suites/board/m2u registration">
      <properties>
         <property name="deviceName" value=""/>
         <property name="devicePlatform" value=""/>
         <property name="logFolder" value="/Users/mosaj/Documents/GitHub/MAE-M2U-TestCloud/Reports/20230830_103631/board/m2u registration/20230830_103650"/>
         <property name="logFiles" value="/Users/mosaj/Documents/GitHub/MAE-M2U-TestCloud/Reports/20230830_103631/board/m2u registration/20230830_103650/execution0.log"/>
         <property name="attachments" value=""/>
         <property name="hostName" value="mosaj - 192.168.1.183"/>
         <property name="os" value="Mac OS X 64bit"/>
         <property name="katalonVersion" value="8.6.6.208"/>
         <property name="browser" value="Chrome 116.0.0.0"/>
         <property name="hostAddress" value="10.154.6.164"/>
         <property name="sessionId" value="f20f9f0efa1eec13866987d64dbc8d6e"/>
         <property name="seleniumVersion" value="3.141.59"/>
         <property name="proxyInformation" value="ProxyInformation { proxyOption=NO_PROXY, proxyServerType=HTTP, username=, password=********, proxyServerAddress=, proxyServerPort=0, executionList=&quot;&quot;, isApplyToDesiredCapabilities=true }"/>
         <property name="platform" value="Mac OS X"/>
      </properties>
      <testcase name="Test Cases/Web Login/m2u registration" time="66.253" classname="Test Cases/Web Login/m2u registration" status="PASSED">
         <system-out><![CDATA[2023-08-30 10:42:19 - [TEST_CASE][PASSED] - Test Cases/Web Login/m2u registration: Test Cases/Web Login/m2u registration

2023-08-30 10:42:20 - [TEST_STEP][PASSED] - openBrowser(""): Browser is opened with url: ''

2023-08-30 10:42:20 - [MESSAGE][INFO] - Starting 'Chrome' driver

2023-08-30 10:42:20 - [MESSAGE][INFO] - Action delay is set to 0 milliseconds

2023-08-30 10:42:24 - [MESSAGE][PASSED] - Browser is opened with url: ''

2023-08-30 10:42:24 - [TEST_STEP][PASSED] - maximizeWindow(): Current window maximized

2023-08-30 10:42:24 - [MESSAGE][PASSED] - Current window maximized

2023-08-30 10:42:24 - [TEST_STEP][PASSED] - navigateToUrl("https://www.maybank2u.com.my/home/m2u/common/login.do"): Navigate to 'https://www.maybank2u.com.my/home/m2u/common/login.do' successfully

2023-08-30 10:42:28 - [MESSAGE][PASSED] - Navigate to 'https://www.maybank2u.com.my/home/m2u/common/login.do' successfully

2023-08-30 10:42:28 - [TEST_STEP][PASSED] - delay(2): Delayed 2 second(s)

2023-08-30 10:42:30 - [MESSAGE][PASSED] - Delayed 2 second(s)

2023-08-30 10:42:30 - [TEST_STEP][PASSED] - click(findTestObject("Object Repository/m2u registration/Page_Maybank2u  Maybank Malaysia/span_REGISTER NOW")): Object: 'Object Repository/m2u registration/Page_Maybank2u  Maybank Malaysia/span_REGISTER NOW' is clicked on

2023-08-30 10:42:31 - [MESSAGE][PASSED] - Object: 'Object Repository/m2u registration/Page_Maybank2u  Maybank Malaysia/span_REGISTER NOW' is clicked on

2023-08-30 10:42:31 - [TEST_STEP][PASSED] - delay(10): Delayed 10 second(s)

2023-08-30 10:42:41 - [MESSAGE][PASSED] - Delayed 10 second(s)

2023-08-30 10:42:41 - [TEST_STEP][PASSED] - getText(findTestObject("Object Repository/m2u registration/Page_Maybank2u  Maybank Malaysia/span_Ready to create an account")): Text of object 'Object Repository/m2u registration/Page_Maybank2u  Maybank Malaysia/span_Ready to create an account' is: 'Ready to create an account?'

2023-08-30 10:42:42 - [MESSAGE][PASSED] - Text of object 'Object Repository/m2u registration/Page_Maybank2u  Maybank Malaysia/span_Ready to create an account' is: 'Ready to create an account?'

2023-08-30 10:42:42 - [TEST_STEP][PASSED] - setText(findTestObject("Object Repository/m2u registration/Page_Maybank2u  Maybank Malaysia/input_Card  Access Number_Registration---pa_a8d3dc"), "11111111111111"): Text '11111111111111' is set on object 'Object Repository/m2u registration/Page_Maybank2u  Maybank Malaysia/input_Card  Access Number_Registration---pa_a8d3dc'

2023-08-30 10:42:43 - [MESSAGE][PASSED] - Text '11111111111111' is set on object 'Object Repository/m2u registration/Page_Maybank2u  Maybank Malaysia/input_Card  Access Number_Registration---pa_a8d3dc'

2023-08-30 10:42:43 - [TEST_STEP][PASSED] - delay(10): Delayed 10 second(s)

2023-08-30 10:42:53 - [MESSAGE][PASSED] - Delayed 10 second(s)

2023-08-30 10:42:53 - [TEST_STEP][PASSED] - setText(findTestObject("Object Repository/m2u registration/Page_Maybank2u  Maybank Malaysia/input_PIN_Registration---pair-input---2_o7S"), "123456"): Text '123456' is set on object 'Object Repository/m2u registration/Page_Maybank2u  Maybank Malaysia/input_PIN_Registration---pair-input---2_o7S'

2023-08-30 10:42:54 - [MESSAGE][PASSED] - Text '123456' is set on object 'Object Repository/m2u registration/Page_Maybank2u  Maybank Malaysia/input_PIN_Registration---pair-input---2_o7S'

2023-08-30 10:42:54 - [TEST_STEP][PASSED] - delay(10): Delayed 10 second(s)

2023-08-30 10:43:04 - [MESSAGE][PASSED] - Delayed 10 second(s)

2023-08-30 10:43:04 - [TEST_STEP][PASSED] - click(findTestObject("Object Repository/m2u registration/Page_Maybank2u  Maybank Malaysia/img_PIN_Registration---radios---3V54f")): Object: 'Object Repository/m2u registration/Page_Maybank2u  Maybank Malaysia/img_PIN_Registration---radios---3V54f' is clicked on

2023-08-30 10:43:05 - [MESSAGE][PASSED] - Object: 'Object Repository/m2u registration/Page_Maybank2u  Maybank Malaysia/img_PIN_Registration---radios---3V54f' is clicked on

2023-08-30 10:43:05 - [TEST_STEP][PASSED] - delay(10): Delayed 10 second(s)

2023-08-30 10:43:15 - [MESSAGE][PASSED] - Delayed 10 second(s)

2023-08-30 10:43:15 - [TEST_STEP][PASSED] - click(findTestObject("Object Repository/m2u registration/Page_Maybank2u  Maybank Malaysia/button_CONTINUE")): Object: 'Object Repository/m2u registration/Page_Maybank2u  Maybank Malaysia/button_CONTINUE' is clicked on

2023-08-30 10:43:15 - [MESSAGE][PASSED] - Object: 'Object Repository/m2u registration/Page_Maybank2u  Maybank Malaysia/button_CONTINUE' is clicked on

2023-08-30 10:43:15 - [TEST_STEP][PASSED] - delay(10): Delayed 10 second(s)

2023-08-30 10:43:25 - [MESSAGE][PASSED] - Delayed 10 second(s)

2023-08-30 10:43:25 - [TEST_STEP][PASSED] - getText(findTestObject("Object Repository/m2u registration/Page_Maybank2u  Maybank Malaysia/span_Invalid Card Access Number")): Text of object 'Object Repository/m2u registration/Page_Maybank2u  Maybank Malaysia/span_Invalid Card Access Number' is: 'Invalid Card Access Number'

2023-08-30 10:43:25 - [MESSAGE][PASSED] - Text of object 'Object Repository/m2u registration/Page_Maybank2u  Maybank Malaysia/span_Invalid Card Access Number' is: 'Invalid Card Access Number'

2023-08-30 10:43:25 - [TEST_STEP][NOT_RUN] - closeBrowser(): NOT_RUN: closeBrowser()

2023-08-30 10:43:25 - [MESSAGE][NOT_RUN] - NOT_RUN: closeBrowser()]]></system-out>
         <system-err><![CDATA[]]></system-err>
      </testcase>
      <system-out><![CDATA[2023-08-30 10:42:19 - [TEST_SUITE][PASSED] - m2u registration: Test Cases/Web Login/m2u registration]]></system-out>
      <system-err><![CDATA[]]></system-err>
   </testsuite>
</testsuites>
