<?xml version="1.0" encoding="UTF-8"?>
<testsuites name="GrandShowcase-TSC" time="1.419" tests="0" failures="0" errors="0"/>
