<?xml version="1.0" encoding="UTF-8"?>
<testsuites name="board_m2u_transfe" time="120.841" tests="1" failures="0" errors="0">
   <testsuite name="board_m2u_transfe" tests="1" failures="0" errors="0" time="120.841" skipped="0" timestamp="2023-08-30 10:21:10" hostname="mosaj - 192.168.1.183" id="Test Suites/board/board_m2u_transfe">
      <properties>
         <property name="deviceName" value=""/>
         <property name="devicePlatform" value=""/>
         <property name="logFolder" value="/Users/mosaj/Documents/GitHub/MAE-M2U-TestCloud/Reports/20230830_101957/board/board_m2u_transfe/20230830_101957"/>
         <property name="logFiles" value="/Users/mosaj/Documents/GitHub/MAE-M2U-TestCloud/Reports/20230830_101957/board/board_m2u_transfe/20230830_101957/execution0.log"/>
         <property name="attachments" value="/Users/mosaj/Documents/GitHub/MAE-M2U-TestCloud/Reports/20230830_101957/board/board_m2u_transfe/20230830_101957/1693362103377.png, /Users/mosaj/Documents/GitHub/MAE-M2U-TestCloud/Reports/20230830_101957/board/board_m2u_transfe/20230830_101957/1693362123063.png, /Users/mosaj/Documents/GitHub/MAE-M2U-TestCloud/Reports/20230830_101957/board/board_m2u_transfe/20230830_101957/1693362126687.png, /Users/mosaj/Documents/GitHub/MAE-M2U-TestCloud/Reports/20230830_101957/board/board_m2u_transfe/20230830_101957/1693362130332.png, /Users/mosaj/Documents/GitHub/MAE-M2U-TestCloud/Reports/20230830_101957/board/board_m2u_transfe/20230830_101957/1693362141382.png"/>
         <property name="hostName" value="mosaj - 192.168.1.183"/>
         <property name="os" value="Mac OS X 64bit"/>
         <property name="katalonVersion" value="8.6.6.208"/>
         <property name="browser" value="Chrome 116.0.0.0"/>
         <property name="hostAddress" value="10.154.6.164"/>
         <property name="sessionId" value="2ce8a0d25271feb960627d2034d29160"/>
         <property name="seleniumVersion" value="3.141.59"/>
         <property name="proxyInformation" value="ProxyInformation { proxyOption=NO_PROXY, proxyServerType=HTTP, username=, password=********, proxyServerAddress=, proxyServerPort=0, executionList=&quot;&quot;, isApplyToDesiredCapabilities=true }"/>
         <property name="platform" value="Mac OS X"/>
      </properties>
      <testcase name="Test Cases/Web Login/Transfer_OpenThirdParty" time="120.083" classname="Test Cases/Web Login/Transfer_OpenThirdParty" status="PASSED">
         <system-out><![CDATA[2023-08-30 10:21:11 - [TEST_CASE][PASSED] - Test Cases/Web Login/Transfer_OpenThirdParty: Test Cases/Web Login/Transfer_OpenThirdParty

2023-08-30 10:21:12 - [TEST_STEP][PASSED] - openBrowser(""): Browser is opened with url: ''

2023-08-30 10:21:13 - [MESSAGE][INFO] - Starting 'Chrome' driver

2023-08-30 10:21:13 - [MESSAGE][INFO] - Action delay is set to 0 milliseconds

2023-08-30 10:21:18 - [MESSAGE][PASSED] - Browser is opened with url: ''

2023-08-30 10:21:18 - [TEST_STEP][PASSED] - maximizeWindow(): Current window maximized

2023-08-30 10:21:19 - [MESSAGE][PASSED] - Current window maximized

2023-08-30 10:21:19 - [TEST_STEP][PASSED] - navigateToUrl("https://www.maybank2u.com.my/home/m2u/common/login.do"): Navigate to 'https://www.maybank2u.com.my/home/m2u/common/login.do' successfully

2023-08-30 10:21:26 - [MESSAGE][PASSED] - Navigate to 'https://www.maybank2u.com.my/home/m2u/common/login.do' successfully

2023-08-30 10:21:26 - [TEST_STEP][PASSED] - getPageHeight(): Current page's height is 3217

2023-08-30 10:21:26 - [MESSAGE][PASSED] - Current page's height is 3217

2023-08-30 10:21:26 - [TEST_STEP][PASSED] - getPageWidth(): Current page's width is 1440

2023-08-30 10:21:26 - [MESSAGE][PASSED] - Current page's width is 1440

2023-08-30 10:21:26 - [TEST_STEP][PASSED] - setText(findTestObject("Object Repository/Web Login/Page_Maybank2u  Maybank Malaysia/input_Humanising Financial Services_username"), findTestData("DevOps").getValue(1, 1)): Text 'mosajgohar1' is set on object 'Object Repository/Web Login/Page_Maybank2u  Maybank Malaysia/input_Humanising Financial Services_username'

2023-08-30 10:21:28 - [MESSAGE][PASSED] - Text 'mosajgohar1' is set on object 'Object Repository/Web Login/Page_Maybank2u  Maybank Malaysia/input_Humanising Financial Services_username'

2023-08-30 10:21:28 - [TEST_STEP][PASSED] - click(findTestObject("Object Repository/Web Login/Page_Maybank2u  Maybank Malaysia/button_LOGIN")): Object: 'Object Repository/Web Login/Page_Maybank2u  Maybank Malaysia/button_LOGIN' is clicked on

2023-08-30 10:21:29 - [MESSAGE][PASSED] - Object: 'Object Repository/Web Login/Page_Maybank2u  Maybank Malaysia/button_LOGIN' is clicked on

2023-08-30 10:21:29 - [TEST_STEP][PASSED] - click(findTestObject("Object Repository/Web Login/Page_Maybank2u  Maybank Malaysia/button_YES")): Object: 'Object Repository/Web Login/Page_Maybank2u  Maybank Malaysia/button_YES' is clicked on

2023-08-30 10:21:32 - [MESSAGE][PASSED] - Object: 'Object Repository/Web Login/Page_Maybank2u  Maybank Malaysia/button_YES' is clicked on

2023-08-30 10:21:32 - [TEST_STEP][PASSED] - setText(findTestObject("Object Repository/Web Login/Page_Maybank2u  Maybank Malaysia/input_Hello_my-password-input"), "Mayesha@19"): Text 'Mayesha@19' is set on object 'Object Repository/Web Login/Page_Maybank2u  Maybank Malaysia/input_Hello_my-password-input'

2023-08-30 10:21:33 - [MESSAGE][PASSED] - Text 'Mayesha@19' is set on object 'Object Repository/Web Login/Page_Maybank2u  Maybank Malaysia/input_Hello_my-password-input'

2023-08-30 10:21:33 - [TEST_STEP][PASSED] - delay(5): Delayed 5 second(s)

2023-08-30 10:21:38 - [MESSAGE][PASSED] - Delayed 5 second(s)

2023-08-30 10:21:38 - [TEST_STEP][PASSED] - click(findTestObject("Object Repository/Web Login/Page_Maybank2u  Maybank Malaysia/span_LOGIN")): Object: 'Object Repository/Web Login/Page_Maybank2u  Maybank Malaysia/span_LOGIN' is clicked on

2023-08-30 10:21:38 - [MESSAGE][PASSED] - Object: 'Object Repository/Web Login/Page_Maybank2u  Maybank Malaysia/span_LOGIN' is clicked on

2023-08-30 10:21:38 - [TEST_STEP][PASSED] - delay(4): Delayed 4 second(s)

2023-08-30 10:21:42 - [MESSAGE][PASSED] - Delayed 4 second(s)

2023-08-30 10:21:42 - [TEST_STEP][PASSED] - takeScreenshot(): Taking screenshot successfully

2023-08-30 10:21:43 - [MESSAGE][PASSED] - Taking screenshot successfully
[[ATTACHMENT|/Users/mosaj/Documents/GitHub/MAE-M2U-TestCloud/Reports/20230830_101957/board/board_m2u_transfe/20230830_101957/1693362103377.png]]

2023-08-30 10:21:43 - [TEST_STEP][PASSED] - click(findTestObject("Object Repository/Web Login/Page_Maybank2u  Maybank Malaysia/a_MY ACCOUNTS")): Object: 'Object Repository/Web Login/Page_Maybank2u  Maybank Malaysia/a_MY ACCOUNTS' is clicked on

2023-08-30 10:21:44 - [MESSAGE][PASSED] - Object: 'Object Repository/Web Login/Page_Maybank2u  Maybank Malaysia/a_MY ACCOUNTS' is clicked on

2023-08-30 10:21:44 - [TEST_STEP][PASSED] - delay(2): Delayed 2 second(s)

2023-08-30 10:21:46 - [MESSAGE][PASSED] - Delayed 2 second(s)

2023-08-30 10:21:46 - [TEST_STEP][PASSED] - click(findTestObject("Object Repository/Web Login/Page_Maybank2u  Maybank Malaysia/a_PAY  TRANSFER")): Object: 'Object Repository/Web Login/Page_Maybank2u  Maybank Malaysia/a_PAY  TRANSFER' is clicked on

2023-08-30 10:21:47 - [MESSAGE][PASSED] - Object: 'Object Repository/Web Login/Page_Maybank2u  Maybank Malaysia/a_PAY  TRANSFER' is clicked on

2023-08-30 10:21:47 - [TEST_STEP][PASSED] - delay(2): Delayed 2 second(s)

2023-08-30 10:21:49 - [MESSAGE][PASSED] - Delayed 2 second(s)

2023-08-30 10:21:49 - [TEST_STEP][PASSED] - click(findTestObject("Object Repository/Web Login/Page_Maybank2u  Maybank Malaysia/span_x")): Object: 'Object Repository/Web Login/Page_Maybank2u  Maybank Malaysia/span_x' is clicked on

2023-08-30 10:21:49 - [MESSAGE][PASSED] - Object: 'Object Repository/Web Login/Page_Maybank2u  Maybank Malaysia/span_x' is clicked on

2023-08-30 10:21:49 - [TEST_STEP][PASSED] - click(findTestObject("Object Repository/Web Login/Page_Maybank2u  Maybank Malaysia/div_TRANSFER")): Object: 'Object Repository/Web Login/Page_Maybank2u  Maybank Malaysia/div_TRANSFER' is clicked on

2023-08-30 10:21:50 - [MESSAGE][PASSED] - Object: 'Object Repository/Web Login/Page_Maybank2u  Maybank Malaysia/div_TRANSFER' is clicked on

2023-08-30 10:21:50 - [TEST_STEP][PASSED] - delay(2): Delayed 2 second(s)

2023-08-30 10:21:52 - [MESSAGE][PASSED] - Delayed 2 second(s)

2023-08-30 10:21:52 - [TEST_STEP][PASSED] - click(findTestObject("Object Repository/Web Login/Page_Maybank2u  Maybank Malaysia/div_Own Accounts")): Object: 'Object Repository/Web Login/Page_Maybank2u  Maybank Malaysia/div_Own Accounts' is clicked on

2023-08-30 10:21:52 - [MESSAGE][PASSED] - Object: 'Object Repository/Web Login/Page_Maybank2u  Maybank Malaysia/div_Own Accounts' is clicked on

2023-08-30 10:21:52 - [TEST_STEP][PASSED] - delay(2): Delayed 2 second(s)

2023-08-30 10:21:54 - [MESSAGE][PASSED] - Delayed 2 second(s)

2023-08-30 10:21:54 - [TEST_STEP][PASSED] - click(findTestObject("Object Repository/Web Login/Page_Maybank2u  Maybank Malaysia/span_Other Accounts ( Maybank and other banks )")): Object: 'Object Repository/Web Login/Page_Maybank2u  Maybank Malaysia/span_Other Accounts ( Maybank and other banks )' is clicked on

2023-08-30 10:21:55 - [MESSAGE][PASSED] - Object: 'Object Repository/Web Login/Page_Maybank2u  Maybank Malaysia/span_Other Accounts ( Maybank and other banks )' is clicked on

2023-08-30 10:21:55 - [TEST_STEP][PASSED] - click(findTestObject("Object Repository/Web Login/Page_Maybank2u  Maybank Malaysia/input_ASNB Accounts_PayFromToContainer---pa_1bae3d")): Object: 'Object Repository/Web Login/Page_Maybank2u  Maybank Malaysia/input_ASNB Accounts_PayFromToContainer---pa_1bae3d' is clicked on

2023-08-30 10:21:57 - [MESSAGE][PASSED] - Object: 'Object Repository/Web Login/Page_Maybank2u  Maybank Malaysia/input_ASNB Accounts_PayFromToContainer---pa_1bae3d' is clicked on

2023-08-30 10:21:57 - [TEST_STEP][PASSED] - click(findTestObject("Object Repository/Web Login/Page_Maybank2u  Maybank Malaysia/div_Maybank  Maybank Islamic")): Object: 'Object Repository/Web Login/Page_Maybank2u  Maybank Malaysia/div_Maybank  Maybank Islamic' is clicked on

2023-08-30 10:21:57 - [MESSAGE][PASSED] - Object: 'Object Repository/Web Login/Page_Maybank2u  Maybank Malaysia/div_Maybank  Maybank Islamic' is clicked on

2023-08-30 10:21:57 - [TEST_STEP][PASSED] - setText(findTestObject("Object Repository/Web Login/Page_Maybank2u  Maybank Malaysia/input_Account number_toAccount"), "164017298921"): Text '164017298921' is set on object 'Object Repository/Web Login/Page_Maybank2u  Maybank Malaysia/input_Account number_toAccount'

2023-08-30 10:21:59 - [MESSAGE][PASSED] - Text '164017298921' is set on object 'Object Repository/Web Login/Page_Maybank2u  Maybank Malaysia/input_Account number_toAccount'

2023-08-30 10:21:59 - [TEST_STEP][PASSED] - setText(findTestObject("Object Repository/Web Login/Page_Maybank2u  Maybank Malaysia/input_Recipient Reference_transferPurpose"), "DevOps test"): Text 'DevOps test' is set on object 'Object Repository/Web Login/Page_Maybank2u  Maybank Malaysia/input_Recipient Reference_transferPurpose'

2023-08-30 10:22:00 - [MESSAGE][PASSED] - Text 'DevOps test' is set on object 'Object Repository/Web Login/Page_Maybank2u  Maybank Malaysia/input_Recipient Reference_transferPurpose'

2023-08-30 10:22:00 - [TEST_STEP][PASSED] - getText(findTestObject("Object Repository/Web Login/Page_Maybank2u  Maybank Malaysia/p_Money withdrawn from your insured deposit_747020")): Text of object 'Object Repository/Web Login/Page_Maybank2u  Maybank Malaysia/p_Money withdrawn from your insured deposit_747020' is: 'Money withdrawn from your insured deposit(s) is no longer protected by PIDM if transferred to a non PIDM members'

2023-08-30 10:22:00 - [MESSAGE][PASSED] - Text of object 'Object Repository/Web Login/Page_Maybank2u  Maybank Malaysia/p_Money withdrawn from your insured deposit_747020' is: 'Money withdrawn from your insured deposit(s) is no longer protected by PIDM if transferred to a non PIDM members'

2023-08-30 10:22:00 - [TEST_STEP][PASSED] - click(findTestObject("Object Repository/Web Login/Page_Maybank2u  Maybank Malaysia/span_TRANSFER")): Object: 'Object Repository/Web Login/Page_Maybank2u  Maybank Malaysia/span_TRANSFER' is clicked on

2023-08-30 10:22:01 - [MESSAGE][PASSED] - Object: 'Object Repository/Web Login/Page_Maybank2u  Maybank Malaysia/span_TRANSFER' is clicked on

2023-08-30 10:22:01 - [TEST_STEP][PASSED] - getText(findTestObject("Web Login/SPY error message/Page_Maybank2u  Maybank Malaysia/span_Please do not leave field blank")): Text of object 'Object Repository/Web Login/SPY error message/Page_Maybank2u  Maybank Malaysia/span_Please do not leave field blank' is: 'Please do not leave field blank'

2023-08-30 10:22:01 - [MESSAGE][PASSED] - Text of object 'Object Repository/Web Login/SPY error message/Page_Maybank2u  Maybank Malaysia/span_Please do not leave field blank' is: 'Please do not leave field blank'

2023-08-30 10:22:01 - [TEST_STEP][PASSED] - getText(findTestObject("Web Login/SPY error message/Page_Maybank2u  Maybank Malaysia/span_Transfer Amount should not be empty")): Text of object 'Object Repository/Web Login/SPY error message/Page_Maybank2u  Maybank Malaysia/span_Transfer Amount should not be empty' is: 'Transfer Amount should not be empty'

2023-08-30 10:22:02 - [MESSAGE][PASSED] - Text of object 'Object Repository/Web Login/SPY error message/Page_Maybank2u  Maybank Malaysia/span_Transfer Amount should not be empty' is: 'Transfer Amount should not be empty'

2023-08-30 10:22:02 - [TEST_STEP][PASSED] - verifyElementText(findTestObject("Web Login/SPY error message/Page_Maybank2u  Maybank Malaysia/span_Transfer Amount should not be empty"), "Transfer Amount should not be empty"): Actual text and expected text of test object 'Object Repository/Web Login/SPY error message/Page_Maybank2u  Maybank Malaysia/span_Transfer Amount should not be empty' are matched.

2023-08-30 10:22:02 - [MESSAGE][PASSED] - Actual text and expected text of test object 'Object Repository/Web Login/SPY error message/Page_Maybank2u  Maybank Malaysia/span_Transfer Amount should not be empty' are matched.

2023-08-30 10:22:02 - [TEST_STEP][PASSED] - takeScreenshot(): Taking screenshot successfully

2023-08-30 10:22:03 - [MESSAGE][PASSED] - Taking screenshot successfully
[[ATTACHMENT|/Users/mosaj/Documents/GitHub/MAE-M2U-TestCloud/Reports/20230830_101957/board/board_m2u_transfe/20230830_101957/1693362123063.png]]

2023-08-30 10:22:03 - [TEST_STEP][PASSED] - delay(2): Delayed 2 second(s)

2023-08-30 10:22:05 - [MESSAGE][PASSED] - Delayed 2 second(s)

2023-08-30 10:22:05 - [TEST_STEP][PASSED] - click(findTestObject("Web Login/SPY error message/Page_Maybank2u  Maybank Malaysia/span_")): Object: 'Object Repository/Web Login/SPY error message/Page_Maybank2u  Maybank Malaysia/span_' is clicked on

2023-08-30 10:22:05 - [MESSAGE][PASSED] - Object: 'Object Repository/Web Login/SPY error message/Page_Maybank2u  Maybank Malaysia/span_' is clicked on

2023-08-30 10:22:05 - [TEST_STEP][PASSED] - takeScreenshot(): Taking screenshot successfully

2023-08-30 10:22:07 - [MESSAGE][PASSED] - Taking screenshot successfully
[[ATTACHMENT|/Users/mosaj/Documents/GitHub/MAE-M2U-TestCloud/Reports/20230830_101957/board/board_m2u_transfe/20230830_101957/1693362126687.png]]

2023-08-30 10:22:07 - [TEST_STEP][PASSED] - setText(findTestObject("Object Repository/Web Login/Page_Maybank2u  Maybank Malaysia/input_Transfer Amount_amount"), "0.1"): Text '0.1' is set on object 'Object Repository/Web Login/Page_Maybank2u  Maybank Malaysia/input_Transfer Amount_amount'

2023-08-30 10:22:07 - [MESSAGE][PASSED] - Text '0.1' is set on object 'Object Repository/Web Login/Page_Maybank2u  Maybank Malaysia/input_Transfer Amount_amount'

2023-08-30 10:22:07 - [TEST_STEP][PASSED] - click(findTestObject("Object Repository/Web Login/Page_Maybank2u  Maybank Malaysia/span_TRANSFER")): Object: 'Object Repository/Web Login/Page_Maybank2u  Maybank Malaysia/span_TRANSFER' is clicked on

2023-08-30 10:22:08 - [MESSAGE][PASSED] - Object: 'Object Repository/Web Login/Page_Maybank2u  Maybank Malaysia/span_TRANSFER' is clicked on

2023-08-30 10:22:08 - [TEST_STEP][PASSED] - getText(findTestObject("Object Repository/Web Login/Page_Maybank2u  Maybank Malaysia/h6_Tap on the notification on your smartpho_593a44")): Text of object 'Object Repository/Web Login/Page_Maybank2u  Maybank Malaysia/h6_Tap on the notification on your smartpho_593a44' is: 'Tap on the notification on your smartphone to approve the transaction.'

2023-08-30 10:22:09 - [MESSAGE][PASSED] - Text of object 'Object Repository/Web Login/Page_Maybank2u  Maybank Malaysia/h6_Tap on the notification on your smartpho_593a44' is: 'Tap on the notification on your smartphone to approve the transaction.'

2023-08-30 10:22:09 - [TEST_STEP][PASSED] - getText(findTestObject("Object Repository/Web Login/Page_Maybank2u  Maybank Malaysia/span_REQUEST")): Text of object 'Object Repository/Web Login/Page_Maybank2u  Maybank Malaysia/span_REQUEST' is: 'REQUEST'

2023-08-30 10:22:10 - [MESSAGE][PASSED] - Text of object 'Object Repository/Web Login/Page_Maybank2u  Maybank Malaysia/span_REQUEST' is: 'REQUEST'

2023-08-30 10:22:10 - [TEST_STEP][PASSED] - takeScreenshot(): Taking screenshot successfully

2023-08-30 10:22:10 - [MESSAGE][PASSED] - Taking screenshot successfully
[[ATTACHMENT|/Users/mosaj/Documents/GitHub/MAE-M2U-TestCloud/Reports/20230830_101957/board/board_m2u_transfe/20230830_101957/1693362130332.png]]

2023-08-30 10:22:10 - [TEST_STEP][PASSED] - click(findTestObject("Object Repository/Web Login/Page_Maybank2u  Maybank Malaysia/span_REQUEST")): Object: 'Object Repository/Web Login/Page_Maybank2u  Maybank Malaysia/span_REQUEST' is clicked on

2023-08-30 10:22:11 - [MESSAGE][PASSED] - Object: 'Object Repository/Web Login/Page_Maybank2u  Maybank Malaysia/span_REQUEST' is clicked on

2023-08-30 10:22:11 - [TEST_STEP][NOT_RUN] - getText(findTestObject("Object Repository/Web Login/Page_Maybank2u  Maybank Malaysia/h4_Check your Secure2u registered device an_fd105e")): NOT_RUN: getText(findTestObject("Object Repository/Web Login/Page_Maybank2u  Maybank Malaysia/h4_Check your Secure2u registered device an_fd105e"))

2023-08-30 10:22:11 - [MESSAGE][NOT_RUN] - NOT_RUN: getText(findTestObject("Object Repository/Web Login/Page_Maybank2u  Maybank Malaysia/h4_Check your Secure2u registered device an_fd105e"))

2023-08-30 10:22:11 - [TEST_STEP][PASSED] - getText(findTestObject("Object Repository/Web Login/Page_Maybank2u  Maybank Malaysia/div_StatusSuccessful")): Text of object 'Object Repository/Web Login/Page_Maybank2u  Maybank Malaysia/div_StatusSuccessful' is: 'Status
Successful'

2023-08-30 10:22:19 - [MESSAGE][PASSED] - Text of object 'Object Repository/Web Login/Page_Maybank2u  Maybank Malaysia/div_StatusSuccessful' is: 'Status
Successful'

2023-08-30 10:22:19 - [TEST_STEP][PASSED] - getText(findTestObject("Object Repository/Web Login/Page_Maybank2u  Maybank Malaysia/div_Successful")): Text of object 'Object Repository/Web Login/Page_Maybank2u  Maybank Malaysia/div_Successful' is: 'Successful'

2023-08-30 10:22:20 - [MESSAGE][PASSED] - Text of object 'Object Repository/Web Login/Page_Maybank2u  Maybank Malaysia/div_Successful' is: 'Successful'

2023-08-30 10:22:20 - [TEST_STEP][PASSED] - getText(findTestObject("Object Repository/Web Login/Page_Maybank2u  Maybank Malaysia/span_Transaction Successful")): Text of object 'Object Repository/Web Login/Page_Maybank2u  Maybank Malaysia/span_Transaction Successful' is: 'Transaction Successful!'

2023-08-30 10:22:20 - [MESSAGE][PASSED] - Text of object 'Object Repository/Web Login/Page_Maybank2u  Maybank Malaysia/span_Transaction Successful' is: 'Transaction Successful!'

2023-08-30 10:22:20 - [TEST_STEP][PASSED] - verifyElementText(findTestObject("Object Repository/Web Login/Page_Maybank2u  Maybank Malaysia/span_Transaction Successful"), "Transaction Successful!"): Actual text and expected text of test object 'Object Repository/Web Login/Page_Maybank2u  Maybank Malaysia/span_Transaction Successful' are matched.

2023-08-30 10:22:21 - [MESSAGE][PASSED] - Actual text and expected text of test object 'Object Repository/Web Login/Page_Maybank2u  Maybank Malaysia/span_Transaction Successful' are matched.

2023-08-30 10:22:21 - [TEST_STEP][PASSED] - takeScreenshot(): Taking screenshot successfully

2023-08-30 10:22:21 - [MESSAGE][PASSED] - Taking screenshot successfully
[[ATTACHMENT|/Users/mosaj/Documents/GitHub/MAE-M2U-TestCloud/Reports/20230830_101957/board/board_m2u_transfe/20230830_101957/1693362141382.png]]

2023-08-30 10:22:21 - [TEST_STEP][PASSED] - scrollToPosition(1300, 40): Browser is scrolled to position x = 1300, y = 40

2023-08-30 10:22:21 - [MESSAGE][PASSED] - Browser is scrolled to position x = 1300, y = 40

2023-08-30 10:22:21 - [TEST_STEP][PASSED] - verifyElementVisible(findTestObject("Object Repository/Web Login/Page_Maybank2u  Maybank Malaysia/div_TRANSFER")): Object 'Object Repository/Web Login/Page_Maybank2u  Maybank Malaysia/div_TRANSFER' is visible

2023-08-30 10:22:22 - [MESSAGE][PASSED] - Object 'Object Repository/Web Login/Page_Maybank2u  Maybank Malaysia/div_TRANSFER' is visible

2023-08-30 10:22:22 - [TEST_STEP][PASSED] - click(findTestObject("Object Repository/Web Login/Page_Maybank2u  Maybank Malaysia/div_TRANSFER")): Object: 'Object Repository/Web Login/Page_Maybank2u  Maybank Malaysia/div_TRANSFER' is clicked on

2023-08-30 10:22:22 - [MESSAGE][PASSED] - Object: 'Object Repository/Web Login/Page_Maybank2u  Maybank Malaysia/div_TRANSFER' is clicked on

2023-08-30 10:22:22 - [TEST_STEP][PASSED] - click(findTestObject("Object Repository/Web Login/Page_Maybank2u  Maybank Malaysia/a_PAY  TRANSFER")): Object: 'Object Repository/Web Login/Page_Maybank2u  Maybank Malaysia/a_PAY  TRANSFER' is clicked on

2023-08-30 10:22:23 - [MESSAGE][PASSED] - Object: 'Object Repository/Web Login/Page_Maybank2u  Maybank Malaysia/a_PAY  TRANSFER' is clicked on

2023-08-30 10:22:23 - [TEST_STEP][PASSED] - click(findTestObject("Object Repository/Web Login/Page_Maybank2u  Maybank Malaysia/a_MY ACCOUNTS")): Object: 'Object Repository/Web Login/Page_Maybank2u  Maybank Malaysia/a_MY ACCOUNTS' is clicked on

2023-08-30 10:22:25 - [MESSAGE][PASSED] - Object: 'Object Repository/Web Login/Page_Maybank2u  Maybank Malaysia/a_MY ACCOUNTS' is clicked on

2023-08-30 10:22:25 - [TEST_STEP][PASSED] - click(findTestObject("Object Repository/Web Login/Page_Maybank2u  Maybank Malaysia/div_ACCOUNTS")): Object: 'Object Repository/Web Login/Page_Maybank2u  Maybank Malaysia/div_ACCOUNTS' is clicked on

2023-08-30 10:22:56 - [MESSAGE][INFO] - Unable to find the element located by 'By.xpath: //div[@id='scrollToDetails']/div/div/div/div/div[2]/div/div/div/div[2]/div/div/div/div'. Please recheck the objects properties to make sure the desired element is located. 

2023-08-30 10:22:56 - [MESSAGE][WARNING] - [SELF-HEALING] Failed to find element with id 'Object Repository/Web Login/Page_Maybank2u  Maybank Malaysia/div_ACCOUNTS'. Try using Self-healing.

2023-08-30 10:22:56 - [MESSAGE][WARNING] - [SELF-HEALING] The current locator of test object 'Object Repository/Web Login/Page_Maybank2u  Maybank Malaysia/div_ACCOUNTS' was broken. Propose an alternative one: '(.//*[normalize-space(text()) and normalize-space(.)='CONTACT US'])[1]/following::div[15]'.

2023-08-30 10:22:56 - [MESSAGE][PASSED] - Object: 'Object Repository/Web Login/Page_Maybank2u  Maybank Malaysia/div_ACCOUNTS' is clicked on

2023-08-30 10:22:56 - [TEST_STEP][PASSED] - delay(2): Delayed 2 second(s)

2023-08-30 10:22:58 - [MESSAGE][PASSED] - Delayed 2 second(s)

2023-08-30 10:22:58 - [TEST_STEP][PASSED] - verifyElementPresent(findTestObject("Object Repository/Web Login/Page_Maybank2u  Maybank Malaysia/span_LOGOUT"), 0): Object 'Object Repository/Web Login/Page_Maybank2u  Maybank Malaysia/span_LOGOUT' is present

2023-08-30 10:22:58 - [MESSAGE][WARNING] - Timeout '0' is invalid. Using default page load timeout: '30'

2023-08-30 10:23:00 - [MESSAGE][PASSED] - Object 'Object Repository/Web Login/Page_Maybank2u  Maybank Malaysia/span_LOGOUT' is present

2023-08-30 10:23:00 - [TEST_STEP][PASSED] - click(findTestObject("Object Repository/Web Login/Page_Maybank2u  Maybank Malaysia/span_LOGOUT")): Object: 'Object Repository/Web Login/Page_Maybank2u  Maybank Malaysia/span_LOGOUT' is clicked on

2023-08-30 10:23:03 - [MESSAGE][PASSED] - Object: 'Object Repository/Web Login/Page_Maybank2u  Maybank Malaysia/span_LOGOUT' is clicked on

2023-08-30 10:23:03 - [TEST_STEP][PASSED] - getText(findTestObject("Object Repository/Web Login/Page_Maybank2u  Maybank Malaysia/th_ACTIVITY DETAILS")): Text of object 'Object Repository/Web Login/Page_Maybank2u  Maybank Malaysia/th_ACTIVITY DETAILS' is: 'ACTIVITY DETAILS'

2023-08-30 10:23:04 - [MESSAGE][PASSED] - Text of object 'Object Repository/Web Login/Page_Maybank2u  Maybank Malaysia/th_ACTIVITY DETAILS' is: 'ACTIVITY DETAILS'

2023-08-30 10:23:04 - [TEST_STEP][PASSED] - getText(findTestObject("Object Repository/Web Login/Page_Maybank2u  Maybank Malaysia/span_You have logged out")): Text of object 'Object Repository/Web Login/Page_Maybank2u  Maybank Malaysia/span_You have logged out' is: 'You have logged out!'

2023-08-30 10:23:06 - [MESSAGE][PASSED] - Text of object 'Object Repository/Web Login/Page_Maybank2u  Maybank Malaysia/span_You have logged out' is: 'You have logged out!'

2023-08-30 10:23:06 - [TEST_STEP][PASSED] - verifyElementText(findTestObject("Object Repository/Web Login/Page_Maybank2u  Maybank Malaysia/span_You have logged out"), "You have logged out!"): Actual text and expected text of test object 'Object Repository/Web Login/Page_Maybank2u  Maybank Malaysia/span_You have logged out' are matched.

2023-08-30 10:23:07 - [MESSAGE][PASSED] - Actual text and expected text of test object 'Object Repository/Web Login/Page_Maybank2u  Maybank Malaysia/span_You have logged out' are matched.

2023-08-30 10:23:07 - [TEST_STEP][PASSED] - getText(findTestObject("Object Repository/Web Login/Page_Maybank2u  Maybank Malaysia/div_Transfer from   Savings Account-i 16401_e08176")): Text of object 'Object Repository/Web Login/Page_Maybank2u  Maybank Malaysia/div_Transfer from   Savings Account-i 16401_e08176' is: 'Transfer from Savings Account-i 164017298921
Transfer to MOHAMMAD MOSAJ GOHAR 164017298921
30 Aug 2023'

2023-08-30 10:23:08 - [MESSAGE][PASSED] - Text of object 'Object Repository/Web Login/Page_Maybank2u  Maybank Malaysia/div_Transfer from   Savings Account-i 16401_e08176' is: 'Transfer from Savings Account-i 164017298921
Transfer to MOHAMMAD MOSAJ GOHAR 164017298921
30 Aug 2023'

2023-08-30 10:23:08 - [TEST_STEP][PASSED] - delay(3): Delayed 3 second(s)

2023-08-30 10:23:11 - [MESSAGE][PASSED] - Delayed 3 second(s)

2023-08-30 10:23:11 - [TEST_STEP][PASSED] - closeBrowser(): Browser is closed

2023-08-30 10:23:11 - [MESSAGE][PASSED] - Browser is closed]]></system-out>
         <system-err><![CDATA[]]></system-err>
      </testcase>
      <system-out><![CDATA[2023-08-30 10:21:10 - [TEST_SUITE][PASSED] - board_m2u_transfe: Test Cases/Web Login/Transfer_OpenThirdParty]]></system-out>
      <system-err><![CDATA[]]></system-err>
   </testsuite>
</testsuites>
