<?xml version="1.0" encoding="UTF-8"?>
<testsuites name="transfer - negativeTest" time="52.632" tests="1" failures="0" errors="0">
   <testsuite name="transfer - negativeTest" tests="1" failures="0" errors="0" time="52.632" skipped="0" timestamp="2023-08-30 10:43:48" hostname="mosaj - 192.168.1.183" id="Test Suites/board/transfer - negativeTest">
      <properties>
         <property name="deviceName" value=""/>
         <property name="devicePlatform" value=""/>
         <property name="logFolder" value="/Users/mosaj/Documents/GitHub/MAE-M2U-TestCloud/Reports/20230830_103631/board/transfer - negativeTest/20230830_103652"/>
         <property name="logFiles" value="/Users/mosaj/Documents/GitHub/MAE-M2U-TestCloud/Reports/20230830_103631/board/transfer - negativeTest/20230830_103652/execution0.log"/>
         <property name="attachments" value="/Users/mosaj/Documents/GitHub/MAE-M2U-TestCloud/Reports/20230830_103631/board/transfer - negativeTest/20230830_103652/1693363466908.png"/>
         <property name="hostName" value="mosaj - 192.168.1.183"/>
         <property name="os" value="Mac OS X 64bit"/>
         <property name="katalonVersion" value="8.6.6.208"/>
         <property name="browser" value="Chrome 116.0.0.0"/>
         <property name="hostAddress" value="10.154.6.164"/>
         <property name="sessionId" value="c3576a80202fdb7119332ae5972d8c33"/>
         <property name="seleniumVersion" value="3.141.59"/>
         <property name="proxyInformation" value="ProxyInformation { proxyOption=NO_PROXY, proxyServerType=HTTP, username=, password=********, proxyServerAddress=, proxyServerPort=0, executionList=&quot;&quot;, isApplyToDesiredCapabilities=true }"/>
         <property name="platform" value="Mac OS X"/>
      </properties>
      <testcase name="Test Cases/Web Login/transfer - negativeTest" time="52.055" classname="Test Cases/Web Login/transfer - negativeTest" status="PASSED">
         <system-out><![CDATA[2023-08-30 10:43:49 - [TEST_CASE][PASSED] - Test Cases/Web Login/transfer - negativeTest: Test Cases/Web Login/transfer - negativeTest

2023-08-30 10:43:50 - [TEST_STEP][PASSED] - openBrowser(""): Browser is opened with url: ''

2023-08-30 10:43:50 - [MESSAGE][INFO] - Starting 'Chrome' driver

2023-08-30 10:43:50 - [MESSAGE][INFO] - Action delay is set to 0 milliseconds

2023-08-30 10:43:55 - [MESSAGE][PASSED] - Browser is opened with url: ''

2023-08-30 10:43:55 - [TEST_STEP][PASSED] - openBrowser(""): Browser is opened with url: ''

2023-08-30 10:43:55 - [MESSAGE][WARNING] - A browser is already opened. Closing browser and opening a new one

2023-08-30 10:43:55 - [MESSAGE][INFO] - Starting 'Chrome' driver

2023-08-30 10:43:55 - [MESSAGE][INFO] - Action delay is set to 0 milliseconds

2023-08-30 10:43:57 - [MESSAGE][PASSED] - Browser is opened with url: ''

2023-08-30 10:43:57 - [TEST_STEP][PASSED] - maximizeWindow(): Current window maximized

2023-08-30 10:43:58 - [MESSAGE][PASSED] - Current window maximized

2023-08-30 10:43:58 - [TEST_STEP][PASSED] - navigateToUrl("https://www.maybank2u.com.my/home/m2u/common/login.do"): Navigate to 'https://www.maybank2u.com.my/home/m2u/common/login.do' successfully

2023-08-30 10:44:05 - [MESSAGE][PASSED] - Navigate to 'https://www.maybank2u.com.my/home/m2u/common/login.do' successfully

2023-08-30 10:44:05 - [TEST_STEP][PASSED] - getPageHeight(): Current page's height is 3213

2023-08-30 10:44:05 - [MESSAGE][PASSED] - Current page's height is 3213

2023-08-30 10:44:05 - [TEST_STEP][PASSED] - getPageWidth(): Current page's width is 1440

2023-08-30 10:44:05 - [MESSAGE][PASSED] - Current page's width is 1440

2023-08-30 10:44:05 - [TEST_STEP][PASSED] - setText(findTestObject("Object Repository/Web Login/Page_Maybank2u  Maybank Malaysia/input_Humanising Financial Services_username"), findTestData("DevOps").getValue(1, 1)): Text 'mosajgohar1' is set on object 'Object Repository/Web Login/Page_Maybank2u  Maybank Malaysia/input_Humanising Financial Services_username'

2023-08-30 10:44:13 - [MESSAGE][PASSED] - Text 'mosajgohar1' is set on object 'Object Repository/Web Login/Page_Maybank2u  Maybank Malaysia/input_Humanising Financial Services_username'

2023-08-30 10:44:13 - [TEST_STEP][PASSED] - click(findTestObject("Object Repository/Web Login/Page_Maybank2u  Maybank Malaysia/button_LOGIN")): Object: 'Object Repository/Web Login/Page_Maybank2u  Maybank Malaysia/button_LOGIN' is clicked on

2023-08-30 10:44:14 - [MESSAGE][PASSED] - Object: 'Object Repository/Web Login/Page_Maybank2u  Maybank Malaysia/button_LOGIN' is clicked on

2023-08-30 10:44:14 - [TEST_STEP][PASSED] - click(findTestObject("Object Repository/Web Login/Page_Maybank2u  Maybank Malaysia/button_YES")): Object: 'Object Repository/Web Login/Page_Maybank2u  Maybank Malaysia/button_YES' is clicked on

2023-08-30 10:44:15 - [MESSAGE][PASSED] - Object: 'Object Repository/Web Login/Page_Maybank2u  Maybank Malaysia/button_YES' is clicked on

2023-08-30 10:44:15 - [TEST_STEP][PASSED] - setText(findTestObject("Object Repository/Web Login/Page_Maybank2u  Maybank Malaysia/input_Hello_my-password-input"), "Mayesha@19"): Text 'Mayesha@19' is set on object 'Object Repository/Web Login/Page_Maybank2u  Maybank Malaysia/input_Hello_my-password-input'

2023-08-30 10:44:16 - [MESSAGE][PASSED] - Text 'Mayesha@19' is set on object 'Object Repository/Web Login/Page_Maybank2u  Maybank Malaysia/input_Hello_my-password-input'

2023-08-30 10:44:16 - [TEST_STEP][PASSED] - delay(5): Delayed 5 second(s)

2023-08-30 10:44:21 - [MESSAGE][PASSED] - Delayed 5 second(s)

2023-08-30 10:44:21 - [TEST_STEP][PASSED] - click(findTestObject("Object Repository/Web Login/Page_Maybank2u  Maybank Malaysia/span_LOGIN")): Object: 'Object Repository/Web Login/Page_Maybank2u  Maybank Malaysia/span_LOGIN' is clicked on

2023-08-30 10:44:22 - [MESSAGE][PASSED] - Object: 'Object Repository/Web Login/Page_Maybank2u  Maybank Malaysia/span_LOGIN' is clicked on

2023-08-30 10:44:22 - [TEST_STEP][PASSED] - delay(4): Delayed 4 second(s)

2023-08-30 10:44:26 - [MESSAGE][PASSED] - Delayed 4 second(s)

2023-08-30 10:44:26 - [TEST_STEP][PASSED] - takeScreenshot(): Taking screenshot successfully

2023-08-30 10:44:27 - [MESSAGE][PASSED] - Taking screenshot successfully
[[ATTACHMENT|/Users/mosaj/Documents/GitHub/MAE-M2U-TestCloud/Reports/20230830_103631/board/transfer - negativeTest/20230830_103652/1693363466908.png]]

2023-08-30 10:44:27 - [TEST_STEP][PASSED] - click(findTestObject("Object Repository/Web Login/Page_Maybank2u  Maybank Malaysia/a_MY ACCOUNTS")): Object: 'Object Repository/Web Login/Page_Maybank2u  Maybank Malaysia/a_MY ACCOUNTS' is clicked on

2023-08-30 10:44:28 - [MESSAGE][PASSED] - Object: 'Object Repository/Web Login/Page_Maybank2u  Maybank Malaysia/a_MY ACCOUNTS' is clicked on

2023-08-30 10:44:28 - [TEST_STEP][PASSED] - delay(2): Delayed 2 second(s)

2023-08-30 10:44:30 - [MESSAGE][PASSED] - Delayed 2 second(s)

2023-08-30 10:44:30 - [TEST_STEP][PASSED] - click(findTestObject("Object Repository/Web Login/Page_Maybank2u  Maybank Malaysia/a_PAY  TRANSFER")): Object: 'Object Repository/Web Login/Page_Maybank2u  Maybank Malaysia/a_PAY  TRANSFER' is clicked on

2023-08-30 10:44:31 - [MESSAGE][PASSED] - Object: 'Object Repository/Web Login/Page_Maybank2u  Maybank Malaysia/a_PAY  TRANSFER' is clicked on

2023-08-30 10:44:31 - [TEST_STEP][PASSED] - delay(2): Delayed 2 second(s)

2023-08-30 10:44:33 - [MESSAGE][PASSED] - Delayed 2 second(s)

2023-08-30 10:44:33 - [TEST_STEP][PASSED] - click(findTestObject("Object Repository/Web Login/Page_Maybank2u  Maybank Malaysia/span_x")): Object: 'Object Repository/Web Login/Page_Maybank2u  Maybank Malaysia/span_x' is clicked on

2023-08-30 10:44:33 - [MESSAGE][PASSED] - Object: 'Object Repository/Web Login/Page_Maybank2u  Maybank Malaysia/span_x' is clicked on

2023-08-30 10:44:33 - [TEST_STEP][PASSED] - click(findTestObject("Object Repository/Web Login/Page_Maybank2u  Maybank Malaysia/div_TRANSFER")): Object: 'Object Repository/Web Login/Page_Maybank2u  Maybank Malaysia/div_TRANSFER' is clicked on

2023-08-30 10:44:34 - [MESSAGE][PASSED] - Object: 'Object Repository/Web Login/Page_Maybank2u  Maybank Malaysia/div_TRANSFER' is clicked on

2023-08-30 10:44:34 - [TEST_STEP][PASSED] - delay(2): Delayed 2 second(s)

2023-08-30 10:44:36 - [MESSAGE][PASSED] - Delayed 2 second(s)

2023-08-30 10:44:36 - [TEST_STEP][PASSED] - click(findTestObject("Object Repository/Web Login/Page_Maybank2u  Maybank Malaysia/div_Own Accounts")): Object: 'Object Repository/Web Login/Page_Maybank2u  Maybank Malaysia/div_Own Accounts' is clicked on

2023-08-30 10:44:36 - [MESSAGE][PASSED] - Object: 'Object Repository/Web Login/Page_Maybank2u  Maybank Malaysia/div_Own Accounts' is clicked on

2023-08-30 10:44:36 - [TEST_STEP][PASSED] - delay(2): Delayed 2 second(s)

2023-08-30 10:44:38 - [MESSAGE][PASSED] - Delayed 2 second(s)

2023-08-30 10:44:38 - [TEST_STEP][PASSED] - click(findTestObject("Object Repository/Web Login/Page_Maybank2u  Maybank Malaysia/span_Other Accounts ( Maybank and other banks )")): Object: 'Object Repository/Web Login/Page_Maybank2u  Maybank Malaysia/span_Other Accounts ( Maybank and other banks )' is clicked on

2023-08-30 10:44:39 - [MESSAGE][PASSED] - Object: 'Object Repository/Web Login/Page_Maybank2u  Maybank Malaysia/span_Other Accounts ( Maybank and other banks )' is clicked on

2023-08-30 10:44:39 - [TEST_STEP][PASSED] - click(findTestObject("Object Repository/Web Login/Page_Maybank2u  Maybank Malaysia/input_ASNB Accounts_PayFromToContainer---pa_1bae3d")): Object: 'Object Repository/Web Login/Page_Maybank2u  Maybank Malaysia/input_ASNB Accounts_PayFromToContainer---pa_1bae3d' is clicked on

2023-08-30 10:44:40 - [MESSAGE][PASSED] - Object: 'Object Repository/Web Login/Page_Maybank2u  Maybank Malaysia/input_ASNB Accounts_PayFromToContainer---pa_1bae3d' is clicked on

2023-08-30 10:44:40 - [TEST_STEP][PASSED] - click(findTestObject("Object Repository/Web Login/Page_Maybank2u  Maybank Malaysia/div_Maybank  Maybank Islamic")): Object: 'Object Repository/Web Login/Page_Maybank2u  Maybank Malaysia/div_Maybank  Maybank Islamic' is clicked on

2023-08-30 10:44:41 - [MESSAGE][PASSED] - Object: 'Object Repository/Web Login/Page_Maybank2u  Maybank Malaysia/div_Maybank  Maybank Islamic' is clicked on

2023-08-30 10:44:41 - [TEST_STEP][NOT_RUN] - closeBrowser(): NOT_RUN: closeBrowser()

2023-08-30 10:44:41 - [MESSAGE][NOT_RUN] - NOT_RUN: closeBrowser()]]></system-out>
         <system-err><![CDATA[]]></system-err>
      </testcase>
      <system-out><![CDATA[2023-08-30 10:43:48 - [TEST_SUITE][PASSED] - transfer - negativeTest: Test Cases/Web Login/transfer - negativeTest]]></system-out>
      <system-err><![CDATA[]]></system-err>
   </testsuite>
</testsuites>
