<?xml version="1.0" encoding="UTF-8"?>
<testsuites name="m2u navigation" time="137.83" tests="1" failures="0" errors="0">
   <testsuite name="m2u navigation" tests="1" failures="0" errors="0" time="137.83" skipped="0" timestamp="2023-08-30 11:01:59" hostname="mosaj - 192.168.1.183" id="Test Suites/board/m2u navigation">
      <properties>
         <property name="deviceName" value=""/>
         <property name="devicePlatform" value=""/>
         <property name="logFolder" value="/Users/mosaj/Documents/GitHub/MAE-M2U-TestCloud/Reports/20230830_110055/board/m2u navigation/20230830_110106"/>
         <property name="logFiles" value="/Users/mosaj/Documents/GitHub/MAE-M2U-TestCloud/Reports/20230830_110055/board/m2u navigation/20230830_110106/execution0.log"/>
         <property name="attachments" value=""/>
         <property name="hostName" value="mosaj - 192.168.1.183"/>
         <property name="os" value="Mac OS X 64bit"/>
         <property name="katalonVersion" value="8.6.6.208"/>
         <property name="browser" value="Chrome 116.0.0.0"/>
         <property name="hostAddress" value="10.154.6.164"/>
         <property name="sessionId" value="7fa4e1c3ffabe67fa7ecc1c039165b22"/>
         <property name="seleniumVersion" value="3.141.59"/>
         <property name="proxyInformation" value="ProxyInformation { proxyOption=NO_PROXY, proxyServerType=HTTP, username=, password=********, proxyServerAddress=, proxyServerPort=0, executionList=&quot;&quot;, isApplyToDesiredCapabilities=true }"/>
         <property name="platform" value="Mac OS X"/>
      </properties>
      <testcase name="Test Cases/Web Login/m2u home page Navigation" time="135.254" classname="Test Cases/Web Login/m2u home page Navigation" status="PASSED">
         <system-out><![CDATA[2023-08-30 11:02:02 - [TEST_CASE][PASSED] - Test Cases/Web Login/m2u home page Navigation: Test Cases/Web Login/m2u home page Navigation

2023-08-30 11:02:06 - [TEST_STEP][PASSED] - openBrowser(""): Browser is opened with url: ''

2023-08-30 11:02:09 - [MESSAGE][INFO] - Starting 'Chrome' driver

2023-08-30 11:02:09 - [MESSAGE][INFO] - Action delay is set to 0 milliseconds

2023-08-30 11:02:17 - [MESSAGE][PASSED] - Browser is opened with url: ''

2023-08-30 11:02:17 - [TEST_STEP][PASSED] - maximizeWindow(): Current window maximized

2023-08-30 11:02:20 - [MESSAGE][PASSED] - Current window maximized

2023-08-30 11:02:20 - [TEST_STEP][PASSED] - navigateToUrl("https://www.maybank2u.com.my/home/m2u/common/login.do"): Navigate to 'https://www.maybank2u.com.my/home/m2u/common/login.do' successfully

2023-08-30 11:03:25 - [MESSAGE][PASSED] - Navigate to 'https://www.maybank2u.com.my/home/m2u/common/login.do' successfully

2023-08-30 11:03:25 - [TEST_STEP][PASSED] - delay(2): Delayed 2 second(s)

2023-08-30 11:03:28 - [MESSAGE][PASSED] - Delayed 2 second(s)

2023-08-30 11:03:28 - [TEST_STEP][PASSED] - click(findTestObject("Object Repository/m2u home page/Page_Maybank2u  Maybank Malaysia/a_BUSINESS")): Object: 'Object Repository/m2u home page/Page_Maybank2u  Maybank Malaysia/a_BUSINESS' is clicked on

2023-08-30 11:03:40 - [MESSAGE][PASSED] - Object: 'Object Repository/m2u home page/Page_Maybank2u  Maybank Malaysia/a_BUSINESS' is clicked on

2023-08-30 11:03:40 - [TEST_STEP][PASSED] - delay(2): Delayed 2 second(s)

2023-08-30 11:03:42 - [MESSAGE][PASSED] - Delayed 2 second(s)

2023-08-30 11:03:42 - [TEST_STEP][PASSED] - verifyElementText(findTestObject("Object Repository/m2u home page/Page_Maybank2u Business  One Stop Digital S_523ae9/span_Login"), "LOGIN"): Actual text and expected text of test object 'Object Repository/m2u home page/Page_Maybank2u Business  One Stop Digital S_523ae9/span_Login' are matched.

2023-08-30 11:03:46 - [MESSAGE][PASSED] - Actual text and expected text of test object 'Object Repository/m2u home page/Page_Maybank2u Business  One Stop Digital S_523ae9/span_Login' are matched.

2023-08-30 11:03:46 - [TEST_STEP][PASSED] - click(findTestObject("Object Repository/m2u home page/Page_Maybank2u Business  One Stop Digital S_523ae9/span_Login")): Object: 'Object Repository/m2u home page/Page_Maybank2u Business  One Stop Digital S_523ae9/span_Login' is clicked on

2023-08-30 11:03:52 - [MESSAGE][PASSED] - Object: 'Object Repository/m2u home page/Page_Maybank2u Business  One Stop Digital S_523ae9/span_Login' is clicked on

2023-08-30 11:03:52 - [TEST_STEP][PASSED] - delay(5): Delayed 5 second(s)

2023-08-30 11:03:57 - [MESSAGE][PASSED] - Delayed 5 second(s)

2023-08-30 11:03:57 - [TEST_STEP][PASSED] - click(findTestObject("Object Repository/m2u home page/Page_Maybank2u.com Online Financial Services/button_close")): Object: 'Object Repository/m2u home page/Page_Maybank2u.com Online Financial Services/button_close' is clicked on

2023-08-30 11:04:01 - [MESSAGE][PASSED] - Object: 'Object Repository/m2u home page/Page_Maybank2u.com Online Financial Services/button_close' is clicked on

2023-08-30 11:04:01 - [TEST_STEP][PASSED] - delay(5): Delayed 5 second(s)

2023-08-30 11:04:06 - [MESSAGE][PASSED] - Delayed 5 second(s)

2023-08-30 11:04:06 - [TEST_STEP][PASSED] - click(findTestObject("Object Repository/m2u home page/Page_Maybank2u.com Online Financial Services/input_Username_action")): Object: 'Object Repository/m2u home page/Page_Maybank2u.com Online Financial Services/input_Username_action' is clicked on

2023-08-30 11:04:07 - [MESSAGE][PASSED] - Object: 'Object Repository/m2u home page/Page_Maybank2u.com Online Financial Services/input_Username_action' is clicked on

2023-08-30 11:04:07 - [TEST_STEP][PASSED] - delay(5): Delayed 5 second(s)

2023-08-30 11:04:12 - [MESSAGE][PASSED] - Delayed 5 second(s)

2023-08-30 11:04:12 - [TEST_STEP][PASSED] - getText(findTestObject("Object Repository/m2u home page/Page_Maybank2u.com Online Financial Services/span_Username is required")): Text of object 'Object Repository/m2u home page/Page_Maybank2u.com Online Financial Services/span_Username is required' is: 'Username is required.'

2023-08-30 11:04:15 - [MESSAGE][PASSED] - Text of object 'Object Repository/m2u home page/Page_Maybank2u.com Online Financial Services/span_Username is required' is: 'Username is required.'

2023-08-30 11:04:15 - [TEST_STEP][PASSED] - verifyElementText(findTestObject("Object Repository/m2u home page/Page_Maybank2u.com Online Financial Services/span_Username is required"), "Username is required."): Actual text and expected text of test object 'Object Repository/m2u home page/Page_Maybank2u.com Online Financial Services/span_Username is required' are matched.

2023-08-30 11:04:17 - [MESSAGE][PASSED] - Actual text and expected text of test object 'Object Repository/m2u home page/Page_Maybank2u.com Online Financial Services/span_Username is required' are matched.

2023-08-30 11:04:17 - [TEST_STEP][NOT_RUN] - closeBrowser(): NOT_RUN: closeBrowser()

2023-08-30 11:04:17 - [MESSAGE][NOT_RUN] - NOT_RUN: closeBrowser()]]></system-out>
         <system-err><![CDATA[]]></system-err>
      </testcase>
      <system-out><![CDATA[2023-08-30 11:01:59 - [TEST_SUITE][PASSED] - m2u navigation: Test Cases/Web Login/m2u home page Navigation]]></system-out>
      <system-err><![CDATA[]]></system-err>
   </testsuite>
</testsuites>
