<?xml version="1.0" encoding="UTF-8"?>
<testsuites name="GrandShowcase-TSC" time="2.05" tests="0" failures="0" errors="0"/>
