<?xml version="1.0" encoding="UTF-8"?>
<testsuites name="Board" time="463.455" tests="5" failures="0" errors="0">
   <testsuite name="login only" tests="1" failures="0" errors="0" time="83.336" skipped="0" timestamp="2023-08-30 10:37:10" hostname="mosaj - 192.168.1.183" id="Test Suites/board/login only">
      <properties>
         <property name="deviceName" value=""/>
         <property name="devicePlatform" value=""/>
         <property name="logFolder" value="/Users/mosaj/Documents/GitHub/MAE-M2U-TestCloud/Reports/20230830_103631/board/login only/20230830_103632"/>
         <property name="logFiles" value="/Users/mosaj/Documents/GitHub/MAE-M2U-TestCloud/Reports/20230830_103631/board/login only/20230830_103632/execution0.log"/>
         <property name="attachments" value=""/>
         <property name="hostName" value="mosaj - 192.168.1.183"/>
         <property name="os" value="Mac OS X 64bit"/>
         <property name="katalonVersion" value="8.6.6.208"/>
         <property name="browser" value="Chrome 116.0.0.0"/>
         <property name="hostAddress" value="10.154.6.164"/>
         <property name="sessionId" value="ea2fc62758d851cdda9b60f1c38cfcb5"/>
         <property name="seleniumVersion" value="3.141.59"/>
         <property name="proxyInformation" value="ProxyInformation { proxyOption=NO_PROXY, proxyServerType=HTTP, username=, password=********, proxyServerAddress=, proxyServerPort=0, executionList=&quot;&quot;, isApplyToDesiredCapabilities=true }"/>
         <property name="platform" value="Mac OS X"/>
      </properties>
      <testcase name="Test Cases/Web Login/m2u home page" time="82.654" classname="Test Cases/Web Login/m2u home page" status="PASSED">
         <system-out><![CDATA[2023-08-30 10:37:10 - [TEST_CASE][PASSED] - Test Cases/Web Login/m2u home page: Test Cases/Web Login/m2u home page

2023-08-30 10:37:11 - [TEST_STEP][PASSED] - openBrowser(""): Browser is opened with url: ''

2023-08-30 10:37:12 - [MESSAGE][INFO] - Starting 'Chrome' driver

2023-08-30 10:37:12 - [MESSAGE][INFO] - Action delay is set to 0 milliseconds

2023-08-30 10:37:18 - [MESSAGE][PASSED] - Browser is opened with url: ''

2023-08-30 10:37:18 - [TEST_STEP][PASSED] - maximizeWindow(): Current window maximized

2023-08-30 10:37:19 - [MESSAGE][PASSED] - Current window maximized

2023-08-30 10:37:19 - [TEST_STEP][PASSED] - navigateToUrl("https://www.maybank2u.com.my/home/m2u/common/login.do"): Navigate to 'https://www.maybank2u.com.my/home/m2u/common/login.do' successfully

2023-08-30 10:37:25 - [MESSAGE][PASSED] - Navigate to 'https://www.maybank2u.com.my/home/m2u/common/login.do' successfully

2023-08-30 10:37:25 - [TEST_STEP][PASSED] - setText(findTestObject("Object Repository/Web Login/Page_Maybank2u  Maybank Malaysia/input_Humanising Financial Services_username"), findTestData("DevOps").getValue(1, 2)): Text 'mosajgohar2' is set on object 'Object Repository/Web Login/Page_Maybank2u  Maybank Malaysia/input_Humanising Financial Services_username'

2023-08-30 10:37:31 - [MESSAGE][PASSED] - Text 'mosajgohar2' is set on object 'Object Repository/Web Login/Page_Maybank2u  Maybank Malaysia/input_Humanising Financial Services_username'

2023-08-30 10:37:31 - [TEST_STEP][PASSED] - delay(10): Delayed 10 second(s)

2023-08-30 10:37:41 - [MESSAGE][PASSED] - Delayed 10 second(s)

2023-08-30 10:37:41 - [TEST_STEP][PASSED] - click(findTestObject("Object Repository/Web Login/Page_Maybank2u  Maybank Malaysia/button_LOGIN")): Object: 'Object Repository/Web Login/Page_Maybank2u  Maybank Malaysia/button_LOGIN' is clicked on

2023-08-30 10:37:42 - [MESSAGE][PASSED] - Object: 'Object Repository/Web Login/Page_Maybank2u  Maybank Malaysia/button_LOGIN' is clicked on

2023-08-30 10:37:42 - [TEST_STEP][PASSED] - delay(10): Delayed 10 second(s)

2023-08-30 10:37:52 - [MESSAGE][PASSED] - Delayed 10 second(s)

2023-08-30 10:37:52 - [TEST_STEP][PASSED] - click(findTestObject("Object Repository/Web Login/Page_Maybank2u  Maybank Malaysia/button_YES")): Object: 'Object Repository/Web Login/Page_Maybank2u  Maybank Malaysia/button_YES' is clicked on

2023-08-30 10:37:52 - [MESSAGE][PASSED] - Object: 'Object Repository/Web Login/Page_Maybank2u  Maybank Malaysia/button_YES' is clicked on

2023-08-30 10:37:52 - [TEST_STEP][PASSED] - delay(10): Delayed 10 second(s)

2023-08-30 10:38:02 - [MESSAGE][PASSED] - Delayed 10 second(s)

2023-08-30 10:38:02 - [TEST_STEP][PASSED] - setText(findTestObject("Object Repository/Web Login/Page_Maybank2u  Maybank Malaysia/input_Hello_my-password-input"), "Mayesha@19"): Text 'Mayesha@19' is set on object 'Object Repository/Web Login/Page_Maybank2u  Maybank Malaysia/input_Hello_my-password-input'

2023-08-30 10:38:03 - [MESSAGE][PASSED] - Text 'Mayesha@19' is set on object 'Object Repository/Web Login/Page_Maybank2u  Maybank Malaysia/input_Hello_my-password-input'

2023-08-30 10:38:03 - [TEST_STEP][PASSED] - delay(30): Delayed 30 second(s)

2023-08-30 10:38:33 - [MESSAGE][PASSED] - Delayed 30 second(s)

2023-08-30 10:38:33 - [TEST_STEP][NOT_RUN] - closeBrowser(): NOT_RUN: closeBrowser()

2023-08-30 10:38:33 - [MESSAGE][NOT_RUN] - NOT_RUN: closeBrowser()]]></system-out>
         <system-err><![CDATA[]]></system-err>
      </testcase>
      <system-out><![CDATA[2023-08-30 10:37:10 - [TEST_SUITE][PASSED] - login only: Test Cases/Web Login/m2u home page]]></system-out>
      <system-err><![CDATA[]]></system-err>
   </testsuite>
   <testsuite name="board_m2u_transfe" tests="1" failures="0" errors="0" time="113.48" skipped="0" timestamp="2023-08-30 10:38:59" hostname="mosaj - 192.168.1.183" id="Test Suites/board/board_m2u_transfe">
      <properties>
         <property name="deviceName" value=""/>
         <property name="devicePlatform" value=""/>
         <property name="logFolder" value="/Users/mosaj/Documents/GitHub/MAE-M2U-TestCloud/Reports/20230830_103631/board/board_m2u_transfe/20230830_103639"/>
         <property name="logFiles" value="/Users/mosaj/Documents/GitHub/MAE-M2U-TestCloud/Reports/20230830_103631/board/board_m2u_transfe/20230830_103639/execution0.log"/>
         <property name="attachments" value="/Users/mosaj/Documents/GitHub/MAE-M2U-TestCloud/Reports/20230830_103631/board/board_m2u_transfe/20230830_103639/1693363165114.png, /Users/mosaj/Documents/GitHub/MAE-M2U-TestCloud/Reports/20230830_103631/board/board_m2u_transfe/20230830_103639/1693363183779.png, /Users/mosaj/Documents/GitHub/MAE-M2U-TestCloud/Reports/20230830_103631/board/board_m2u_transfe/20230830_103639/1693363187626.png, /Users/mosaj/Documents/GitHub/MAE-M2U-TestCloud/Reports/20230830_103631/board/board_m2u_transfe/20230830_103639/1693363190865.png, /Users/mosaj/Documents/GitHub/MAE-M2U-TestCloud/Reports/20230830_103631/board/board_m2u_transfe/20230830_103639/1693363205713.png"/>
         <property name="hostName" value="mosaj - 192.168.1.183"/>
         <property name="os" value="Mac OS X 64bit"/>
         <property name="katalonVersion" value="8.6.6.208"/>
         <property name="browser" value="Chrome 116.0.0.0"/>
         <property name="hostAddress" value="10.154.6.164"/>
         <property name="sessionId" value="7656e4c9ae91c7fbf114703f9fd91a05"/>
         <property name="seleniumVersion" value="3.141.59"/>
         <property name="proxyInformation" value="ProxyInformation { proxyOption=NO_PROXY, proxyServerType=HTTP, username=, password=********, proxyServerAddress=, proxyServerPort=0, executionList=&quot;&quot;, isApplyToDesiredCapabilities=true }"/>
         <property name="platform" value="Mac OS X"/>
      </properties>
      <testcase name="Test Cases/Web Login/Transfer_OpenThirdParty" time="112.772" classname="Test Cases/Web Login/Transfer_OpenThirdParty" status="PASSED">
         <system-out><![CDATA[2023-08-30 10:38:59 - [TEST_CASE][PASSED] - Test Cases/Web Login/Transfer_OpenThirdParty: Test Cases/Web Login/Transfer_OpenThirdParty

2023-08-30 10:39:00 - [TEST_STEP][PASSED] - openBrowser(""): Browser is opened with url: ''

2023-08-30 10:39:01 - [MESSAGE][INFO] - Starting 'Chrome' driver

2023-08-30 10:39:01 - [MESSAGE][INFO] - Action delay is set to 0 milliseconds

2023-08-30 10:39:04 - [MESSAGE][PASSED] - Browser is opened with url: ''

2023-08-30 10:39:04 - [TEST_STEP][PASSED] - maximizeWindow(): Current window maximized

2023-08-30 10:39:05 - [MESSAGE][PASSED] - Current window maximized

2023-08-30 10:39:05 - [TEST_STEP][PASSED] - navigateToUrl("https://www.maybank2u.com.my/home/m2u/common/login.do"): Navigate to 'https://www.maybank2u.com.my/home/m2u/common/login.do' successfully

2023-08-30 10:39:09 - [MESSAGE][PASSED] - Navigate to 'https://www.maybank2u.com.my/home/m2u/common/login.do' successfully

2023-08-30 10:39:09 - [TEST_STEP][PASSED] - getPageHeight(): Current page's height is 3216

2023-08-30 10:39:09 - [MESSAGE][PASSED] - Current page's height is 3216

2023-08-30 10:39:09 - [TEST_STEP][PASSED] - getPageWidth(): Current page's width is 1440

2023-08-30 10:39:09 - [MESSAGE][PASSED] - Current page's width is 1440

2023-08-30 10:39:09 - [TEST_STEP][PASSED] - setText(findTestObject("Object Repository/Web Login/Page_Maybank2u  Maybank Malaysia/input_Humanising Financial Services_username"), findTestData("DevOps").getValue(1, 1)): Text 'mosajgohar1' is set on object 'Object Repository/Web Login/Page_Maybank2u  Maybank Malaysia/input_Humanising Financial Services_username'

2023-08-30 10:39:11 - [MESSAGE][PASSED] - Text 'mosajgohar1' is set on object 'Object Repository/Web Login/Page_Maybank2u  Maybank Malaysia/input_Humanising Financial Services_username'

2023-08-30 10:39:11 - [TEST_STEP][PASSED] - click(findTestObject("Object Repository/Web Login/Page_Maybank2u  Maybank Malaysia/button_LOGIN")): Object: 'Object Repository/Web Login/Page_Maybank2u  Maybank Malaysia/button_LOGIN' is clicked on

2023-08-30 10:39:12 - [MESSAGE][PASSED] - Object: 'Object Repository/Web Login/Page_Maybank2u  Maybank Malaysia/button_LOGIN' is clicked on

2023-08-30 10:39:12 - [TEST_STEP][PASSED] - click(findTestObject("Object Repository/Web Login/Page_Maybank2u  Maybank Malaysia/button_YES")): Object: 'Object Repository/Web Login/Page_Maybank2u  Maybank Malaysia/button_YES' is clicked on

2023-08-30 10:39:13 - [MESSAGE][PASSED] - Object: 'Object Repository/Web Login/Page_Maybank2u  Maybank Malaysia/button_YES' is clicked on

2023-08-30 10:39:13 - [TEST_STEP][PASSED] - setText(findTestObject("Object Repository/Web Login/Page_Maybank2u  Maybank Malaysia/input_Hello_my-password-input"), "Mayesha@19"): Text 'Mayesha@19' is set on object 'Object Repository/Web Login/Page_Maybank2u  Maybank Malaysia/input_Hello_my-password-input'

2023-08-30 10:39:15 - [MESSAGE][PASSED] - Text 'Mayesha@19' is set on object 'Object Repository/Web Login/Page_Maybank2u  Maybank Malaysia/input_Hello_my-password-input'

2023-08-30 10:39:15 - [TEST_STEP][PASSED] - delay(5): Delayed 5 second(s)

2023-08-30 10:39:20 - [MESSAGE][PASSED] - Delayed 5 second(s)

2023-08-30 10:39:20 - [TEST_STEP][PASSED] - click(findTestObject("Object Repository/Web Login/Page_Maybank2u  Maybank Malaysia/span_LOGIN")): Object: 'Object Repository/Web Login/Page_Maybank2u  Maybank Malaysia/span_LOGIN' is clicked on

2023-08-30 10:39:20 - [MESSAGE][PASSED] - Object: 'Object Repository/Web Login/Page_Maybank2u  Maybank Malaysia/span_LOGIN' is clicked on

2023-08-30 10:39:20 - [TEST_STEP][PASSED] - delay(4): Delayed 4 second(s)

2023-08-30 10:39:24 - [MESSAGE][PASSED] - Delayed 4 second(s)

2023-08-30 10:39:24 - [TEST_STEP][PASSED] - takeScreenshot(): Taking screenshot successfully

2023-08-30 10:39:25 - [MESSAGE][PASSED] - Taking screenshot successfully
[[ATTACHMENT|/Users/mosaj/Documents/GitHub/MAE-M2U-TestCloud/Reports/20230830_103631/board/board_m2u_transfe/20230830_103639/1693363165114.png]]

2023-08-30 10:39:25 - [TEST_STEP][PASSED] - click(findTestObject("Object Repository/Web Login/Page_Maybank2u  Maybank Malaysia/a_MY ACCOUNTS")): Object: 'Object Repository/Web Login/Page_Maybank2u  Maybank Malaysia/a_MY ACCOUNTS' is clicked on

2023-08-30 10:39:26 - [MESSAGE][PASSED] - Object: 'Object Repository/Web Login/Page_Maybank2u  Maybank Malaysia/a_MY ACCOUNTS' is clicked on

2023-08-30 10:39:26 - [TEST_STEP][PASSED] - delay(2): Delayed 2 second(s)

2023-08-30 10:39:28 - [MESSAGE][PASSED] - Delayed 2 second(s)

2023-08-30 10:39:28 - [TEST_STEP][PASSED] - click(findTestObject("Object Repository/Web Login/Page_Maybank2u  Maybank Malaysia/a_PAY  TRANSFER")): Object: 'Object Repository/Web Login/Page_Maybank2u  Maybank Malaysia/a_PAY  TRANSFER' is clicked on

2023-08-30 10:39:29 - [MESSAGE][PASSED] - Object: 'Object Repository/Web Login/Page_Maybank2u  Maybank Malaysia/a_PAY  TRANSFER' is clicked on

2023-08-30 10:39:29 - [TEST_STEP][PASSED] - delay(2): Delayed 2 second(s)

2023-08-30 10:39:31 - [MESSAGE][PASSED] - Delayed 2 second(s)

2023-08-30 10:39:31 - [TEST_STEP][PASSED] - click(findTestObject("Object Repository/Web Login/Page_Maybank2u  Maybank Malaysia/span_x")): Object: 'Object Repository/Web Login/Page_Maybank2u  Maybank Malaysia/span_x' is clicked on

2023-08-30 10:39:31 - [MESSAGE][PASSED] - Object: 'Object Repository/Web Login/Page_Maybank2u  Maybank Malaysia/span_x' is clicked on

2023-08-30 10:39:31 - [TEST_STEP][PASSED] - click(findTestObject("Object Repository/Web Login/Page_Maybank2u  Maybank Malaysia/div_TRANSFER")): Object: 'Object Repository/Web Login/Page_Maybank2u  Maybank Malaysia/div_TRANSFER' is clicked on

2023-08-30 10:39:32 - [MESSAGE][PASSED] - Object: 'Object Repository/Web Login/Page_Maybank2u  Maybank Malaysia/div_TRANSFER' is clicked on

2023-08-30 10:39:32 - [TEST_STEP][PASSED] - delay(2): Delayed 2 second(s)

2023-08-30 10:39:34 - [MESSAGE][PASSED] - Delayed 2 second(s)

2023-08-30 10:39:34 - [TEST_STEP][PASSED] - click(findTestObject("Object Repository/Web Login/Page_Maybank2u  Maybank Malaysia/div_Own Accounts")): Object: 'Object Repository/Web Login/Page_Maybank2u  Maybank Malaysia/div_Own Accounts' is clicked on

2023-08-30 10:39:34 - [MESSAGE][PASSED] - Object: 'Object Repository/Web Login/Page_Maybank2u  Maybank Malaysia/div_Own Accounts' is clicked on

2023-08-30 10:39:34 - [TEST_STEP][PASSED] - delay(2): Delayed 2 second(s)

2023-08-30 10:39:36 - [MESSAGE][PASSED] - Delayed 2 second(s)

2023-08-30 10:39:36 - [TEST_STEP][PASSED] - click(findTestObject("Object Repository/Web Login/Page_Maybank2u  Maybank Malaysia/span_Other Accounts ( Maybank and other banks )")): Object: 'Object Repository/Web Login/Page_Maybank2u  Maybank Malaysia/span_Other Accounts ( Maybank and other banks )' is clicked on

2023-08-30 10:39:36 - [MESSAGE][PASSED] - Object: 'Object Repository/Web Login/Page_Maybank2u  Maybank Malaysia/span_Other Accounts ( Maybank and other banks )' is clicked on

2023-08-30 10:39:36 - [TEST_STEP][PASSED] - click(findTestObject("Object Repository/Web Login/Page_Maybank2u  Maybank Malaysia/input_ASNB Accounts_PayFromToContainer---pa_1bae3d")): Object: 'Object Repository/Web Login/Page_Maybank2u  Maybank Malaysia/input_ASNB Accounts_PayFromToContainer---pa_1bae3d' is clicked on

2023-08-30 10:39:38 - [MESSAGE][PASSED] - Object: 'Object Repository/Web Login/Page_Maybank2u  Maybank Malaysia/input_ASNB Accounts_PayFromToContainer---pa_1bae3d' is clicked on

2023-08-30 10:39:38 - [TEST_STEP][PASSED] - click(findTestObject("Object Repository/Web Login/Page_Maybank2u  Maybank Malaysia/div_Maybank  Maybank Islamic")): Object: 'Object Repository/Web Login/Page_Maybank2u  Maybank Malaysia/div_Maybank  Maybank Islamic' is clicked on

2023-08-30 10:39:38 - [MESSAGE][PASSED] - Object: 'Object Repository/Web Login/Page_Maybank2u  Maybank Malaysia/div_Maybank  Maybank Islamic' is clicked on

2023-08-30 10:39:38 - [TEST_STEP][PASSED] - setText(findTestObject("Object Repository/Web Login/Page_Maybank2u  Maybank Malaysia/input_Account number_toAccount"), "164017298921"): Text '164017298921' is set on object 'Object Repository/Web Login/Page_Maybank2u  Maybank Malaysia/input_Account number_toAccount'

2023-08-30 10:39:40 - [MESSAGE][PASSED] - Text '164017298921' is set on object 'Object Repository/Web Login/Page_Maybank2u  Maybank Malaysia/input_Account number_toAccount'

2023-08-30 10:39:40 - [TEST_STEP][PASSED] - setText(findTestObject("Object Repository/Web Login/Page_Maybank2u  Maybank Malaysia/input_Recipient Reference_transferPurpose"), "DevOps test"): Text 'DevOps test' is set on object 'Object Repository/Web Login/Page_Maybank2u  Maybank Malaysia/input_Recipient Reference_transferPurpose'

2023-08-30 10:39:41 - [MESSAGE][PASSED] - Text 'DevOps test' is set on object 'Object Repository/Web Login/Page_Maybank2u  Maybank Malaysia/input_Recipient Reference_transferPurpose'

2023-08-30 10:39:41 - [TEST_STEP][PASSED] - getText(findTestObject("Object Repository/Web Login/Page_Maybank2u  Maybank Malaysia/p_Money withdrawn from your insured deposit_747020")): Text of object 'Object Repository/Web Login/Page_Maybank2u  Maybank Malaysia/p_Money withdrawn from your insured deposit_747020' is: 'Money withdrawn from your insured deposit(s) is no longer protected by PIDM if transferred to a non PIDM members'

2023-08-30 10:39:41 - [MESSAGE][PASSED] - Text of object 'Object Repository/Web Login/Page_Maybank2u  Maybank Malaysia/p_Money withdrawn from your insured deposit_747020' is: 'Money withdrawn from your insured deposit(s) is no longer protected by PIDM if transferred to a non PIDM members'

2023-08-30 10:39:41 - [TEST_STEP][PASSED] - click(findTestObject("Object Repository/Web Login/Page_Maybank2u  Maybank Malaysia/span_TRANSFER")): Object: 'Object Repository/Web Login/Page_Maybank2u  Maybank Malaysia/span_TRANSFER' is clicked on

2023-08-30 10:39:42 - [MESSAGE][PASSED] - Object: 'Object Repository/Web Login/Page_Maybank2u  Maybank Malaysia/span_TRANSFER' is clicked on

2023-08-30 10:39:42 - [TEST_STEP][PASSED] - getText(findTestObject("Web Login/SPY error message/Page_Maybank2u  Maybank Malaysia/span_Please do not leave field blank")): Text of object 'Object Repository/Web Login/SPY error message/Page_Maybank2u  Maybank Malaysia/span_Please do not leave field blank' is: 'Please do not leave field blank'

2023-08-30 10:39:42 - [MESSAGE][PASSED] - Text of object 'Object Repository/Web Login/SPY error message/Page_Maybank2u  Maybank Malaysia/span_Please do not leave field blank' is: 'Please do not leave field blank'

2023-08-30 10:39:42 - [TEST_STEP][PASSED] - getText(findTestObject("Web Login/SPY error message/Page_Maybank2u  Maybank Malaysia/span_Transfer Amount should not be empty")): Text of object 'Object Repository/Web Login/SPY error message/Page_Maybank2u  Maybank Malaysia/span_Transfer Amount should not be empty' is: 'Transfer Amount should not be empty'

2023-08-30 10:39:43 - [MESSAGE][PASSED] - Text of object 'Object Repository/Web Login/SPY error message/Page_Maybank2u  Maybank Malaysia/span_Transfer Amount should not be empty' is: 'Transfer Amount should not be empty'

2023-08-30 10:39:43 - [TEST_STEP][PASSED] - verifyElementText(findTestObject("Web Login/SPY error message/Page_Maybank2u  Maybank Malaysia/span_Transfer Amount should not be empty"), "Transfer Amount should not be empty"): Actual text and expected text of test object 'Object Repository/Web Login/SPY error message/Page_Maybank2u  Maybank Malaysia/span_Transfer Amount should not be empty' are matched.

2023-08-30 10:39:43 - [MESSAGE][PASSED] - Actual text and expected text of test object 'Object Repository/Web Login/SPY error message/Page_Maybank2u  Maybank Malaysia/span_Transfer Amount should not be empty' are matched.

2023-08-30 10:39:43 - [TEST_STEP][PASSED] - takeScreenshot(): Taking screenshot successfully

2023-08-30 10:39:44 - [MESSAGE][PASSED] - Taking screenshot successfully
[[ATTACHMENT|/Users/mosaj/Documents/GitHub/MAE-M2U-TestCloud/Reports/20230830_103631/board/board_m2u_transfe/20230830_103639/1693363183779.png]]

2023-08-30 10:39:44 - [TEST_STEP][PASSED] - delay(2): Delayed 2 second(s)

2023-08-30 10:39:46 - [MESSAGE][PASSED] - Delayed 2 second(s)

2023-08-30 10:39:46 - [TEST_STEP][PASSED] - click(findTestObject("Web Login/SPY error message/Page_Maybank2u  Maybank Malaysia/span_")): Object: 'Object Repository/Web Login/SPY error message/Page_Maybank2u  Maybank Malaysia/span_' is clicked on

2023-08-30 10:39:46 - [MESSAGE][PASSED] - Object: 'Object Repository/Web Login/SPY error message/Page_Maybank2u  Maybank Malaysia/span_' is clicked on

2023-08-30 10:39:46 - [TEST_STEP][PASSED] - takeScreenshot(): Taking screenshot successfully

2023-08-30 10:39:47 - [MESSAGE][PASSED] - Taking screenshot successfully
[[ATTACHMENT|/Users/mosaj/Documents/GitHub/MAE-M2U-TestCloud/Reports/20230830_103631/board/board_m2u_transfe/20230830_103639/1693363187626.png]]

2023-08-30 10:39:47 - [TEST_STEP][PASSED] - setText(findTestObject("Object Repository/Web Login/Page_Maybank2u  Maybank Malaysia/input_Transfer Amount_amount"), "0.1"): Text '0.1' is set on object 'Object Repository/Web Login/Page_Maybank2u  Maybank Malaysia/input_Transfer Amount_amount'

2023-08-30 10:39:48 - [MESSAGE][PASSED] - Text '0.1' is set on object 'Object Repository/Web Login/Page_Maybank2u  Maybank Malaysia/input_Transfer Amount_amount'

2023-08-30 10:39:48 - [TEST_STEP][PASSED] - click(findTestObject("Object Repository/Web Login/Page_Maybank2u  Maybank Malaysia/span_TRANSFER")): Object: 'Object Repository/Web Login/Page_Maybank2u  Maybank Malaysia/span_TRANSFER' is clicked on

2023-08-30 10:39:49 - [MESSAGE][PASSED] - Object: 'Object Repository/Web Login/Page_Maybank2u  Maybank Malaysia/span_TRANSFER' is clicked on

2023-08-30 10:39:49 - [TEST_STEP][PASSED] - getText(findTestObject("Object Repository/Web Login/Page_Maybank2u  Maybank Malaysia/h6_Tap on the notification on your smartpho_593a44")): Text of object 'Object Repository/Web Login/Page_Maybank2u  Maybank Malaysia/h6_Tap on the notification on your smartpho_593a44' is: 'Tap on the notification on your smartphone to approve the transaction.'

2023-08-30 10:39:50 - [MESSAGE][PASSED] - Text of object 'Object Repository/Web Login/Page_Maybank2u  Maybank Malaysia/h6_Tap on the notification on your smartpho_593a44' is: 'Tap on the notification on your smartphone to approve the transaction.'

2023-08-30 10:39:50 - [TEST_STEP][PASSED] - getText(findTestObject("Object Repository/Web Login/Page_Maybank2u  Maybank Malaysia/span_REQUEST")): Text of object 'Object Repository/Web Login/Page_Maybank2u  Maybank Malaysia/span_REQUEST' is: 'REQUEST'

2023-08-30 10:39:50 - [MESSAGE][PASSED] - Text of object 'Object Repository/Web Login/Page_Maybank2u  Maybank Malaysia/span_REQUEST' is: 'REQUEST'

2023-08-30 10:39:50 - [TEST_STEP][PASSED] - takeScreenshot(): Taking screenshot successfully

2023-08-30 10:39:51 - [MESSAGE][PASSED] - Taking screenshot successfully
[[ATTACHMENT|/Users/mosaj/Documents/GitHub/MAE-M2U-TestCloud/Reports/20230830_103631/board/board_m2u_transfe/20230830_103639/1693363190865.png]]

2023-08-30 10:39:51 - [TEST_STEP][PASSED] - click(findTestObject("Object Repository/Web Login/Page_Maybank2u  Maybank Malaysia/span_REQUEST")): Object: 'Object Repository/Web Login/Page_Maybank2u  Maybank Malaysia/span_REQUEST' is clicked on

2023-08-30 10:39:51 - [MESSAGE][PASSED] - Object: 'Object Repository/Web Login/Page_Maybank2u  Maybank Malaysia/span_REQUEST' is clicked on

2023-08-30 10:39:51 - [TEST_STEP][NOT_RUN] - getText(findTestObject("Object Repository/Web Login/Page_Maybank2u  Maybank Malaysia/h4_Check your Secure2u registered device an_fd105e")): NOT_RUN: getText(findTestObject("Object Repository/Web Login/Page_Maybank2u  Maybank Malaysia/h4_Check your Secure2u registered device an_fd105e"))

2023-08-30 10:39:51 - [MESSAGE][NOT_RUN] - NOT_RUN: getText(findTestObject("Object Repository/Web Login/Page_Maybank2u  Maybank Malaysia/h4_Check your Secure2u registered device an_fd105e"))

2023-08-30 10:39:51 - [TEST_STEP][PASSED] - getText(findTestObject("Object Repository/Web Login/Page_Maybank2u  Maybank Malaysia/div_StatusSuccessful")): Text of object 'Object Repository/Web Login/Page_Maybank2u  Maybank Malaysia/div_StatusSuccessful' is: 'Status
Successful'

2023-08-30 10:40:04 - [MESSAGE][PASSED] - Text of object 'Object Repository/Web Login/Page_Maybank2u  Maybank Malaysia/div_StatusSuccessful' is: 'Status
Successful'

2023-08-30 10:40:04 - [TEST_STEP][PASSED] - getText(findTestObject("Object Repository/Web Login/Page_Maybank2u  Maybank Malaysia/div_Successful")): Text of object 'Object Repository/Web Login/Page_Maybank2u  Maybank Malaysia/div_Successful' is: 'Successful'

2023-08-30 10:40:04 - [MESSAGE][PASSED] - Text of object 'Object Repository/Web Login/Page_Maybank2u  Maybank Malaysia/div_Successful' is: 'Successful'

2023-08-30 10:40:04 - [TEST_STEP][PASSED] - getText(findTestObject("Object Repository/Web Login/Page_Maybank2u  Maybank Malaysia/span_Transaction Successful")): Text of object 'Object Repository/Web Login/Page_Maybank2u  Maybank Malaysia/span_Transaction Successful' is: 'Transaction Successful!'

2023-08-30 10:40:05 - [MESSAGE][PASSED] - Text of object 'Object Repository/Web Login/Page_Maybank2u  Maybank Malaysia/span_Transaction Successful' is: 'Transaction Successful!'

2023-08-30 10:40:05 - [TEST_STEP][PASSED] - verifyElementText(findTestObject("Object Repository/Web Login/Page_Maybank2u  Maybank Malaysia/span_Transaction Successful"), "Transaction Successful!"): Actual text and expected text of test object 'Object Repository/Web Login/Page_Maybank2u  Maybank Malaysia/span_Transaction Successful' are matched.

2023-08-30 10:40:05 - [MESSAGE][PASSED] - Actual text and expected text of test object 'Object Repository/Web Login/Page_Maybank2u  Maybank Malaysia/span_Transaction Successful' are matched.

2023-08-30 10:40:05 - [TEST_STEP][PASSED] - takeScreenshot(): Taking screenshot successfully

2023-08-30 10:40:06 - [MESSAGE][PASSED] - Taking screenshot successfully
[[ATTACHMENT|/Users/mosaj/Documents/GitHub/MAE-M2U-TestCloud/Reports/20230830_103631/board/board_m2u_transfe/20230830_103639/1693363205713.png]]

2023-08-30 10:40:06 - [TEST_STEP][PASSED] - scrollToPosition(1300, 40): Browser is scrolled to position x = 1300, y = 40

2023-08-30 10:40:06 - [MESSAGE][PASSED] - Browser is scrolled to position x = 1300, y = 40

2023-08-30 10:40:06 - [TEST_STEP][PASSED] - verifyElementVisible(findTestObject("Object Repository/Web Login/Page_Maybank2u  Maybank Malaysia/div_TRANSFER")): Object 'Object Repository/Web Login/Page_Maybank2u  Maybank Malaysia/div_TRANSFER' is visible

2023-08-30 10:40:06 - [MESSAGE][PASSED] - Object 'Object Repository/Web Login/Page_Maybank2u  Maybank Malaysia/div_TRANSFER' is visible

2023-08-30 10:40:06 - [TEST_STEP][PASSED] - click(findTestObject("Object Repository/Web Login/Page_Maybank2u  Maybank Malaysia/div_TRANSFER")): Object: 'Object Repository/Web Login/Page_Maybank2u  Maybank Malaysia/div_TRANSFER' is clicked on

2023-08-30 10:40:07 - [MESSAGE][PASSED] - Object: 'Object Repository/Web Login/Page_Maybank2u  Maybank Malaysia/div_TRANSFER' is clicked on

2023-08-30 10:40:07 - [TEST_STEP][PASSED] - click(findTestObject("Object Repository/Web Login/Page_Maybank2u  Maybank Malaysia/a_PAY  TRANSFER")): Object: 'Object Repository/Web Login/Page_Maybank2u  Maybank Malaysia/a_PAY  TRANSFER' is clicked on

2023-08-30 10:40:08 - [MESSAGE][PASSED] - Object: 'Object Repository/Web Login/Page_Maybank2u  Maybank Malaysia/a_PAY  TRANSFER' is clicked on

2023-08-30 10:40:08 - [TEST_STEP][PASSED] - click(findTestObject("Object Repository/Web Login/Page_Maybank2u  Maybank Malaysia/a_MY ACCOUNTS")): Object: 'Object Repository/Web Login/Page_Maybank2u  Maybank Malaysia/a_MY ACCOUNTS' is clicked on

2023-08-30 10:40:09 - [MESSAGE][PASSED] - Object: 'Object Repository/Web Login/Page_Maybank2u  Maybank Malaysia/a_MY ACCOUNTS' is clicked on

2023-08-30 10:40:09 - [TEST_STEP][PASSED] - click(findTestObject("Object Repository/Web Login/Page_Maybank2u  Maybank Malaysia/div_ACCOUNTS")): Object: 'Object Repository/Web Login/Page_Maybank2u  Maybank Malaysia/div_ACCOUNTS' is clicked on

2023-08-30 10:40:41 - [MESSAGE][INFO] - Unable to find the element located by 'By.xpath: //div[@id='scrollToDetails']/div/div/div/div/div[2]/div/div/div/div[2]/div/div/div/div'. Please recheck the objects properties to make sure the desired element is located. 

2023-08-30 10:40:41 - [MESSAGE][WARNING] - [SELF-HEALING] Failed to find element with id 'Object Repository/Web Login/Page_Maybank2u  Maybank Malaysia/div_ACCOUNTS'. Try using Self-healing.

2023-08-30 10:40:41 - [MESSAGE][WARNING] - [SELF-HEALING] The current locator of test object 'Object Repository/Web Login/Page_Maybank2u  Maybank Malaysia/div_ACCOUNTS' was broken. Propose an alternative one: '(.//*[normalize-space(text()) and normalize-space(.)='CONTACT US'])[1]/following::div[15]'.

2023-08-30 10:40:41 - [MESSAGE][PASSED] - Object: 'Object Repository/Web Login/Page_Maybank2u  Maybank Malaysia/div_ACCOUNTS' is clicked on

2023-08-30 10:40:41 - [TEST_STEP][PASSED] - delay(2): Delayed 2 second(s)

2023-08-30 10:40:43 - [MESSAGE][PASSED] - Delayed 2 second(s)

2023-08-30 10:40:43 - [TEST_STEP][PASSED] - verifyElementPresent(findTestObject("Object Repository/Web Login/Page_Maybank2u  Maybank Malaysia/span_LOGOUT"), 0): Object 'Object Repository/Web Login/Page_Maybank2u  Maybank Malaysia/span_LOGOUT' is present

2023-08-30 10:40:43 - [MESSAGE][WARNING] - Timeout '0' is invalid. Using default page load timeout: '30'

2023-08-30 10:40:44 - [MESSAGE][PASSED] - Object 'Object Repository/Web Login/Page_Maybank2u  Maybank Malaysia/span_LOGOUT' is present

2023-08-30 10:40:44 - [TEST_STEP][PASSED] - click(findTestObject("Object Repository/Web Login/Page_Maybank2u  Maybank Malaysia/span_LOGOUT")): Object: 'Object Repository/Web Login/Page_Maybank2u  Maybank Malaysia/span_LOGOUT' is clicked on

2023-08-30 10:40:45 - [MESSAGE][PASSED] - Object: 'Object Repository/Web Login/Page_Maybank2u  Maybank Malaysia/span_LOGOUT' is clicked on

2023-08-30 10:40:45 - [TEST_STEP][PASSED] - getText(findTestObject("Object Repository/Web Login/Page_Maybank2u  Maybank Malaysia/th_ACTIVITY DETAILS")): Text of object 'Object Repository/Web Login/Page_Maybank2u  Maybank Malaysia/th_ACTIVITY DETAILS' is: 'ACTIVITY DETAILS'

2023-08-30 10:40:48 - [MESSAGE][PASSED] - Text of object 'Object Repository/Web Login/Page_Maybank2u  Maybank Malaysia/th_ACTIVITY DETAILS' is: 'ACTIVITY DETAILS'

2023-08-30 10:40:48 - [TEST_STEP][PASSED] - getText(findTestObject("Object Repository/Web Login/Page_Maybank2u  Maybank Malaysia/span_You have logged out")): Text of object 'Object Repository/Web Login/Page_Maybank2u  Maybank Malaysia/span_You have logged out' is: 'You have logged out!'

2023-08-30 10:40:48 - [MESSAGE][PASSED] - Text of object 'Object Repository/Web Login/Page_Maybank2u  Maybank Malaysia/span_You have logged out' is: 'You have logged out!'

2023-08-30 10:40:48 - [TEST_STEP][PASSED] - verifyElementText(findTestObject("Object Repository/Web Login/Page_Maybank2u  Maybank Malaysia/span_You have logged out"), "You have logged out!"): Actual text and expected text of test object 'Object Repository/Web Login/Page_Maybank2u  Maybank Malaysia/span_You have logged out' are matched.

2023-08-30 10:40:49 - [MESSAGE][PASSED] - Actual text and expected text of test object 'Object Repository/Web Login/Page_Maybank2u  Maybank Malaysia/span_You have logged out' are matched.

2023-08-30 10:40:49 - [TEST_STEP][PASSED] - getText(findTestObject("Object Repository/Web Login/Page_Maybank2u  Maybank Malaysia/div_Transfer from   Savings Account-i 16401_e08176")): Text of object 'Object Repository/Web Login/Page_Maybank2u  Maybank Malaysia/div_Transfer from   Savings Account-i 16401_e08176' is: 'Transfer from Savings Account-i 164017298921
Transfer to MOHAMMAD MOSAJ GOHAR 164017298921
30 Aug 2023'

2023-08-30 10:40:49 - [MESSAGE][PASSED] - Text of object 'Object Repository/Web Login/Page_Maybank2u  Maybank Malaysia/div_Transfer from   Savings Account-i 16401_e08176' is: 'Transfer from Savings Account-i 164017298921
Transfer to MOHAMMAD MOSAJ GOHAR 164017298921
30 Aug 2023'

2023-08-30 10:40:49 - [TEST_STEP][PASSED] - delay(3): Delayed 3 second(s)

2023-08-30 10:40:52 - [MESSAGE][PASSED] - Delayed 3 second(s)

2023-08-30 10:40:52 - [TEST_STEP][NOT_RUN] - closeBrowser(): NOT_RUN: closeBrowser()

2023-08-30 10:40:52 - [MESSAGE][NOT_RUN] - NOT_RUN: closeBrowser()]]></system-out>
         <system-err><![CDATA[]]></system-err>
      </testcase>
      <system-out><![CDATA[2023-08-30 10:38:59 - [TEST_SUITE][PASSED] - board_m2u_transfe: Test Cases/Web Login/Transfer_OpenThirdParty]]></system-out>
      <system-err><![CDATA[]]></system-err>
   </testsuite>
   <testsuite name="m2u navigation" tests="1" failures="0" errors="0" time="37.599" skipped="0" timestamp="2023-08-30 10:41:17" hostname="mosaj - 192.168.1.183" id="Test Suites/board/m2u navigation">
      <properties>
         <property name="deviceName" value=""/>
         <property name="devicePlatform" value=""/>
         <property name="logFolder" value="/Users/mosaj/Documents/GitHub/MAE-M2U-TestCloud/Reports/20230830_103631/board/m2u navigation/20230830_103643"/>
         <property name="logFiles" value="/Users/mosaj/Documents/GitHub/MAE-M2U-TestCloud/Reports/20230830_103631/board/m2u navigation/20230830_103643/execution0.log"/>
         <property name="attachments" value=""/>
         <property name="hostName" value="mosaj - 192.168.1.183"/>
         <property name="os" value="Mac OS X 64bit"/>
         <property name="katalonVersion" value="8.6.6.208"/>
         <property name="browser" value="Chrome 116.0.0.0"/>
         <property name="hostAddress" value="10.154.6.164"/>
         <property name="sessionId" value="f1e87d1d9a4395362e15f8cf71d9738e"/>
         <property name="seleniumVersion" value="3.141.59"/>
         <property name="proxyInformation" value="ProxyInformation { proxyOption=NO_PROXY, proxyServerType=HTTP, username=, password=********, proxyServerAddress=, proxyServerPort=0, executionList=&quot;&quot;, isApplyToDesiredCapabilities=true }"/>
         <property name="platform" value="Mac OS X"/>
      </properties>
      <testcase name="Test Cases/Web Login/m2u home page Navigation" time="36.867" classname="Test Cases/Web Login/m2u home page Navigation" status="PASSED">
         <system-out><![CDATA[2023-08-30 10:41:17 - [TEST_CASE][PASSED] - Test Cases/Web Login/m2u home page Navigation: Test Cases/Web Login/m2u home page Navigation

2023-08-30 10:41:18 - [TEST_STEP][PASSED] - openBrowser(""): Browser is opened with url: ''

2023-08-30 10:41:19 - [MESSAGE][INFO] - Starting 'Chrome' driver

2023-08-30 10:41:19 - [MESSAGE][INFO] - Action delay is set to 0 milliseconds

2023-08-30 10:41:22 - [MESSAGE][PASSED] - Browser is opened with url: ''

2023-08-30 10:41:22 - [TEST_STEP][PASSED] - maximizeWindow(): Current window maximized

2023-08-30 10:41:23 - [MESSAGE][PASSED] - Current window maximized

2023-08-30 10:41:23 - [TEST_STEP][PASSED] - navigateToUrl("https://www.maybank2u.com.my/home/m2u/common/login.do"): Navigate to 'https://www.maybank2u.com.my/home/m2u/common/login.do' successfully

2023-08-30 10:41:27 - [MESSAGE][PASSED] - Navigate to 'https://www.maybank2u.com.my/home/m2u/common/login.do' successfully

2023-08-30 10:41:27 - [TEST_STEP][PASSED] - delay(2): Delayed 2 second(s)

2023-08-30 10:41:29 - [MESSAGE][PASSED] - Delayed 2 second(s)

2023-08-30 10:41:29 - [TEST_STEP][PASSED] - click(findTestObject("Object Repository/m2u home page/Page_Maybank2u  Maybank Malaysia/a_BUSINESS")): Object: 'Object Repository/m2u home page/Page_Maybank2u  Maybank Malaysia/a_BUSINESS' is clicked on

2023-08-30 10:41:32 - [MESSAGE][PASSED] - Object: 'Object Repository/m2u home page/Page_Maybank2u  Maybank Malaysia/a_BUSINESS' is clicked on

2023-08-30 10:41:32 - [TEST_STEP][PASSED] - delay(2): Delayed 2 second(s)

2023-08-30 10:41:34 - [MESSAGE][PASSED] - Delayed 2 second(s)

2023-08-30 10:41:34 - [TEST_STEP][PASSED] - verifyElementText(findTestObject("Object Repository/m2u home page/Page_Maybank2u Business  One Stop Digital S_523ae9/span_Login"), "LOGIN"): Actual text and expected text of test object 'Object Repository/m2u home page/Page_Maybank2u Business  One Stop Digital S_523ae9/span_Login' are matched.

2023-08-30 10:41:35 - [MESSAGE][PASSED] - Actual text and expected text of test object 'Object Repository/m2u home page/Page_Maybank2u Business  One Stop Digital S_523ae9/span_Login' are matched.

2023-08-30 10:41:35 - [TEST_STEP][PASSED] - click(findTestObject("Object Repository/m2u home page/Page_Maybank2u Business  One Stop Digital S_523ae9/span_Login")): Object: 'Object Repository/m2u home page/Page_Maybank2u Business  One Stop Digital S_523ae9/span_Login' is clicked on

2023-08-30 10:41:37 - [MESSAGE][PASSED] - Object: 'Object Repository/m2u home page/Page_Maybank2u Business  One Stop Digital S_523ae9/span_Login' is clicked on

2023-08-30 10:41:37 - [TEST_STEP][PASSED] - delay(5): Delayed 5 second(s)

2023-08-30 10:41:42 - [MESSAGE][PASSED] - Delayed 5 second(s)

2023-08-30 10:41:42 - [TEST_STEP][PASSED] - click(findTestObject("Object Repository/m2u home page/Page_Maybank2u.com Online Financial Services/button_close")): Object: 'Object Repository/m2u home page/Page_Maybank2u.com Online Financial Services/button_close' is clicked on

2023-08-30 10:41:42 - [MESSAGE][PASSED] - Object: 'Object Repository/m2u home page/Page_Maybank2u.com Online Financial Services/button_close' is clicked on

2023-08-30 10:41:43 - [TEST_STEP][PASSED] - delay(5): Delayed 5 second(s)

2023-08-30 10:41:48 - [MESSAGE][PASSED] - Delayed 5 second(s)

2023-08-30 10:41:48 - [TEST_STEP][PASSED] - click(findTestObject("Object Repository/m2u home page/Page_Maybank2u.com Online Financial Services/input_Username_action")): Object: 'Object Repository/m2u home page/Page_Maybank2u.com Online Financial Services/input_Username_action' is clicked on

2023-08-30 10:41:48 - [MESSAGE][PASSED] - Object: 'Object Repository/m2u home page/Page_Maybank2u.com Online Financial Services/input_Username_action' is clicked on

2023-08-30 10:41:48 - [TEST_STEP][PASSED] - delay(5): Delayed 5 second(s)

2023-08-30 10:41:53 - [MESSAGE][PASSED] - Delayed 5 second(s)

2023-08-30 10:41:53 - [TEST_STEP][PASSED] - getText(findTestObject("Object Repository/m2u home page/Page_Maybank2u.com Online Financial Services/span_Username is required")): Text of object 'Object Repository/m2u home page/Page_Maybank2u.com Online Financial Services/span_Username is required' is: 'Username is required.'

2023-08-30 10:41:54 - [MESSAGE][PASSED] - Text of object 'Object Repository/m2u home page/Page_Maybank2u.com Online Financial Services/span_Username is required' is: 'Username is required.'

2023-08-30 10:41:54 - [TEST_STEP][PASSED] - verifyElementText(findTestObject("Object Repository/m2u home page/Page_Maybank2u.com Online Financial Services/span_Username is required"), "Username is required."): Actual text and expected text of test object 'Object Repository/m2u home page/Page_Maybank2u.com Online Financial Services/span_Username is required' are matched.

2023-08-30 10:41:54 - [MESSAGE][PASSED] - Actual text and expected text of test object 'Object Repository/m2u home page/Page_Maybank2u.com Online Financial Services/span_Username is required' are matched.

2023-08-30 10:41:54 - [TEST_STEP][NOT_RUN] - closeBrowser(): NOT_RUN: closeBrowser()

2023-08-30 10:41:54 - [MESSAGE][NOT_RUN] - NOT_RUN: closeBrowser()]]></system-out>
         <system-err><![CDATA[]]></system-err>
      </testcase>
      <system-out><![CDATA[2023-08-30 10:41:17 - [TEST_SUITE][PASSED] - m2u navigation: Test Cases/Web Login/m2u home page Navigation]]></system-out>
      <system-err><![CDATA[]]></system-err>
   </testsuite>
   <testsuite name="m2u registration" tests="1" failures="0" errors="0" time="66.839" skipped="0" timestamp="2023-08-30 10:42:19" hostname="mosaj - 192.168.1.183" id="Test Suites/board/m2u registration">
      <properties>
         <property name="deviceName" value=""/>
         <property name="devicePlatform" value=""/>
         <property name="logFolder" value="/Users/mosaj/Documents/GitHub/MAE-M2U-TestCloud/Reports/20230830_103631/board/m2u registration/20230830_103650"/>
         <property name="logFiles" value="/Users/mosaj/Documents/GitHub/MAE-M2U-TestCloud/Reports/20230830_103631/board/m2u registration/20230830_103650/execution0.log"/>
         <property name="attachments" value=""/>
         <property name="hostName" value="mosaj - 192.168.1.183"/>
         <property name="os" value="Mac OS X 64bit"/>
         <property name="katalonVersion" value="8.6.6.208"/>
         <property name="browser" value="Chrome 116.0.0.0"/>
         <property name="hostAddress" value="10.154.6.164"/>
         <property name="sessionId" value="f20f9f0efa1eec13866987d64dbc8d6e"/>
         <property name="seleniumVersion" value="3.141.59"/>
         <property name="proxyInformation" value="ProxyInformation { proxyOption=NO_PROXY, proxyServerType=HTTP, username=, password=********, proxyServerAddress=, proxyServerPort=0, executionList=&quot;&quot;, isApplyToDesiredCapabilities=true }"/>
         <property name="platform" value="Mac OS X"/>
      </properties>
      <testcase name="Test Cases/Web Login/m2u registration" time="66.253" classname="Test Cases/Web Login/m2u registration" status="PASSED">
         <system-out><![CDATA[2023-08-30 10:42:19 - [TEST_CASE][PASSED] - Test Cases/Web Login/m2u registration: Test Cases/Web Login/m2u registration

2023-08-30 10:42:20 - [TEST_STEP][PASSED] - openBrowser(""): Browser is opened with url: ''

2023-08-30 10:42:20 - [MESSAGE][INFO] - Starting 'Chrome' driver

2023-08-30 10:42:20 - [MESSAGE][INFO] - Action delay is set to 0 milliseconds

2023-08-30 10:42:24 - [MESSAGE][PASSED] - Browser is opened with url: ''

2023-08-30 10:42:24 - [TEST_STEP][PASSED] - maximizeWindow(): Current window maximized

2023-08-30 10:42:24 - [MESSAGE][PASSED] - Current window maximized

2023-08-30 10:42:24 - [TEST_STEP][PASSED] - navigateToUrl("https://www.maybank2u.com.my/home/m2u/common/login.do"): Navigate to 'https://www.maybank2u.com.my/home/m2u/common/login.do' successfully

2023-08-30 10:42:28 - [MESSAGE][PASSED] - Navigate to 'https://www.maybank2u.com.my/home/m2u/common/login.do' successfully

2023-08-30 10:42:28 - [TEST_STEP][PASSED] - delay(2): Delayed 2 second(s)

2023-08-30 10:42:30 - [MESSAGE][PASSED] - Delayed 2 second(s)

2023-08-30 10:42:30 - [TEST_STEP][PASSED] - click(findTestObject("Object Repository/m2u registration/Page_Maybank2u  Maybank Malaysia/span_REGISTER NOW")): Object: 'Object Repository/m2u registration/Page_Maybank2u  Maybank Malaysia/span_REGISTER NOW' is clicked on

2023-08-30 10:42:31 - [MESSAGE][PASSED] - Object: 'Object Repository/m2u registration/Page_Maybank2u  Maybank Malaysia/span_REGISTER NOW' is clicked on

2023-08-30 10:42:31 - [TEST_STEP][PASSED] - delay(10): Delayed 10 second(s)

2023-08-30 10:42:41 - [MESSAGE][PASSED] - Delayed 10 second(s)

2023-08-30 10:42:41 - [TEST_STEP][PASSED] - getText(findTestObject("Object Repository/m2u registration/Page_Maybank2u  Maybank Malaysia/span_Ready to create an account")): Text of object 'Object Repository/m2u registration/Page_Maybank2u  Maybank Malaysia/span_Ready to create an account' is: 'Ready to create an account?'

2023-08-30 10:42:42 - [MESSAGE][PASSED] - Text of object 'Object Repository/m2u registration/Page_Maybank2u  Maybank Malaysia/span_Ready to create an account' is: 'Ready to create an account?'

2023-08-30 10:42:42 - [TEST_STEP][PASSED] - setText(findTestObject("Object Repository/m2u registration/Page_Maybank2u  Maybank Malaysia/input_Card  Access Number_Registration---pa_a8d3dc"), "11111111111111"): Text '11111111111111' is set on object 'Object Repository/m2u registration/Page_Maybank2u  Maybank Malaysia/input_Card  Access Number_Registration---pa_a8d3dc'

2023-08-30 10:42:43 - [MESSAGE][PASSED] - Text '11111111111111' is set on object 'Object Repository/m2u registration/Page_Maybank2u  Maybank Malaysia/input_Card  Access Number_Registration---pa_a8d3dc'

2023-08-30 10:42:43 - [TEST_STEP][PASSED] - delay(10): Delayed 10 second(s)

2023-08-30 10:42:53 - [MESSAGE][PASSED] - Delayed 10 second(s)

2023-08-30 10:42:53 - [TEST_STEP][PASSED] - setText(findTestObject("Object Repository/m2u registration/Page_Maybank2u  Maybank Malaysia/input_PIN_Registration---pair-input---2_o7S"), "123456"): Text '123456' is set on object 'Object Repository/m2u registration/Page_Maybank2u  Maybank Malaysia/input_PIN_Registration---pair-input---2_o7S'

2023-08-30 10:42:54 - [MESSAGE][PASSED] - Text '123456' is set on object 'Object Repository/m2u registration/Page_Maybank2u  Maybank Malaysia/input_PIN_Registration---pair-input---2_o7S'

2023-08-30 10:42:54 - [TEST_STEP][PASSED] - delay(10): Delayed 10 second(s)

2023-08-30 10:43:04 - [MESSAGE][PASSED] - Delayed 10 second(s)

2023-08-30 10:43:04 - [TEST_STEP][PASSED] - click(findTestObject("Object Repository/m2u registration/Page_Maybank2u  Maybank Malaysia/img_PIN_Registration---radios---3V54f")): Object: 'Object Repository/m2u registration/Page_Maybank2u  Maybank Malaysia/img_PIN_Registration---radios---3V54f' is clicked on

2023-08-30 10:43:05 - [MESSAGE][PASSED] - Object: 'Object Repository/m2u registration/Page_Maybank2u  Maybank Malaysia/img_PIN_Registration---radios---3V54f' is clicked on

2023-08-30 10:43:05 - [TEST_STEP][PASSED] - delay(10): Delayed 10 second(s)

2023-08-30 10:43:15 - [MESSAGE][PASSED] - Delayed 10 second(s)

2023-08-30 10:43:15 - [TEST_STEP][PASSED] - click(findTestObject("Object Repository/m2u registration/Page_Maybank2u  Maybank Malaysia/button_CONTINUE")): Object: 'Object Repository/m2u registration/Page_Maybank2u  Maybank Malaysia/button_CONTINUE' is clicked on

2023-08-30 10:43:15 - [MESSAGE][PASSED] - Object: 'Object Repository/m2u registration/Page_Maybank2u  Maybank Malaysia/button_CONTINUE' is clicked on

2023-08-30 10:43:15 - [TEST_STEP][PASSED] - delay(10): Delayed 10 second(s)

2023-08-30 10:43:25 - [MESSAGE][PASSED] - Delayed 10 second(s)

2023-08-30 10:43:25 - [TEST_STEP][PASSED] - getText(findTestObject("Object Repository/m2u registration/Page_Maybank2u  Maybank Malaysia/span_Invalid Card Access Number")): Text of object 'Object Repository/m2u registration/Page_Maybank2u  Maybank Malaysia/span_Invalid Card Access Number' is: 'Invalid Card Access Number'

2023-08-30 10:43:25 - [MESSAGE][PASSED] - Text of object 'Object Repository/m2u registration/Page_Maybank2u  Maybank Malaysia/span_Invalid Card Access Number' is: 'Invalid Card Access Number'

2023-08-30 10:43:25 - [TEST_STEP][NOT_RUN] - closeBrowser(): NOT_RUN: closeBrowser()

2023-08-30 10:43:25 - [MESSAGE][NOT_RUN] - NOT_RUN: closeBrowser()]]></system-out>
         <system-err><![CDATA[]]></system-err>
      </testcase>
      <system-out><![CDATA[2023-08-30 10:42:19 - [TEST_SUITE][PASSED] - m2u registration: Test Cases/Web Login/m2u registration]]></system-out>
      <system-err><![CDATA[]]></system-err>
   </testsuite>
   <testsuite name="transfer - negativeTest" tests="1" failures="0" errors="0" time="52.632" skipped="0" timestamp="2023-08-30 10:43:48" hostname="mosaj - 192.168.1.183" id="Test Suites/board/transfer - negativeTest">
      <properties>
         <property name="deviceName" value=""/>
         <property name="devicePlatform" value=""/>
         <property name="logFolder" value="/Users/mosaj/Documents/GitHub/MAE-M2U-TestCloud/Reports/20230830_103631/board/transfer - negativeTest/20230830_103652"/>
         <property name="logFiles" value="/Users/mosaj/Documents/GitHub/MAE-M2U-TestCloud/Reports/20230830_103631/board/transfer - negativeTest/20230830_103652/execution0.log"/>
         <property name="attachments" value="/Users/mosaj/Documents/GitHub/MAE-M2U-TestCloud/Reports/20230830_103631/board/transfer - negativeTest/20230830_103652/1693363466908.png"/>
         <property name="hostName" value="mosaj - 192.168.1.183"/>
         <property name="os" value="Mac OS X 64bit"/>
         <property name="katalonVersion" value="8.6.6.208"/>
         <property name="browser" value="Chrome 116.0.0.0"/>
         <property name="hostAddress" value="10.154.6.164"/>
         <property name="sessionId" value="c3576a80202fdb7119332ae5972d8c33"/>
         <property name="seleniumVersion" value="3.141.59"/>
         <property name="proxyInformation" value="ProxyInformation { proxyOption=NO_PROXY, proxyServerType=HTTP, username=, password=********, proxyServerAddress=, proxyServerPort=0, executionList=&quot;&quot;, isApplyToDesiredCapabilities=true }"/>
         <property name="platform" value="Mac OS X"/>
      </properties>
      <testcase name="Test Cases/Web Login/transfer - negativeTest" time="52.055" classname="Test Cases/Web Login/transfer - negativeTest" status="PASSED">
         <system-out><![CDATA[2023-08-30 10:43:49 - [TEST_CASE][PASSED] - Test Cases/Web Login/transfer - negativeTest: Test Cases/Web Login/transfer - negativeTest

2023-08-30 10:43:50 - [TEST_STEP][PASSED] - openBrowser(""): Browser is opened with url: ''

2023-08-30 10:43:50 - [MESSAGE][INFO] - Starting 'Chrome' driver

2023-08-30 10:43:50 - [MESSAGE][INFO] - Action delay is set to 0 milliseconds

2023-08-30 10:43:55 - [MESSAGE][PASSED] - Browser is opened with url: ''

2023-08-30 10:43:55 - [TEST_STEP][PASSED] - openBrowser(""): Browser is opened with url: ''

2023-08-30 10:43:55 - [MESSAGE][WARNING] - A browser is already opened. Closing browser and opening a new one

2023-08-30 10:43:55 - [MESSAGE][INFO] - Starting 'Chrome' driver

2023-08-30 10:43:55 - [MESSAGE][INFO] - Action delay is set to 0 milliseconds

2023-08-30 10:43:57 - [MESSAGE][PASSED] - Browser is opened with url: ''

2023-08-30 10:43:57 - [TEST_STEP][PASSED] - maximizeWindow(): Current window maximized

2023-08-30 10:43:58 - [MESSAGE][PASSED] - Current window maximized

2023-08-30 10:43:58 - [TEST_STEP][PASSED] - navigateToUrl("https://www.maybank2u.com.my/home/m2u/common/login.do"): Navigate to 'https://www.maybank2u.com.my/home/m2u/common/login.do' successfully

2023-08-30 10:44:05 - [MESSAGE][PASSED] - Navigate to 'https://www.maybank2u.com.my/home/m2u/common/login.do' successfully

2023-08-30 10:44:05 - [TEST_STEP][PASSED] - getPageHeight(): Current page's height is 3213

2023-08-30 10:44:05 - [MESSAGE][PASSED] - Current page's height is 3213

2023-08-30 10:44:05 - [TEST_STEP][PASSED] - getPageWidth(): Current page's width is 1440

2023-08-30 10:44:05 - [MESSAGE][PASSED] - Current page's width is 1440

2023-08-30 10:44:05 - [TEST_STEP][PASSED] - setText(findTestObject("Object Repository/Web Login/Page_Maybank2u  Maybank Malaysia/input_Humanising Financial Services_username"), findTestData("DevOps").getValue(1, 1)): Text 'mosajgohar1' is set on object 'Object Repository/Web Login/Page_Maybank2u  Maybank Malaysia/input_Humanising Financial Services_username'

2023-08-30 10:44:13 - [MESSAGE][PASSED] - Text 'mosajgohar1' is set on object 'Object Repository/Web Login/Page_Maybank2u  Maybank Malaysia/input_Humanising Financial Services_username'

2023-08-30 10:44:13 - [TEST_STEP][PASSED] - click(findTestObject("Object Repository/Web Login/Page_Maybank2u  Maybank Malaysia/button_LOGIN")): Object: 'Object Repository/Web Login/Page_Maybank2u  Maybank Malaysia/button_LOGIN' is clicked on

2023-08-30 10:44:14 - [MESSAGE][PASSED] - Object: 'Object Repository/Web Login/Page_Maybank2u  Maybank Malaysia/button_LOGIN' is clicked on

2023-08-30 10:44:14 - [TEST_STEP][PASSED] - click(findTestObject("Object Repository/Web Login/Page_Maybank2u  Maybank Malaysia/button_YES")): Object: 'Object Repository/Web Login/Page_Maybank2u  Maybank Malaysia/button_YES' is clicked on

2023-08-30 10:44:15 - [MESSAGE][PASSED] - Object: 'Object Repository/Web Login/Page_Maybank2u  Maybank Malaysia/button_YES' is clicked on

2023-08-30 10:44:15 - [TEST_STEP][PASSED] - setText(findTestObject("Object Repository/Web Login/Page_Maybank2u  Maybank Malaysia/input_Hello_my-password-input"), "Mayesha@19"): Text 'Mayesha@19' is set on object 'Object Repository/Web Login/Page_Maybank2u  Maybank Malaysia/input_Hello_my-password-input'

2023-08-30 10:44:16 - [MESSAGE][PASSED] - Text 'Mayesha@19' is set on object 'Object Repository/Web Login/Page_Maybank2u  Maybank Malaysia/input_Hello_my-password-input'

2023-08-30 10:44:16 - [TEST_STEP][PASSED] - delay(5): Delayed 5 second(s)

2023-08-30 10:44:21 - [MESSAGE][PASSED] - Delayed 5 second(s)

2023-08-30 10:44:21 - [TEST_STEP][PASSED] - click(findTestObject("Object Repository/Web Login/Page_Maybank2u  Maybank Malaysia/span_LOGIN")): Object: 'Object Repository/Web Login/Page_Maybank2u  Maybank Malaysia/span_LOGIN' is clicked on

2023-08-30 10:44:22 - [MESSAGE][PASSED] - Object: 'Object Repository/Web Login/Page_Maybank2u  Maybank Malaysia/span_LOGIN' is clicked on

2023-08-30 10:44:22 - [TEST_STEP][PASSED] - delay(4): Delayed 4 second(s)

2023-08-30 10:44:26 - [MESSAGE][PASSED] - Delayed 4 second(s)

2023-08-30 10:44:26 - [TEST_STEP][PASSED] - takeScreenshot(): Taking screenshot successfully

2023-08-30 10:44:27 - [MESSAGE][PASSED] - Taking screenshot successfully
[[ATTACHMENT|/Users/mosaj/Documents/GitHub/MAE-M2U-TestCloud/Reports/20230830_103631/board/transfer - negativeTest/20230830_103652/1693363466908.png]]

2023-08-30 10:44:27 - [TEST_STEP][PASSED] - click(findTestObject("Object Repository/Web Login/Page_Maybank2u  Maybank Malaysia/a_MY ACCOUNTS")): Object: 'Object Repository/Web Login/Page_Maybank2u  Maybank Malaysia/a_MY ACCOUNTS' is clicked on

2023-08-30 10:44:28 - [MESSAGE][PASSED] - Object: 'Object Repository/Web Login/Page_Maybank2u  Maybank Malaysia/a_MY ACCOUNTS' is clicked on

2023-08-30 10:44:28 - [TEST_STEP][PASSED] - delay(2): Delayed 2 second(s)

2023-08-30 10:44:30 - [MESSAGE][PASSED] - Delayed 2 second(s)

2023-08-30 10:44:30 - [TEST_STEP][PASSED] - click(findTestObject("Object Repository/Web Login/Page_Maybank2u  Maybank Malaysia/a_PAY  TRANSFER")): Object: 'Object Repository/Web Login/Page_Maybank2u  Maybank Malaysia/a_PAY  TRANSFER' is clicked on

2023-08-30 10:44:31 - [MESSAGE][PASSED] - Object: 'Object Repository/Web Login/Page_Maybank2u  Maybank Malaysia/a_PAY  TRANSFER' is clicked on

2023-08-30 10:44:31 - [TEST_STEP][PASSED] - delay(2): Delayed 2 second(s)

2023-08-30 10:44:33 - [MESSAGE][PASSED] - Delayed 2 second(s)

2023-08-30 10:44:33 - [TEST_STEP][PASSED] - click(findTestObject("Object Repository/Web Login/Page_Maybank2u  Maybank Malaysia/span_x")): Object: 'Object Repository/Web Login/Page_Maybank2u  Maybank Malaysia/span_x' is clicked on

2023-08-30 10:44:33 - [MESSAGE][PASSED] - Object: 'Object Repository/Web Login/Page_Maybank2u  Maybank Malaysia/span_x' is clicked on

2023-08-30 10:44:33 - [TEST_STEP][PASSED] - click(findTestObject("Object Repository/Web Login/Page_Maybank2u  Maybank Malaysia/div_TRANSFER")): Object: 'Object Repository/Web Login/Page_Maybank2u  Maybank Malaysia/div_TRANSFER' is clicked on

2023-08-30 10:44:34 - [MESSAGE][PASSED] - Object: 'Object Repository/Web Login/Page_Maybank2u  Maybank Malaysia/div_TRANSFER' is clicked on

2023-08-30 10:44:34 - [TEST_STEP][PASSED] - delay(2): Delayed 2 second(s)

2023-08-30 10:44:36 - [MESSAGE][PASSED] - Delayed 2 second(s)

2023-08-30 10:44:36 - [TEST_STEP][PASSED] - click(findTestObject("Object Repository/Web Login/Page_Maybank2u  Maybank Malaysia/div_Own Accounts")): Object: 'Object Repository/Web Login/Page_Maybank2u  Maybank Malaysia/div_Own Accounts' is clicked on

2023-08-30 10:44:36 - [MESSAGE][PASSED] - Object: 'Object Repository/Web Login/Page_Maybank2u  Maybank Malaysia/div_Own Accounts' is clicked on

2023-08-30 10:44:36 - [TEST_STEP][PASSED] - delay(2): Delayed 2 second(s)

2023-08-30 10:44:38 - [MESSAGE][PASSED] - Delayed 2 second(s)

2023-08-30 10:44:38 - [TEST_STEP][PASSED] - click(findTestObject("Object Repository/Web Login/Page_Maybank2u  Maybank Malaysia/span_Other Accounts ( Maybank and other banks )")): Object: 'Object Repository/Web Login/Page_Maybank2u  Maybank Malaysia/span_Other Accounts ( Maybank and other banks )' is clicked on

2023-08-30 10:44:39 - [MESSAGE][PASSED] - Object: 'Object Repository/Web Login/Page_Maybank2u  Maybank Malaysia/span_Other Accounts ( Maybank and other banks )' is clicked on

2023-08-30 10:44:39 - [TEST_STEP][PASSED] - click(findTestObject("Object Repository/Web Login/Page_Maybank2u  Maybank Malaysia/input_ASNB Accounts_PayFromToContainer---pa_1bae3d")): Object: 'Object Repository/Web Login/Page_Maybank2u  Maybank Malaysia/input_ASNB Accounts_PayFromToContainer---pa_1bae3d' is clicked on

2023-08-30 10:44:40 - [MESSAGE][PASSED] - Object: 'Object Repository/Web Login/Page_Maybank2u  Maybank Malaysia/input_ASNB Accounts_PayFromToContainer---pa_1bae3d' is clicked on

2023-08-30 10:44:40 - [TEST_STEP][PASSED] - click(findTestObject("Object Repository/Web Login/Page_Maybank2u  Maybank Malaysia/div_Maybank  Maybank Islamic")): Object: 'Object Repository/Web Login/Page_Maybank2u  Maybank Malaysia/div_Maybank  Maybank Islamic' is clicked on

2023-08-30 10:44:41 - [MESSAGE][PASSED] - Object: 'Object Repository/Web Login/Page_Maybank2u  Maybank Malaysia/div_Maybank  Maybank Islamic' is clicked on

2023-08-30 10:44:41 - [TEST_STEP][NOT_RUN] - closeBrowser(): NOT_RUN: closeBrowser()

2023-08-30 10:44:41 - [MESSAGE][NOT_RUN] - NOT_RUN: closeBrowser()]]></system-out>
         <system-err><![CDATA[]]></system-err>
      </testcase>
      <system-out><![CDATA[2023-08-30 10:43:48 - [TEST_SUITE][PASSED] - transfer - negativeTest: Test Cases/Web Login/transfer - negativeTest]]></system-out>
      <system-err><![CDATA[]]></system-err>
   </testsuite>
</testsuites>
