<?xml version="1.0" encoding="UTF-8"?>
<testsuites name="login only" time="148.044" tests="1" failures="0" errors="0">
   <testsuite name="login only" tests="1" failures="0" errors="0" time="148.044" skipped="0" timestamp="2023-08-30 11:01:32" hostname="mosaj - 192.168.1.183" id="Test Suites/board/login only">
      <properties>
         <property name="deviceName" value=""/>
         <property name="devicePlatform" value=""/>
         <property name="logFolder" value="/Users/mosaj/Documents/GitHub/MAE-M2U-TestCloud/Reports/20230830_110055/board/login only/20230830_110101"/>
         <property name="logFiles" value="/Users/mosaj/Documents/GitHub/MAE-M2U-TestCloud/Reports/20230830_110055/board/login only/20230830_110101/execution0.log"/>
         <property name="attachments" value=""/>
         <property name="hostName" value="mosaj - 192.168.1.183"/>
         <property name="os" value="Mac OS X 64bit"/>
         <property name="katalonVersion" value="8.6.6.208"/>
         <property name="browser" value="Chrome 116.0.0.0"/>
         <property name="hostAddress" value="10.154.6.164"/>
         <property name="sessionId" value="c850adaa1604bca263410e798d4e4ee6"/>
         <property name="seleniumVersion" value="3.141.59"/>
         <property name="proxyInformation" value="ProxyInformation { proxyOption=NO_PROXY, proxyServerType=HTTP, username=, password=********, proxyServerAddress=, proxyServerPort=0, executionList=&quot;&quot;, isApplyToDesiredCapabilities=true }"/>
         <property name="platform" value="Mac OS X"/>
      </properties>
      <testcase name="Test Cases/Web Login/m2u home page" time="146.598" classname="Test Cases/Web Login/m2u home page" status="PASSED">
         <system-out><![CDATA[2023-08-30 11:01:34 - [TEST_CASE][PASSED] - Test Cases/Web Login/m2u home page: Test Cases/Web Login/m2u home page

2023-08-30 11:01:36 - [TEST_STEP][PASSED] - openBrowser(""): Browser is opened with url: ''

2023-08-30 11:01:37 - [MESSAGE][INFO] - Starting 'Chrome' driver

2023-08-30 11:01:38 - [MESSAGE][INFO] - Action delay is set to 0 milliseconds

2023-08-30 11:01:47 - [MESSAGE][PASSED] - Browser is opened with url: ''

2023-08-30 11:01:47 - [TEST_STEP][PASSED] - maximizeWindow(): Current window maximized

2023-08-30 11:01:48 - [MESSAGE][PASSED] - Current window maximized

2023-08-30 11:01:48 - [TEST_STEP][PASSED] - navigateToUrl("https://www.maybank2u.com.my/home/m2u/common/login.do"): Navigate to 'https://www.maybank2u.com.my/home/m2u/common/login.do' successfully

2023-08-30 11:02:59 - [MESSAGE][PASSED] - Navigate to 'https://www.maybank2u.com.my/home/m2u/common/login.do' successfully

2023-08-30 11:02:59 - [TEST_STEP][PASSED] - setText(findTestObject("Object Repository/Web Login/Page_Maybank2u  Maybank Malaysia/input_Humanising Financial Services_username"), findTestData("DevOps").getValue(1, 2)): Text 'mosajgohar2' is set on object 'Object Repository/Web Login/Page_Maybank2u  Maybank Malaysia/input_Humanising Financial Services_username'

2023-08-30 11:03:15 - [MESSAGE][PASSED] - Text 'mosajgohar2' is set on object 'Object Repository/Web Login/Page_Maybank2u  Maybank Malaysia/input_Humanising Financial Services_username'

2023-08-30 11:03:15 - [TEST_STEP][PASSED] - delay(10): Delayed 10 second(s)

2023-08-30 11:03:26 - [MESSAGE][PASSED] - Delayed 10 second(s)

2023-08-30 11:03:26 - [TEST_STEP][PASSED] - click(findTestObject("Object Repository/Web Login/Page_Maybank2u  Maybank Malaysia/button_LOGIN")): Object: 'Object Repository/Web Login/Page_Maybank2u  Maybank Malaysia/button_LOGIN' is clicked on

2023-08-30 11:03:29 - [MESSAGE][PASSED] - Object: 'Object Repository/Web Login/Page_Maybank2u  Maybank Malaysia/button_LOGIN' is clicked on

2023-08-30 11:03:29 - [TEST_STEP][PASSED] - delay(10): Delayed 10 second(s)

2023-08-30 11:03:39 - [MESSAGE][PASSED] - Delayed 10 second(s)

2023-08-30 11:03:39 - [TEST_STEP][PASSED] - click(findTestObject("Object Repository/Web Login/Page_Maybank2u  Maybank Malaysia/button_YES")): Object: 'Object Repository/Web Login/Page_Maybank2u  Maybank Malaysia/button_YES' is clicked on

2023-08-30 11:03:42 - [MESSAGE][PASSED] - Object: 'Object Repository/Web Login/Page_Maybank2u  Maybank Malaysia/button_YES' is clicked on

2023-08-30 11:03:42 - [TEST_STEP][PASSED] - delay(10): Delayed 10 second(s)

2023-08-30 11:03:52 - [MESSAGE][PASSED] - Delayed 10 second(s)

2023-08-30 11:03:52 - [TEST_STEP][PASSED] - setText(findTestObject("Object Repository/Web Login/Page_Maybank2u  Maybank Malaysia/input_Hello_my-password-input"), "Mayesha@19"): Text 'Mayesha@19' is set on object 'Object Repository/Web Login/Page_Maybank2u  Maybank Malaysia/input_Hello_my-password-input'

2023-08-30 11:03:55 - [MESSAGE][PASSED] - Text 'Mayesha@19' is set on object 'Object Repository/Web Login/Page_Maybank2u  Maybank Malaysia/input_Hello_my-password-input'

2023-08-30 11:03:55 - [TEST_STEP][PASSED] - delay(5): Delayed 5 second(s)

2023-08-30 11:04:00 - [MESSAGE][PASSED] - Delayed 5 second(s)

2023-08-30 11:04:00 - [TEST_STEP][NOT_RUN] - closeBrowser(): NOT_RUN: closeBrowser()

2023-08-30 11:04:00 - [MESSAGE][NOT_RUN] - NOT_RUN: closeBrowser()]]></system-out>
         <system-err><![CDATA[]]></system-err>
      </testcase>
      <system-out><![CDATA[2023-08-30 11:01:32 - [TEST_SUITE][PASSED] - login only: Test Cases/Web Login/m2u home page]]></system-out>
      <system-err><![CDATA[]]></system-err>
   </testsuite>
</testsuites>
